2023-02-25 06:00:08	INFO	::casa	
2023-02-25 06:00:29	INFO	::casa	Python version 3.8.16
2023-02-25 06:00:29	INFO	::casa	CASA Version PIPELINE 6.5.3.28
2023-02-25 06:00:29	INFO	::casa	Can't import casatelemetry module.
2023-02-25 06:00:59	INFO	msmetadata_cmpt.cc::open	Performing internal consistency checks on /DATA/CARINA_3/kel334/19A-056/19A-056.sb37262953.eb37267948.58744.511782789355/19A-056.sb37262953.eb37267948.58744.511782789355.ms...
2023-02-25 06:01:04	INFO	flagmanager::::casa	##########################################
2023-02-25 06:01:04	INFO	flagmanager::::casa	##### Begin Task: flagmanager        #####
2023-02-25 06:01:04	INFO	flagmanager::::casa	flagmanager( vis='/DATA/CARINA_3/kel334/19A-056/19A-056.sb37262953.eb37267948.58744.511782789355/19A-056.sb37262953.eb37267948.58744.511782789355_hanning.ms', mode='restore', versionname='original', oldname='', comment='', merge='replace' )
2023-02-25 06:01:04	INFO	flagmanager::AgentFlagger::open	Table type is Measurement Set
2023-02-25 06:01:04	INFO	flagmanager::::casa	Restore flagversions original
2023-02-25 06:01:24	INFO	flagmanager::::casa	Task flagmanager complete. Start time: 2023-02-25 17:01:03.657628 End time: 2023-02-25 17:01:24.496164
2023-02-25 06:01:24	INFO	flagmanager::::casa	##### End Task: flagmanager          #####
2023-02-25 06:01:24	INFO	flagmanager::::casa	##########################################
2023-02-25 06:01:24	INFO	flagmanager::::casa	##########################################
2023-02-25 06:01:24	INFO	flagmanager::::casa	##### Begin Task: flagmanager        #####
2023-02-25 06:01:24	INFO	flagmanager::::casa	flagmanager( vis='/DATA/CARINA_3/kel334/19A-056/19A-056.sb37262953.eb37267948.58744.511782789355/19A-056.sb37262953.eb37267948.58744.511782789355_hanning.ms', mode='restore', versionname='after_detflags', oldname='', comment='', merge='replace' )
2023-02-25 06:01:25	INFO	flagmanager::AgentFlagger::open	Table type is Measurement Set
2023-02-25 06:01:25	INFO	flagmanager::::casa	Restore flagversions after_detflags
2023-02-25 06:01:51	INFO	flagmanager::::casa	Task flagmanager complete. Start time: 2023-02-25 17:01:24.498860 End time: 2023-02-25 17:01:50.879573
2023-02-25 06:01:51	INFO	flagmanager::::casa	##### End Task: flagmanager          #####
2023-02-25 06:01:51	INFO	flagmanager::::casa	##########################################
