2023-02-25 09:51:48	INFO	::casa	
2023-02-25 09:51:48	INFO	::casa	Python version 3.8.16
2023-02-25 09:51:48	INFO	::casa	CASA Version PIPELINE 6.5.3.28
2023-02-25 09:51:48	INFO	::casa	Can't import casatelemetry module.
2023-02-25 09:51:50	INFO	msmetadata_cmpt.cc::open	Performing internal consistency checks on /DATA/CARINA_3/kel334/19A-056/19A-056.sb37262953.eb37267948.58744.511782789355/19A-056.sb37262953.eb37267948.58744.511782789355.ms...
2023-02-25 09:51:51	INFO	flagmanager::::casa	##########################################
2023-02-25 09:51:51	INFO	flagmanager::::casa	##### Begin Task: flagmanager        #####
2023-02-25 09:51:51	INFO	flagmanager::::casa	flagmanager( vis='/DATA/CARINA_3/kel334/19A-056/19A-056.sb37262953.eb37267948.58744.511782789355/19A-056.sb37262953.eb37267948.58744.511782789355_hanning.ms', mode='restore', versionname='after_phasecal_round_1_flags', oldname='', comment='', merge='replace' )
2023-02-25 09:51:51	INFO	flagmanager::AgentFlagger::open	Table type is Measurement Set
2023-02-25 09:51:51	INFO	flagmanager::::casa	Restore flagversions after_phasecal_round_1_flags
2023-02-25 09:52:11	INFO	flagmanager::::casa	Task flagmanager complete. Start time: 2023-02-25 20:51:50.532443 End time: 2023-02-25 20:52:11.284895
2023-02-25 09:52:11	INFO	flagmanager::::casa	##### End Task: flagmanager          #####
2023-02-25 09:52:11	INFO	flagmanager::::casa	##########################################
2023-02-25 09:52:11	INFO	msmetadata_cmpt.cc::open	Performing internal consistency checks on /DATA/CARINA_3/kel334/19A-056/19A-056.sb37262953.eb37267948.58744.511782789355/19A-056.sb37262953.eb37267948.58744.511782789355_hanning.ms...
2023-02-25 09:52:11	INFO	flagmanager::::casa	##########################################
2023-02-25 09:52:11	INFO	flagmanager::::casa	##### Begin Task: flagmanager        #####
2023-02-25 09:52:11	INFO	flagmanager::::casa	flagmanager( vis='/DATA/CARINA_3/kel334/19A-056/19A-056.sb37262953.eb37267948.58744.511782789355/19A-056.sb37262953.eb37267948.58744.511782789355_hanning.ms', mode='delete', versionname='before_initcal_round_2_flags', oldname='', comment='', merge='replace' )
2023-02-25 09:52:11	INFO	flagmanager::AgentFlagger::open	Table type is Measurement Set
2023-02-25 09:52:11	WARN	flagmanager::::	Deleting version: before_initcal_round_2_flags
2023-02-25 09:52:11	INFO	flagmanager::::casa	Task flagmanager complete. Start time: 2023-02-25 20:52:11.452193 End time: 2023-02-25 20:52:11.471433
2023-02-25 09:52:11	INFO	flagmanager::::casa	##### End Task: flagmanager          #####
2023-02-25 09:52:11	INFO	flagmanager::::casa	##########################################
2023-02-25 09:52:11	INFO	flagmanager::::casa	##########################################
2023-02-25 09:52:11	INFO	flagmanager::::casa	##### Begin Task: flagmanager        #####
2023-02-25 09:52:11	INFO	flagmanager::::casa	flagmanager( vis='/DATA/CARINA_3/kel334/19A-056/19A-056.sb37262953.eb37267948.58744.511782789355/19A-056.sb37262953.eb37267948.58744.511782789355_hanning.ms', mode='save', versionname='before_initcal_round_2_flags', oldname='', comment='', merge='replace' )
2023-02-25 09:52:11	INFO	flagmanager::AgentFlagger::open	Table type is Measurement Set
2023-02-25 09:52:11	INFO	flagmanager::::casa	Save current flagversions to before_initcal_round_2_flags
2023-02-25 09:52:11	INFO	FlagVersion::saveFlagVersion	Creating new backup flag file called before_initcal_round_2_flags
2023-02-25 09:52:17	INFO	flagmanager::::casa	Task flagmanager complete. Start time: 2023-02-25 20:52:11.471967 End time: 2023-02-25 20:52:16.568224
2023-02-25 09:52:17	INFO	flagmanager::::casa	##### End Task: flagmanager          #####
2023-02-25 09:52:17	INFO	flagmanager::::casa	##########################################
2023-02-25 09:52:17	INFO	flagdata::::casa	##########################################
2023-02-25 09:52:17	INFO	flagdata::::casa	##### Begin Task: flagdata           #####
2023-02-25 09:52:17	INFO	flagdata::::casa	flagdata( vis='/DATA/CARINA_3/kel334/19A-056/19A-056.sb37262953.eb37267948.58744.511782789355/19A-056.sb37262953.eb37267948.58744.511782789355_hanning.ms', mode='summary', autocorr=False, inpfile='', reason='any', tbuff=0.0, spw='', field='J0542+4951', antenna='', uvrange='', timerange='', correlation='', scan='', intent='', array='', observation='', feed='', clipminmax=[], datacolumn='DATA', clipoutside=True, channelavg=False, chanbin=1, timeavg=False, timebin='0s', clipzeros=False, quackinterval=1.0, quackmode='beg', quackincrement=False, tolerance=0.0, addantenna='', lowerlimit=0.0, upperlimit=90.0, ntime='scan', combinescans=False, timecutoff=4.0, freqcutoff=3.0, timefit='line', freqfit='poly', maxnpieces=7, flagdimension='freqtime', usewindowstats='none', halfwin=1, extendflags=True, winsize=3, timedev='', freqdev='', timedevscale=5.0, freqdevscale=5.0, spectralmax=1000000.0, spectralmin=0.0, antint_ref_antenna='', minchanfrac=0.6, verbose=False, extendpols=True, growtime=50.0, growfreq=50.0, growaround=False, flagneartime=False, flagnearfreq=False, minrel=0.0, maxrel=1.0, minabs=0, maxabs=-1, spwchan=False, spwcorr=False, basecnt=False, fieldcnt=False, name='before_initcal_round_2_flagging', action='apply', display='', flagbackup=True, savepars=False, cmdreason='', outfile='', overwrite=True, writeflags=True )
2023-02-25 09:52:17	INFO	AgentFlagger::open	Table type is Measurement Set
2023-02-25 09:52:17	INFO	flagdata::::casa	Summary mode is active
2023-02-25 09:52:17	INFO	flagdata::::casa	Initializing the agents
2023-02-25 09:52:17	INFO	AgentFlagger::initAgents	There are initially 1 agents in the list. Agents: summary
2023-02-25 09:52:17	INFO	Summary::setAgentParameters 	 display is: 
2023-02-25 09:52:17	INFO	AgentFlagger::initAgents	There are 1 valid agents in the list. Agents: summary
2023-02-25 09:52:17	INFO	flagdata::::casa	Running the agentflagger tool
2023-02-25 09:52:17	INFO	FlagMSHandler::	Chunk = 1 [progress: 0%], Observation = 0, Array = 0, Scan = 1, Field = 0 (J0542+4951), Spw = 0, Channels = 64, Corrs = [ RR RL LR LL ], Total Rows = 9828
2023-02-25 09:52:20	INFO	FlagMSHandler::	Chunk = 16 [progress: 10%], Observation = 0, Array = 0, Scan = 1, Field = 0 (J0542+4951), Spw = 15, Channels = 64, Corrs = [ RR RL LR LL ], Total Rows = 9828
2023-02-25 09:52:21	INFO	FlagMSHandler::	Chunk = 18 [progress: 21%], Observation = 0, Array = 0, Scan = 2, Field = 0 (J0542+4951), Spw = 1, Channels = 64, Corrs = [ RR RL LR LL ], Total Rows = 83538
2023-02-25 09:52:22	INFO	FlagMSHandler::	Chunk = 20 [progress: 32%], Observation = 0, Array = 0, Scan = 2, Field = 0 (J0542+4951), Spw = 3, Channels = 64, Corrs = [ RR RL LR LL ], Total Rows = 83538
2023-02-25 09:52:23	INFO	FlagMSHandler::	Chunk = 22 [progress: 44%], Observation = 0, Array = 0, Scan = 2, Field = 0 (J0542+4951), Spw = 5, Channels = 64, Corrs = [ RR RL LR LL ], Total Rows = 83538
2023-02-25 09:52:24	INFO	FlagMSHandler::	Chunk = 24 [progress: 55%], Observation = 0, Array = 0, Scan = 2, Field = 0 (J0542+4951), Spw = 7, Channels = 64, Corrs = [ RR RL LR LL ], Total Rows = 83538
2023-02-25 09:52:25	INFO	FlagMSHandler::	Chunk = 25 [progress: 60%], Observation = 0, Array = 0, Scan = 2, Field = 0 (J0542+4951), Spw = 8, Channels = 64, Corrs = [ RR RL LR LL ], Total Rows = 83538
2023-02-25 09:52:26	INFO	FlagMSHandler::	Chunk = 27 [progress: 72%], Observation = 0, Array = 0, Scan = 2, Field = 0 (J0542+4951), Spw = 10, Channels = 64, Corrs = [ RR RL LR LL ], Total Rows = 83538
2023-02-25 09:52:27	INFO	FlagMSHandler::	Chunk = 29 [progress: 83%], Observation = 0, Array = 0, Scan = 2, Field = 0 (J0542+4951), Spw = 12, Channels = 64, Corrs = [ RR RL LR LL ], Total Rows = 83538
2023-02-25 09:52:28	INFO	FlagMSHandler::	Chunk = 31 [progress: 94%], Observation = 0, Array = 0, Scan = 2, Field = 0 (J0542+4951), Spw = 14, Channels = 64, Corrs = [ RR RL LR LL ], Total Rows = 83538
2023-02-25 09:52:29	INFO	FlagMSHandler::	Chunk = 32 [progress: 100%], Observation = 0, Array = 0, Scan = 2, Field = 0 (J0542+4951), Spw = 15, Channels = 64, Corrs = [ RR RL LR LL ], Total Rows = 83538
2023-02-25 09:52:29	INFO	FlagMSHandler::nextChunk 	==================================================================================== 
2023-02-25 09:52:29	INFO	Summary::getResult 	 observation 0 flagged: 2.52052e+08 total: 3.82427e+08 (65.9%)
2023-02-25 09:52:29	INFO	Summary::getResult 	 spw 14 flagged: 9.41025e+06 total: 2.39017e+07 (39.4%)
2023-02-25 09:52:29	INFO	Summary::getResult 	 spw 15 flagged: 9.14391e+06 total: 2.39017e+07 (38.3%)
2023-02-25 09:52:29	INFO	Summary::getResult 	 spw 13 flagged: 9.16488e+06 total: 2.39017e+07 (38.3%)
2023-02-25 09:52:29	INFO	Summary::getResult 	 spw 10 flagged: 1.01465e+07 total: 2.39017e+07 (42.5%)
2023-02-25 09:52:29	INFO	Summary::getResult 	 spw 3 flagged: 2.39017e+07 total: 2.39017e+07 (100%)
2023-02-25 09:52:29	INFO	Summary::getResult 	 spw 5 flagged: 9.91234e+06 total: 2.39017e+07 (41.5%)
2023-02-25 09:52:29	INFO	Summary::getResult 	 spw 2 flagged: 2.39017e+07 total: 2.39017e+07 (100%)
2023-02-25 09:52:29	INFO	Summary::getResult 	 spw 4 flagged: 2.39017e+07 total: 2.39017e+07 (100%)
2023-02-25 09:52:29	INFO	Summary::getResult 	 spw 6 flagged: 9.24708e+06 total: 2.39017e+07 (38.7%)
2023-02-25 09:52:29	INFO	Summary::getResult 	 spw 7 flagged: 9.20921e+06 total: 2.39017e+07 (38.5%)
2023-02-25 09:52:29	INFO	Summary::getResult 	 spw 8 flagged: 2.39017e+07 total: 2.39017e+07 (100%)
2023-02-25 09:52:29	INFO	Summary::getResult 	 spw 0 flagged: 2.39017e+07 total: 2.39017e+07 (100%)
2023-02-25 09:52:29	INFO	Summary::getResult 	 spw 1 flagged: 2.39017e+07 total: 2.39017e+07 (100%)
2023-02-25 09:52:29	INFO	Summary::getResult 	 spw 9 flagged: 2.39017e+07 total: 2.39017e+07 (100%)
2023-02-25 09:52:29	INFO	Summary::getResult 	 spw 11 flagged: 9.30924e+06 total: 2.39017e+07 (38.9%)
2023-02-25 09:52:29	INFO	Summary::getResult 	 spw 12 flagged: 9.19692e+06 total: 2.39017e+07 (38.5%)
2023-02-25 09:52:29	INFO	Summary::getResult 	 field J0542+4951 flagged: 2.52052e+08 total: 3.82427e+08 (65.9%)
2023-02-25 09:52:29	INFO	Summary::getResult 	 array 0 flagged: 2.52052e+08 total: 3.82427e+08 (65.9%)
2023-02-25 09:52:29	INFO	Summary::getResult 	 scan 2 flagged: 2.11797e+08 total: 3.42172e+08 (61.9%)
2023-02-25 09:52:29	INFO	Summary::getResult 	 scan 1 flagged: 4.02555e+07 total: 4.02555e+07 (100%)
2023-02-25 09:52:29	INFO	Summary::getResult 	 antenna ea28 flagged: 1.79683e+07 total: 2.83279e+07 (63.4%)
2023-02-25 09:52:29	INFO	Summary::getResult 	 antenna ea27 flagged: 2.83279e+07 total: 2.83279e+07 (100%)
2023-02-25 09:52:29	INFO	Summary::getResult 	 antenna ea24 flagged: 1.79112e+07 total: 2.83279e+07 (63.2%)
2023-02-25 09:52:29	INFO	Summary::getResult 	 antenna ea22 flagged: 1.7872e+07 total: 2.83279e+07 (63.1%)
2023-02-25 09:52:29	INFO	Summary::getResult 	 antenna ea18 flagged: 1.79638e+07 total: 2.83279e+07 (63.4%)
2023-02-25 09:52:29	INFO	Summary::getResult 	 antenna ea25 flagged: 2.83279e+07 total: 2.83279e+07 (100%)
2023-02-25 09:52:29	INFO	Summary::getResult 	 antenna ea17 flagged: 1.79193e+07 total: 2.83279e+07 (63.3%)
2023-02-25 09:52:29	INFO	Summary::getResult 	 antenna ea23 flagged: 1.79457e+07 total: 2.83279e+07 (63.3%)
2023-02-25 09:52:29	INFO	Summary::getResult 	 antenna ea16 flagged: 1.7832e+07 total: 2.83279e+07 (62.9%)
2023-02-25 09:52:29	INFO	Summary::getResult 	 antenna ea15 flagged: 1.78835e+07 total: 2.83279e+07 (63.1%)
2023-02-25 09:52:29	INFO	Summary::getResult 	 antenna ea01 flagged: 1.78337e+07 total: 2.83279e+07 (63%)
2023-02-25 09:52:29	INFO	Summary::getResult 	 antenna ea03 flagged: 1.77761e+07 total: 2.83279e+07 (62.8%)
2023-02-25 09:52:29	INFO	Summary::getResult 	 antenna ea20 flagged: 1.79165e+07 total: 2.83279e+07 (63.2%)
2023-02-25 09:52:29	INFO	Summary::getResult 	 antenna ea04 flagged: 1.78429e+07 total: 2.83279e+07 (63%)
2023-02-25 09:52:29	INFO	Summary::getResult 	 antenna ea10 flagged: 1.80128e+07 total: 2.83279e+07 (63.6%)
2023-02-25 09:52:29	INFO	Summary::getResult 	 antenna ea05 flagged: 1.79542e+07 total: 2.83279e+07 (63.4%)
2023-02-25 09:52:29	INFO	Summary::getResult 	 antenna ea19 flagged: 1.79467e+07 total: 2.83279e+07 (63.4%)
2023-02-25 09:52:29	INFO	Summary::getResult 	 antenna ea02 flagged: 1.78904e+07 total: 2.83279e+07 (63.2%)
2023-02-25 09:52:29	INFO	Summary::getResult 	 antenna ea11 flagged: 1.79399e+07 total: 2.83279e+07 (63.3%)
2023-02-25 09:52:29	INFO	Summary::getResult 	 antenna ea26 flagged: 1.77782e+07 total: 2.83279e+07 (62.8%)
2023-02-25 09:52:29	INFO	Summary::getResult 	 antenna ea06 flagged: 1.78419e+07 total: 2.83279e+07 (63%)
2023-02-25 09:52:29	INFO	Summary::getResult 	 antenna ea14 flagged: 1.78339e+07 total: 2.83279e+07 (63%)
2023-02-25 09:52:29	INFO	Summary::getResult 	 antenna ea07 flagged: 1.78969e+07 total: 2.83279e+07 (63.2%)
2023-02-25 09:52:29	INFO	Summary::getResult 	 antenna ea12 flagged: 1.80452e+07 total: 2.83279e+07 (63.7%)
2023-02-25 09:52:29	INFO	Summary::getResult 	 antenna ea08 flagged: 1.79103e+07 total: 2.83279e+07 (63.2%)
2023-02-25 09:52:29	INFO	Summary::getResult 	 antenna ea13 flagged: 1.78173e+07 total: 2.83279e+07 (62.9%)
2023-02-25 09:52:29	INFO	Summary::getResult 	 antenna ea09 flagged: 1.79158e+07 total: 2.83279e+07 (63.2%)
2023-02-25 09:52:29	INFO	Summary::getResult 	 correlation LL flagged: 6.3013e+07 total: 9.56068e+07 (65.9%)
2023-02-25 09:52:29	INFO	Summary::getResult 	 correlation LR flagged: 6.3013e+07 total: 9.56068e+07 (65.9%)
2023-02-25 09:52:29	INFO	Summary::getResult 	 correlation RL flagged: 6.3013e+07 total: 9.56068e+07 (65.9%)
2023-02-25 09:52:29	INFO	Summary::getResult 	 correlation RR flagged: 6.3013e+07 total: 9.56068e+07 (65.9%)
2023-02-25 09:52:29	INFO	Summary::getResult 	 Total Flagged: 2.52052e+08 Total Counts: 3.82427e+08 (65.9%)
2023-02-25 09:52:29	INFO	flagdata::::casa	Flags are not written to the MS. (action='calculate')
2023-02-25 09:52:29	INFO	flagdata::::casa	Task flagdata complete. Start time: 2023-02-25 20:52:16.636698 End time: 2023-02-25 20:52:29.103710
2023-02-25 09:52:29	INFO	flagdata::::casa	##### End Task: flagdata             #####
2023-02-25 09:52:29	INFO	flagdata::::casa	##########################################
2023-02-25 09:52:29	INFO	applycal::::casa	##########################################
2023-02-25 09:52:29	INFO	applycal::::casa	##### Begin Task: applycal           #####
2023-02-25 09:52:29	INFO	applycal::::casa	applycal( vis='/DATA/CARINA_3/kel334/19A-056/19A-056.sb37262953.eb37267948.58744.511782789355/19A-056.sb37262953.eb37267948.58744.511782789355_hanning.ms', field='', spw='', intent='', selectdata=True, timerange='', uvrange='', antenna='', scan='', observation='', msselect='', docallib=False, callib='', gaintable=['/DATA/CARINA_3/kel334/19A-056/19A-056.sb37262953.eb37267948.58744.511782789355/caltables/19A-056.opac', '/DATA/CARINA_3/kel334/19A-056/19A-056.sb37262953.eb37267948.58744.511782789355/caltables/19A-056.rq', '/DATA/CARINA_3/kel334/19A-056/19A-056.sb37262953.eb37267948.58744.511782789355/caltables/19A-056.antpos', '/DATA/CARINA_3/kel334/19A-056/19A-056.sb37262953.eb37267948.58744.511782789355/caltables/19A-056.K2', '/DATA/CARINA_3/kel334/19A-056/19A-056.sb37262953.eb37267948.58744.511782789355/caltables/19A-056.ap.G2', '/DATA/CARINA_3/kel334/19A-056/19A-056.sb37262953.eb37267948.58744.511782789355/caltables/19A-056.B2'], gainfield=[], interp=['', '', '', '', '', 'nearest,nearestflag'], spwmap=[], calwt=[False], parang=True, applymode='calflagstrict', flagbackup=False )
2023-02-25 09:52:29	INFO	applycal::calibrater::open	****Using NEW VI2-driven calibrater tool****
2023-02-25 09:52:29	INFO	applycal::calibrater::open	Opening MS: /DATA/CARINA_3/kel334/19A-056/19A-056.sb37262953.eb37267948.58744.511782789355/19A-056.sb37262953.eb37267948.58744.511782789355_hanning.ms for calibration.
2023-02-25 09:52:29	INFO	applycal::Calibrater::	Initializing nominal selection to the whole MS.
2023-02-25 09:52:29	INFO	applycal::calibrater::setdata	Beginning selectvis--(MSSelection version)-------
2023-02-25 09:52:29	INFO	applycal::calibrater::reset	Reseting solve/apply state
2023-02-25 09:52:29	INFO	applycal::Calibrater::selectvis	Performing selection on MeasurementSet
2023-02-25 09:52:29	INFO	applycal::Calibrater::selectvis	Selection did not drop any rows
2023-02-25 09:52:29	INFO	applycal::Calibrater::selectvis	Frequency selection: Selecting all channels in all spws.
2023-02-25 09:52:29	INFO	applycal::calibrater::setdata	chanmode=none nchan=1 start=0 step=1 mStart='0km/s' mStep='0km/s' msSelect=''
2023-02-25 09:52:29	INFO	applycal::calibrater::setapply	Beginning setapply--(MSSelection version)-------
2023-02-25 09:52:29	INFO	applycal::Calibrater::setapply(type, applypar)	Arranging to APPLY:
2023-02-25 09:52:29	INFO	applycal::Calibrater::setapply(type, applypar)	.   TOpac: table=/DATA/CARINA_3/kel334/19A-056/19A-056.sb37262953.eb37267948.58744.511782789355/caltables/19A-056.opac select= interp=linear spwmap=[-1] calWt=false
2023-02-25 09:52:29	INFO	applycal::calibrater::setapply	Beginning setapply--(MSSelection version)-------
2023-02-25 09:52:29	INFO	applycal::Calibrater::setapply(type, applypar)	Arranging to APPLY:
2023-02-25 09:52:36	INFO	applycal::Calibrater::setapply(type, applypar)	.   G EVLASWPOW: table=/DATA/CARINA_3/kel334/19A-056/19A-056.sb37262953.eb37267948.58744.511782789355/caltables/19A-056.rq select= interp=linear spwmap=[-1] calWt=false
2023-02-25 09:52:36	INFO	applycal::calibrater::setapply	Beginning setapply--(MSSelection version)-------
2023-02-25 09:52:36	INFO	applycal::Calibrater::setapply(type, applypar)	Arranging to APPLY:
2023-02-25 09:52:36	INFO	applycal::::	 (KAntPos Jones: Overriding with spwmap=[0] since KAntPos Jones is not spw-dependent)
2023-02-25 09:52:36	INFO	applycal::::	No VLATrDelCorr keyword in the antpos caltable; turning trop delay correction OFF.
2023-02-25 09:52:36	INFO	applycal::Calibrater::setapply(type, applypar)	.   KAntPos Jones: table=/DATA/CARINA_3/kel334/19A-056/19A-056.sb37262953.eb37267948.58744.511782789355/caltables/19A-056.antpos select= interp=linear spwmap=[0] calWt=false
2023-02-25 09:52:36	INFO	applycal::calibrater::setapply	Beginning setapply--(MSSelection version)-------
2023-02-25 09:52:36	INFO	applycal::Calibrater::setapply(type, applypar)	Arranging to APPLY:
2023-02-25 09:52:37	INFO	applycal::Calibrater::setapply(type, applypar)	.   K Jones: table=/DATA/CARINA_3/kel334/19A-056/19A-056.sb37262953.eb37267948.58744.511782789355/caltables/19A-056.K2 select= interp=linear spwmap=[-1] calWt=false
2023-02-25 09:52:37	INFO	applycal::calibrater::setapply	Beginning setapply--(MSSelection version)-------
2023-02-25 09:52:37	INFO	applycal::Calibrater::setapply(type, applypar)	Arranging to APPLY:
2023-02-25 09:52:38	INFO	applycal::Calibrater::setapply(type, applypar)	.   G Jones: table=/DATA/CARINA_3/kel334/19A-056/19A-056.sb37262953.eb37267948.58744.511782789355/caltables/19A-056.ap.G2 select= interp=linear spwmap=[-1] calWt=false
2023-02-25 09:52:38	INFO	applycal::calibrater::setapply	Beginning setapply--(MSSelection version)-------
2023-02-25 09:52:38	INFO	applycal::Calibrater::setapply(type, applypar)	Arranging to APPLY:
2023-02-25 09:52:38	INFO	applycal::Calibrater::setapply(type, applypar)	.   B Jones: table=/DATA/CARINA_3/kel334/19A-056/19A-056.sb37262953.eb37267948.58744.511782789355/caltables/19A-056.B2 select= interp=nearest,nearestflag spwmap=[-1] calWt=false
2023-02-25 09:52:38	INFO	applycal::calibrater::setapply	Beginning setapply--(MSSelection version)-------
2023-02-25 09:52:38	INFO	applycal::Calibrater::setapply(type, applypar)	Arranging to APPLY:
2023-02-25 09:52:38	INFO	applycal::Calibrater::setapply(type, applypar)	.   P Jones <pre-computed>
2023-02-25 09:52:38	INFO	applycal::calibrater::correct	Beginning correct---------------------------
2023-02-25 09:52:38	INFO	applycal::Calibrater::correct2 (VI2/VB2)	The following calibration terms are arranged for apply:
2023-02-25 09:52:38	INFO	applycal::Calibrater::correct2 (VI2/VB2)	.   KAntPos Jones: table=/DATA/CARINA_3/kel334/19A-056/19A-056.sb37262953.eb37267948.58744.511782789355/caltables/19A-056.antpos select= interp=linear spwmap=[0] calWt=false
2023-02-25 09:52:38	INFO	applycal::Calibrater::correct2 (VI2/VB2)	.   B Jones: table=/DATA/CARINA_3/kel334/19A-056/19A-056.sb37262953.eb37267948.58744.511782789355/caltables/19A-056.B2 select= interp=nearest,nearestflag spwmap=[-1] calWt=false
2023-02-25 09:52:38	INFO	applycal::Calibrater::correct2 (VI2/VB2)	.   K Jones: table=/DATA/CARINA_3/kel334/19A-056/19A-056.sb37262953.eb37267948.58744.511782789355/caltables/19A-056.K2 select= interp=linear spwmap=[-1] calWt=false
2023-02-25 09:52:38	INFO	applycal::Calibrater::correct2 (VI2/VB2)	.   G EVLASWPOW: table=/DATA/CARINA_3/kel334/19A-056/19A-056.sb37262953.eb37267948.58744.511782789355/caltables/19A-056.rq select= interp=linear spwmap=[-1] calWt=false
2023-02-25 09:52:38	INFO	applycal::Calibrater::correct2 (VI2/VB2)	.   G Jones: table=/DATA/CARINA_3/kel334/19A-056/19A-056.sb37262953.eb37267948.58744.511782789355/caltables/19A-056.ap.G2 select= interp=linear spwmap=[-1] calWt=false
2023-02-25 09:52:38	INFO	applycal::Calibrater::correct2 (VI2/VB2)	.   P Jones <pre-computed>
2023-02-25 09:52:38	INFO	applycal::Calibrater::correct2 (VI2/VB2)	.   TOpac: table=/DATA/CARINA_3/kel334/19A-056/19A-056.sb37262953.eb37267948.58744.511782789355/caltables/19A-056.opac select= interp=linear spwmap=[-1] calWt=false
2023-02-25 09:54:29	WARN	applycal::Calibrater::correct2 (VI2/VB2)	Spectral window(s) 0, 1, 2, 3, 4, 8, 9, 
2023-02-25 09:54:29	WARN	applycal::Calibrater::correct2 (VI2/VB2)+	  could not be corrected due to missing (pre-)calibration
2023-02-25 09:54:29	WARN	applycal::Calibrater::correct2 (VI2/VB2)+	    in one or more of the specified tables.
2023-02-25 09:54:29	WARN	applycal::Calibrater::correct2 (VI2/VB2)+	    These spws have been flagged!
2023-02-25 09:54:29	INFO	applycal::calibrater::correct	Finished correcting.
2023-02-25 09:54:29	INFO	applycal::::casa	Calibration apply flagging statistics (among calibrateable spws):
2023-02-25 09:54:29	INFO	applycal::::casa	  Total visibilities selected for correction (ncorr x nchan x nrow summed over spws) = 880678656
2023-02-25 09:54:29	INFO	applycal::::casa	  Flags:
2023-02-25 09:54:29	INFO	applycal::::casa	   KAntPos Jones: In: 302209041 / 880678656   (34.31547238496944%) --> Out: 302209041 / 880678656   (34.31547238496944%) (/DATA/CARINA_3/kel334/19A-056/19A-056.sb37262953.eb37267948.58744.511782789355/caltables/19A-056.antpos)
2023-02-25 09:54:29	INFO	applycal::::casa	   B Jones: In: 302209041 / 880678656   (34.31547238496944%) --> Out: 880651952 / 880678656   (99.99696779298351%) (/DATA/CARINA_3/kel334/19A-056/19A-056.sb37262953.eb37267948.58744.511782789355/caltables/19A-056.B2)
2023-02-25 09:54:29	INFO	applycal::::casa	   K Jones: In: 880651952 / 880678656   (99.99696779298351%) --> Out: 880651952 / 880678656   (99.99696779298351%) (/DATA/CARINA_3/kel334/19A-056/19A-056.sb37262953.eb37267948.58744.511782789355/caltables/19A-056.K2)
2023-02-25 09:54:29	INFO	applycal::::casa	   G EVLASWPOW: In: 880651952 / 880678656   (99.99696779298351%) --> Out: 880651952 / 880678656   (99.99696779298351%) (/DATA/CARINA_3/kel334/19A-056/19A-056.sb37262953.eb37267948.58744.511782789355/caltables/19A-056.rq)
2023-02-25 09:54:29	INFO	applycal::::casa	   G Jones: In: 880651952 / 880678656   (99.99696779298351%) --> Out: 880651964 / 880678656   (99.99696915556905%) (/DATA/CARINA_3/kel334/19A-056/19A-056.sb37262953.eb37267948.58744.511782789355/caltables/19A-056.ap.G2)
2023-02-25 09:54:29	INFO	applycal::::casa	   P Jones: In: 880651964 / 880678656   (99.99696915556905%) --> Out: 880651964 / 880678656   (99.99696915556905%)
2023-02-25 09:54:29	INFO	applycal::::casa	   TOpac: In: 880651964 / 880678656   (99.99696915556905%) --> Out: 880651964 / 880678656   (99.99696915556905%) (/DATA/CARINA_3/kel334/19A-056/19A-056.sb37262953.eb37267948.58744.511782789355/caltables/19A-056.opac)
2023-02-25 09:54:34	INFO	applycal::::casa	Task applycal complete. Start time: 2023-02-25 20:52:29.115000 End time: 2023-02-25 20:54:33.644257
2023-02-25 09:54:34	INFO	applycal::::casa	##### End Task: applycal             #####
2023-02-25 09:54:34	INFO	applycal::::casa	##########################################
2023-02-25 09:54:34	INFO	flagmanager::::casa	##########################################
2023-02-25 09:54:34	INFO	flagmanager::::casa	##### Begin Task: flagmanager        #####
2023-02-25 09:54:34	INFO	flagmanager::::casa	flagmanager( vis='/DATA/CARINA_3/kel334/19A-056/19A-056.sb37262953.eb37267948.58744.511782789355/19A-056.sb37262953.eb37267948.58744.511782789355_hanning.ms', mode='delete', versionname='after_initcal_round_2_flags', oldname='', comment='', merge='replace' )
2023-02-25 09:54:34	INFO	flagmanager::AgentFlagger::open	Table type is Measurement Set
2023-02-25 09:54:34	WARN	flagmanager::FlagVersion::saveFlagVersion	Deleting version: after_initcal_round_2_flags
2023-02-25 09:54:34	INFO	flagmanager::::casa	Task flagmanager complete. Start time: 2023-02-25 20:54:33.645614 End time: 2023-02-25 20:54:33.764991
2023-02-25 09:54:34	INFO	flagmanager::::casa	##### End Task: flagmanager          #####
2023-02-25 09:54:34	INFO	flagmanager::::casa	##########################################
2023-02-25 09:54:34	INFO	flagmanager::::casa	##########################################
2023-02-25 09:54:34	INFO	flagmanager::::casa	##### Begin Task: flagmanager        #####
2023-02-25 09:54:34	INFO	flagmanager::::casa	flagmanager( vis='/DATA/CARINA_3/kel334/19A-056/19A-056.sb37262953.eb37267948.58744.511782789355/19A-056.sb37262953.eb37267948.58744.511782789355_hanning.ms', mode='save', versionname='after_initcal_round_2_flags', oldname='', comment='', merge='replace' )
2023-02-25 09:54:34	INFO	flagmanager::AgentFlagger::open	Table type is Measurement Set
2023-02-25 09:54:34	INFO	flagmanager::::casa	Save current flagversions to after_initcal_round_2_flags
2023-02-25 09:54:34	INFO	FlagVersion::saveFlagVersion	Creating new backup flag file called after_initcal_round_2_flags
2023-02-25 09:54:41	INFO	flagmanager::::casa	Task flagmanager complete. Start time: 2023-02-25 20:54:33.765712 End time: 2023-02-25 20:54:41.473375
2023-02-25 09:54:41	INFO	flagmanager::::casa	##### End Task: flagmanager          #####
2023-02-25 09:54:41	INFO	flagmanager::::casa	##########################################
2023-02-25 09:54:41	INFO	flagdata::::casa	##########################################
2023-02-25 09:54:41	INFO	flagdata::::casa	##### Begin Task: flagdata           #####
2023-02-25 09:54:41	INFO	flagdata::::casa	flagdata( vis='/DATA/CARINA_3/kel334/19A-056/19A-056.sb37262953.eb37267948.58744.511782789355/19A-056.sb37262953.eb37267948.58744.511782789355_hanning.ms', mode='summary', autocorr=False, inpfile='', reason='any', tbuff=0.0, spw='', field='J0542+4951', antenna='', uvrange='', timerange='', correlation='', scan='', intent='', array='', observation='', feed='', clipminmax=[], datacolumn='DATA', clipoutside=True, channelavg=False, chanbin=1, timeavg=False, timebin='0s', clipzeros=False, quackinterval=1.0, quackmode='beg', quackincrement=False, tolerance=0.0, addantenna='', lowerlimit=0.0, upperlimit=90.0, ntime='scan', combinescans=False, timecutoff=4.0, freqcutoff=3.0, timefit='line', freqfit='poly', maxnpieces=7, flagdimension='freqtime', usewindowstats='none', halfwin=1, extendflags=True, winsize=3, timedev='', freqdev='', timedevscale=5.0, freqdevscale=5.0, spectralmax=1000000.0, spectralmin=0.0, antint_ref_antenna='', minchanfrac=0.6, verbose=False, extendpols=True, growtime=50.0, growfreq=50.0, growaround=False, flagneartime=False, flagnearfreq=False, minrel=0.0, maxrel=1.0, minabs=0, maxabs=-1, spwchan=False, spwcorr=False, basecnt=False, fieldcnt=False, name='after_initcal_round_2_flagging', action='apply', display='', flagbackup=True, savepars=False, cmdreason='', outfile='', overwrite=True, writeflags=True )
2023-02-25 09:54:41	INFO	AgentFlagger::open	Table type is Measurement Set
2023-02-25 09:54:42	INFO	flagdata::::casa	Summary mode is active
2023-02-25 09:54:42	INFO	flagdata::::casa	Initializing the agents
2023-02-25 09:54:42	INFO	AgentFlagger::initAgents	There are initially 1 agents in the list. Agents: summary
2023-02-25 09:54:42	INFO	Summary::setAgentParameters 	 display is: 
2023-02-25 09:54:42	INFO	AgentFlagger::initAgents	There are 1 valid agents in the list. Agents: summary
2023-02-25 09:54:42	INFO	flagdata::::casa	Running the agentflagger tool
2023-02-25 09:54:42	INFO	FlagMSHandler::	Chunk = 1 [progress: 0%], Observation = 0, Array = 0, Scan = 1, Field = 0 (J0542+4951), Spw = 0, Channels = 64, Corrs = [ RR RL LR LL ], Total Rows = 9828
2023-02-25 09:54:45	INFO	FlagMSHandler::	Chunk = 16 [progress: 10%], Observation = 0, Array = 0, Scan = 1, Field = 0 (J0542+4951), Spw = 15, Channels = 64, Corrs = [ RR RL LR LL ], Total Rows = 9828
2023-02-25 09:54:46	INFO	FlagMSHandler::	Chunk = 18 [progress: 21%], Observation = 0, Array = 0, Scan = 2, Field = 0 (J0542+4951), Spw = 1, Channels = 64, Corrs = [ RR RL LR LL ], Total Rows = 83538
2023-02-25 09:54:47	INFO	FlagMSHandler::	Chunk = 20 [progress: 32%], Observation = 0, Array = 0, Scan = 2, Field = 0 (J0542+4951), Spw = 3, Channels = 64, Corrs = [ RR RL LR LL ], Total Rows = 83538
2023-02-25 09:54:48	INFO	FlagMSHandler::	Chunk = 22 [progress: 44%], Observation = 0, Array = 0, Scan = 2, Field = 0 (J0542+4951), Spw = 5, Channels = 64, Corrs = [ RR RL LR LL ], Total Rows = 83538
2023-02-25 09:54:49	INFO	FlagMSHandler::	Chunk = 24 [progress: 55%], Observation = 0, Array = 0, Scan = 2, Field = 0 (J0542+4951), Spw = 7, Channels = 64, Corrs = [ RR RL LR LL ], Total Rows = 83538
2023-02-25 09:54:50	INFO	FlagMSHandler::	Chunk = 25 [progress: 60%], Observation = 0, Array = 0, Scan = 2, Field = 0 (J0542+4951), Spw = 8, Channels = 64, Corrs = [ RR RL LR LL ], Total Rows = 83538
2023-02-25 09:54:51	INFO	FlagMSHandler::	Chunk = 27 [progress: 72%], Observation = 0, Array = 0, Scan = 2, Field = 0 (J0542+4951), Spw = 10, Channels = 64, Corrs = [ RR RL LR LL ], Total Rows = 83538
2023-02-25 09:54:52	INFO	FlagMSHandler::	Chunk = 29 [progress: 83%], Observation = 0, Array = 0, Scan = 2, Field = 0 (J0542+4951), Spw = 12, Channels = 64, Corrs = [ RR RL LR LL ], Total Rows = 83538
2023-02-25 09:54:53	INFO	FlagMSHandler::	Chunk = 31 [progress: 94%], Observation = 0, Array = 0, Scan = 2, Field = 0 (J0542+4951), Spw = 14, Channels = 64, Corrs = [ RR RL LR LL ], Total Rows = 83538
2023-02-25 09:54:54	INFO	FlagMSHandler::	Chunk = 32 [progress: 100%], Observation = 0, Array = 0, Scan = 2, Field = 0 (J0542+4951), Spw = 15, Channels = 64, Corrs = [ RR RL LR LL ], Total Rows = 83538
2023-02-25 09:54:54	INFO	FlagMSHandler::nextChunk 	==================================================================================== 
2023-02-25 09:54:54	INFO	Summary::getResult 	 observation 0 flagged: 3.82421e+08 total: 3.82427e+08 (100%)
2023-02-25 09:54:54	INFO	Summary::getResult 	 spw 14 flagged: 2.39017e+07 total: 2.39017e+07 (100%)
2023-02-25 09:54:54	INFO	Summary::getResult 	 spw 15 flagged: 2.38958e+07 total: 2.39017e+07 (100%)
2023-02-25 09:54:54	INFO	Summary::getResult 	 spw 13 flagged: 2.39017e+07 total: 2.39017e+07 (100%)
2023-02-25 09:54:54	INFO	Summary::getResult 	 spw 10 flagged: 2.39017e+07 total: 2.39017e+07 (100%)
2023-02-25 09:54:54	INFO	Summary::getResult 	 spw 3 flagged: 2.39017e+07 total: 2.39017e+07 (100%)
2023-02-25 09:54:54	INFO	Summary::getResult 	 spw 5 flagged: 2.39017e+07 total: 2.39017e+07 (100%)
2023-02-25 09:54:54	INFO	Summary::getResult 	 spw 2 flagged: 2.39017e+07 total: 2.39017e+07 (100%)
2023-02-25 09:54:54	INFO	Summary::getResult 	 spw 4 flagged: 2.39017e+07 total: 2.39017e+07 (100%)
2023-02-25 09:54:54	INFO	Summary::getResult 	 spw 6 flagged: 2.39017e+07 total: 2.39017e+07 (100%)
2023-02-25 09:54:54	INFO	Summary::getResult 	 spw 7 flagged: 2.39017e+07 total: 2.39017e+07 (100%)
2023-02-25 09:54:54	INFO	Summary::getResult 	 spw 8 flagged: 2.39017e+07 total: 2.39017e+07 (100%)
2023-02-25 09:54:54	INFO	Summary::getResult 	 spw 0 flagged: 2.39017e+07 total: 2.39017e+07 (100%)
2023-02-25 09:54:54	INFO	Summary::getResult 	 spw 1 flagged: 2.39017e+07 total: 2.39017e+07 (100%)
2023-02-25 09:54:54	INFO	Summary::getResult 	 spw 9 flagged: 2.39017e+07 total: 2.39017e+07 (100%)
2023-02-25 09:54:54	INFO	Summary::getResult 	 spw 11 flagged: 2.39017e+07 total: 2.39017e+07 (100%)
2023-02-25 09:54:54	INFO	Summary::getResult 	 spw 12 flagged: 2.39017e+07 total: 2.39017e+07 (100%)
2023-02-25 09:54:54	INFO	Summary::getResult 	 field J0542+4951 flagged: 3.82421e+08 total: 3.82427e+08 (100%)
2023-02-25 09:54:54	INFO	Summary::getResult 	 array 0 flagged: 3.82421e+08 total: 3.82427e+08 (100%)
2023-02-25 09:54:54	INFO	Summary::getResult 	 scan 2 flagged: 3.42166e+08 total: 3.42172e+08 (100%)
2023-02-25 09:54:54	INFO	Summary::getResult 	 scan 1 flagged: 4.02555e+07 total: 4.02555e+07 (100%)
2023-02-25 09:54:54	INFO	Summary::getResult 	 antenna ea28 flagged: 2.83279e+07 total: 2.83279e+07 (100%)
2023-02-25 09:54:54	INFO	Summary::getResult 	 antenna ea27 flagged: 2.83279e+07 total: 2.83279e+07 (100%)
2023-02-25 09:54:54	INFO	Summary::getResult 	 antenna ea24 flagged: 2.83279e+07 total: 2.83279e+07 (100%)
2023-02-25 09:54:54	INFO	Summary::getResult 	 antenna ea22 flagged: 2.83265e+07 total: 2.83279e+07 (100%)
2023-02-25 09:54:54	INFO	Summary::getResult 	 antenna ea18 flagged: 2.83279e+07 total: 2.83279e+07 (100%)
2023-02-25 09:54:54	INFO	Summary::getResult 	 antenna ea25 flagged: 2.83279e+07 total: 2.83279e+07 (100%)
2023-02-25 09:54:54	INFO	Summary::getResult 	 antenna ea17 flagged: 2.83279e+07 total: 2.83279e+07 (100%)
2023-02-25 09:54:54	INFO	Summary::getResult 	 antenna ea23 flagged: 2.83279e+07 total: 2.83279e+07 (100%)
2023-02-25 09:54:54	INFO	Summary::getResult 	 antenna ea16 flagged: 2.83279e+07 total: 2.83279e+07 (100%)
2023-02-25 09:54:54	INFO	Summary::getResult 	 antenna ea15 flagged: 2.83279e+07 total: 2.83279e+07 (100%)
2023-02-25 09:54:54	INFO	Summary::getResult 	 antenna ea01 flagged: 2.83266e+07 total: 2.83279e+07 (100%)
2023-02-25 09:54:54	INFO	Summary::getResult 	 antenna ea03 flagged: 2.83279e+07 total: 2.83279e+07 (100%)
2023-02-25 09:54:54	INFO	Summary::getResult 	 antenna ea20 flagged: 2.83279e+07 total: 2.83279e+07 (100%)
2023-02-25 09:54:54	INFO	Summary::getResult 	 antenna ea04 flagged: 2.83279e+07 total: 2.83279e+07 (100%)
2023-02-25 09:54:54	INFO	Summary::getResult 	 antenna ea10 flagged: 2.83279e+07 total: 2.83279e+07 (100%)
2023-02-25 09:54:54	INFO	Summary::getResult 	 antenna ea05 flagged: 2.83265e+07 total: 2.83279e+07 (100%)
2023-02-25 09:54:54	INFO	Summary::getResult 	 antenna ea19 flagged: 2.83279e+07 total: 2.83279e+07 (100%)
2023-02-25 09:54:54	INFO	Summary::getResult 	 antenna ea02 flagged: 2.83279e+07 total: 2.83279e+07 (100%)
2023-02-25 09:54:54	INFO	Summary::getResult 	 antenna ea11 flagged: 2.83279e+07 total: 2.83279e+07 (100%)
2023-02-25 09:54:54	INFO	Summary::getResult 	 antenna ea26 flagged: 2.83265e+07 total: 2.83279e+07 (100%)
2023-02-25 09:54:54	INFO	Summary::getResult 	 antenna ea06 flagged: 2.83263e+07 total: 2.83279e+07 (100%)
2023-02-25 09:54:54	INFO	Summary::getResult 	 antenna ea14 flagged: 2.83265e+07 total: 2.83279e+07 (100%)
2023-02-25 09:54:54	INFO	Summary::getResult 	 antenna ea07 flagged: 2.83263e+07 total: 2.83279e+07 (100%)
2023-02-25 09:54:54	INFO	Summary::getResult 	 antenna ea12 flagged: 2.83266e+07 total: 2.83279e+07 (100%)
2023-02-25 09:54:54	INFO	Summary::getResult 	 antenna ea08 flagged: 2.83279e+07 total: 2.83279e+07 (100%)
2023-02-25 09:54:54	INFO	Summary::getResult 	 antenna ea13 flagged: 2.83279e+07 total: 2.83279e+07 (100%)
2023-02-25 09:54:54	INFO	Summary::getResult 	 antenna ea09 flagged: 2.83279e+07 total: 2.83279e+07 (100%)
2023-02-25 09:54:54	INFO	Summary::getResult 	 correlation LL flagged: 9.56062e+07 total: 9.56068e+07 (100%)
2023-02-25 09:54:54	INFO	Summary::getResult 	 correlation LR flagged: 9.56048e+07 total: 9.56068e+07 (100%)
2023-02-25 09:54:54	INFO	Summary::getResult 	 correlation RL flagged: 9.56055e+07 total: 9.56068e+07 (100%)
2023-02-25 09:54:54	INFO	Summary::getResult 	 correlation RR flagged: 9.56047e+07 total: 9.56068e+07 (100%)
2023-02-25 09:54:54	INFO	Summary::getResult 	 Total Flagged: 3.82421e+08 Total Counts: 3.82427e+08 (100%)
2023-02-25 09:54:54	INFO	flagdata::::casa	Flags are not written to the MS. (action='calculate')
2023-02-25 09:54:54	INFO	flagdata::::casa	Task flagdata complete. Start time: 2023-02-25 20:54:41.492240 End time: 2023-02-25 20:54:54.198636
2023-02-25 09:54:54	INFO	flagdata::::casa	##### End Task: flagdata             #####
2023-02-25 09:54:54	INFO	flagdata::::casa	##########################################
2023-02-25 09:54:54	INFO	msmetadata_cmpt.cc::open	Performing internal consistency checks on /DATA/CARINA_3/kel334/19A-056/19A-056.sb37262953.eb37267948.58744.511782789355/19A-056.sb37262953.eb37267948.58744.511782789355_hanning.ms...
2023-02-25 09:54:54	INFO	msmetadata_cmpt.cc::open	Performing internal consistency checks on /DATA/CARINA_3/kel334/19A-056/19A-056.sb37262953.eb37267948.58744.511782789355/19A-056.sb37262953.eb37267948.58744.511782789355_hanning.ms...
2023-02-25 09:54:55	INFO	flagmanager::::casa	##########################################
2023-02-25 09:54:55	INFO	flagmanager::::casa	##### Begin Task: flagmanager        #####
2023-02-25 09:54:55	INFO	flagmanager::::casa	flagmanager( vis='/DATA/CARINA_3/kel334/19A-056/19A-056.sb37262953.eb37267948.58744.511782789355/19A-056.sb37262953.eb37267948.58744.511782789355_hanning.ms', mode='delete', versionname='before_finalcal_flags', oldname='', comment='', merge='replace' )
2023-02-25 09:54:55	INFO	flagmanager::AgentFlagger::open	Table type is Measurement Set
2023-02-25 09:54:55	WARN	flagmanager::FlagVersion::saveFlagVersion	Deleting version: before_finalcal_flags
2023-02-25 09:54:55	INFO	flagmanager::::casa	Task flagmanager complete. Start time: 2023-02-25 20:54:54.579523 End time: 2023-02-25 20:54:54.599927
2023-02-25 09:54:55	INFO	flagmanager::::casa	##### End Task: flagmanager          #####
2023-02-25 09:54:55	INFO	flagmanager::::casa	##########################################
2023-02-25 09:54:55	INFO	flagmanager::::casa	##########################################
2023-02-25 09:54:55	INFO	flagmanager::::casa	##### Begin Task: flagmanager        #####
2023-02-25 09:54:55	INFO	flagmanager::::casa	flagmanager( vis='/DATA/CARINA_3/kel334/19A-056/19A-056.sb37262953.eb37267948.58744.511782789355/19A-056.sb37262953.eb37267948.58744.511782789355_hanning.ms', mode='save', versionname='before_finalcal_flags', oldname='', comment='', merge='replace' )
2023-02-25 09:54:55	INFO	flagmanager::AgentFlagger::open	Table type is Measurement Set
2023-02-25 09:54:55	INFO	flagmanager::::casa	Save current flagversions to before_finalcal_flags
2023-02-25 09:54:55	INFO	FlagVersion::saveFlagVersion	Creating new backup flag file called before_finalcal_flags
2023-02-25 09:55:01	INFO	flagmanager::::casa	Task flagmanager complete. Start time: 2023-02-25 20:54:54.600412 End time: 2023-02-25 20:55:00.929610
2023-02-25 09:55:01	INFO	flagmanager::::casa	##### End Task: flagmanager          #####
2023-02-25 09:55:01	INFO	flagmanager::::casa	##########################################
2023-02-25 09:55:01	INFO	flagdata::::casa	##########################################
2023-02-25 09:55:01	INFO	flagdata::::casa	##### Begin Task: flagdata           #####
2023-02-25 09:55:01	INFO	flagdata::::casa	flagdata( vis='/DATA/CARINA_3/kel334/19A-056/19A-056.sb37262953.eb37267948.58744.511782789355/19A-056.sb37262953.eb37267948.58744.511782789355_hanning.ms', mode='summary', autocorr=False, inpfile='', reason='any', tbuff=0.0, spw='', field='J0542+4951,J1033+4116,J1130+3815', antenna='', uvrange='', timerange='', correlation='', scan='', intent='', array='', observation='', feed='', clipminmax=[], datacolumn='DATA', clipoutside=True, channelavg=False, chanbin=1, timeavg=False, timebin='0s', clipzeros=False, quackinterval=1.0, quackmode='beg', quackincrement=False, tolerance=0.0, addantenna='', lowerlimit=0.0, upperlimit=90.0, ntime='scan', combinescans=False, timecutoff=4.0, freqcutoff=3.0, timefit='line', freqfit='poly', maxnpieces=7, flagdimension='freqtime', usewindowstats='none', halfwin=1, extendflags=True, winsize=3, timedev='', freqdev='', timedevscale=5.0, freqdevscale=5.0, spectralmax=1000000.0, spectralmin=0.0, antint_ref_antenna='', minchanfrac=0.6, verbose=False, extendpols=True, growtime=50.0, growfreq=50.0, growaround=False, flagneartime=False, flagnearfreq=False, minrel=0.0, maxrel=1.0, minabs=0, maxabs=-1, spwchan=False, spwcorr=False, basecnt=False, fieldcnt=False, name='before_finalcal_flagging', action='apply', display='', flagbackup=True, savepars=False, cmdreason='', outfile='', overwrite=True, writeflags=True )
2023-02-25 09:55:01	INFO	AgentFlagger::open	Table type is Measurement Set
2023-02-25 09:55:01	INFO	flagdata::::casa	Summary mode is active
2023-02-25 09:55:02	INFO	flagdata::::casa	Initializing the agents
2023-02-25 09:55:02	INFO	AgentFlagger::initAgents	There are initially 1 agents in the list. Agents: summary
2023-02-25 09:55:02	INFO	Summary::setAgentParameters 	 display is: 
2023-02-25 09:55:02	INFO	AgentFlagger::initAgents	There are 1 valid agents in the list. Agents: summary
2023-02-25 09:55:02	INFO	flagdata::::casa	Running the agentflagger tool
2023-02-25 09:55:03	INFO	FlagMSHandler::	Chunk = 1 [progress: 0%], Observation = 0, Array = 0, Scan = 1, Field = 0 (J0542+4951), Spw = 0, Channels = 64, Corrs = [ RR RL LR LL ], Total Rows = 9828
2023-02-25 09:55:07	INFO	FlagMSHandler::	Chunk = 19 [progress: 12%], Observation = 0, Array = 0, Scan = 2, Field = 0 (J0542+4951), Spw = 2, Channels = 64, Corrs = [ RR RL LR LL ], Total Rows = 83538
2023-02-25 09:55:09	INFO	FlagMSHandler::	Chunk = 23 [progress: 22%], Observation = 0, Array = 0, Scan = 2, Field = 0 (J0542+4951), Spw = 6, Channels = 64, Corrs = [ RR RL LR LL ], Total Rows = 83538
2023-02-25 09:55:11	INFO	FlagMSHandler::	Chunk = 27 [progress: 32%], Observation = 0, Array = 0, Scan = 2, Field = 0 (J0542+4951), Spw = 10, Channels = 64, Corrs = [ RR RL LR LL ], Total Rows = 83538
2023-02-25 09:55:13	INFO	FlagMSHandler::	Chunk = 31 [progress: 42%], Observation = 0, Array = 0, Scan = 2, Field = 0 (J0542+4951), Spw = 14, Channels = 64, Corrs = [ RR RL LR LL ], Total Rows = 83538
2023-02-25 09:55:15	INFO	FlagMSHandler::	Chunk = 36 [progress: 50%], Observation = 0, Array = 0, Scan = 3, Field = 1 (J1033+4116), Spw = 3, Channels = 64, Corrs = [ RR RL LR LL ], Total Rows = 42471
2023-02-25 09:55:18	INFO	FlagMSHandler::	Chunk = 44 [progress: 60%], Observation = 0, Array = 0, Scan = 3, Field = 1 (J1033+4116), Spw = 11, Channels = 64, Corrs = [ RR RL LR LL ], Total Rows = 42471
2023-02-25 09:55:21	INFO	FlagMSHandler::	Chunk = 55 [progress: 70%], Observation = 0, Array = 0, Scan = 5, Field = 1 (J1033+4116), Spw = 6, Channels = 64, Corrs = [ RR RL LR LL ], Total Rows = 24219
2023-02-25 09:55:24	INFO	FlagMSHandler::	Chunk = 68 [progress: 80%], Observation = 0, Array = 0, Scan = 6, Field = 3 (J1130+3815), Spw = 3, Channels = 64, Corrs = [ RR RL LR LL ], Total Rows = 25272
2023-02-25 09:55:27	INFO	FlagMSHandler::	Chunk = 82 [progress: 90%], Observation = 0, Array = 0, Scan = 8, Field = 3 (J1130+3815), Spw = 1, Channels = 64, Corrs = [ RR RL LR LL ], Total Rows = 22464
2023-02-25 09:55:30	INFO	FlagMSHandler::	Chunk = 96 [progress: 100%], Observation = 0, Array = 0, Scan = 8, Field = 3 (J1130+3815), Spw = 15, Channels = 64, Corrs = [ RR RL LR LL ], Total Rows = 22464
2023-02-25 09:55:30	INFO	FlagMSHandler::nextChunk 	==================================================================================== 
2023-02-25 09:55:30	INFO	Summary::getResult 	 observation 0 flagged: 8.51103e+08 total: 8.51116e+08 (100%)
2023-02-25 09:55:30	INFO	Summary::getResult 	 spw 14 flagged: 5.31948e+07 total: 5.31948e+07 (100%)
2023-02-25 09:55:30	INFO	Summary::getResult 	 spw 15 flagged: 5.31822e+07 total: 5.31948e+07 (100%)
2023-02-25 09:55:30	INFO	Summary::getResult 	 spw 13 flagged: 5.31948e+07 total: 5.31948e+07 (100%)
2023-02-25 09:55:30	INFO	Summary::getResult 	 spw 10 flagged: 5.31948e+07 total: 5.31948e+07 (100%)
2023-02-25 09:55:30	INFO	Summary::getResult 	 spw 3 flagged: 5.31948e+07 total: 5.31948e+07 (100%)
2023-02-25 09:55:30	INFO	Summary::getResult 	 spw 5 flagged: 5.31948e+07 total: 5.31948e+07 (100%)
2023-02-25 09:55:30	INFO	Summary::getResult 	 spw 2 flagged: 5.31948e+07 total: 5.31948e+07 (100%)
2023-02-25 09:55:30	INFO	Summary::getResult 	 spw 4 flagged: 5.31948e+07 total: 5.31948e+07 (100%)
2023-02-25 09:55:30	INFO	Summary::getResult 	 spw 6 flagged: 5.31948e+07 total: 5.31948e+07 (100%)
2023-02-25 09:55:30	INFO	Summary::getResult 	 spw 7 flagged: 5.31948e+07 total: 5.31948e+07 (100%)
2023-02-25 09:55:30	INFO	Summary::getResult 	 spw 8 flagged: 5.31948e+07 total: 5.31948e+07 (100%)
2023-02-25 09:55:30	INFO	Summary::getResult 	 spw 0 flagged: 5.31948e+07 total: 5.31948e+07 (100%)
2023-02-25 09:55:30	INFO	Summary::getResult 	 spw 1 flagged: 5.31948e+07 total: 5.31948e+07 (100%)
2023-02-25 09:55:30	INFO	Summary::getResult 	 spw 9 flagged: 5.31948e+07 total: 5.31948e+07 (100%)
2023-02-25 09:55:30	INFO	Summary::getResult 	 spw 11 flagged: 5.31948e+07 total: 5.31948e+07 (100%)
2023-02-25 09:55:30	INFO	Summary::getResult 	 spw 12 flagged: 5.31948e+07 total: 5.31948e+07 (100%)
2023-02-25 09:55:30	INFO	Summary::getResult 	 field J1130+3815 flagged: 1.95523e+08 total: 1.95527e+08 (100%)
2023-02-25 09:55:30	INFO	Summary::getResult 	 field J1033+4116 flagged: 2.73159e+08 total: 2.73162e+08 (100%)
2023-02-25 09:55:30	INFO	Summary::getResult 	 field J0542+4951 flagged: 3.82421e+08 total: 3.82427e+08 (100%)
2023-02-25 09:55:30	INFO	Summary::getResult 	 array 0 flagged: 8.51103e+08 total: 8.51116e+08 (100%)
2023-02-25 09:55:30	INFO	Summary::getResult 	 scan 8 flagged: 9.20108e+07 total: 9.20125e+07 (100%)
2023-02-25 09:55:30	INFO	Summary::getResult 	 scan 6 flagged: 1.03513e+08 total: 1.03514e+08 (100%)
2023-02-25 09:55:30	INFO	Summary::getResult 	 scan 2 flagged: 3.42166e+08 total: 3.42172e+08 (100%)
2023-02-25 09:55:30	INFO	Summary::getResult 	 scan 5 flagged: 9.91992e+07 total: 9.9201e+07 (100%)
2023-02-25 09:55:30	INFO	Summary::getResult 	 scan 3 flagged: 1.7396e+08 total: 1.73961e+08 (100%)
2023-02-25 09:55:30	INFO	Summary::getResult 	 scan 1 flagged: 4.02555e+07 total: 4.02555e+07 (100%)
2023-02-25 09:55:30	INFO	Summary::getResult 	 antenna ea28 flagged: 6.30456e+07 total: 6.30456e+07 (100%)
2023-02-25 09:55:30	INFO	Summary::getResult 	 antenna ea27 flagged: 6.30456e+07 total: 6.30456e+07 (100%)
2023-02-25 09:55:30	INFO	Summary::getResult 	 antenna ea24 flagged: 6.30456e+07 total: 6.30456e+07 (100%)
2023-02-25 09:55:30	INFO	Summary::getResult 	 antenna ea22 flagged: 6.30425e+07 total: 6.30456e+07 (100%)
2023-02-25 09:55:30	INFO	Summary::getResult 	 antenna ea18 flagged: 6.30456e+07 total: 6.30456e+07 (100%)
2023-02-25 09:55:30	INFO	Summary::getResult 	 antenna ea25 flagged: 6.30456e+07 total: 6.30456e+07 (100%)
2023-02-25 09:55:30	INFO	Summary::getResult 	 antenna ea17 flagged: 6.30456e+07 total: 6.30456e+07 (100%)
2023-02-25 09:55:30	INFO	Summary::getResult 	 antenna ea23 flagged: 6.30456e+07 total: 6.30456e+07 (100%)
2023-02-25 09:55:30	INFO	Summary::getResult 	 antenna ea16 flagged: 6.30456e+07 total: 6.30456e+07 (100%)
2023-02-25 09:55:30	INFO	Summary::getResult 	 antenna ea15 flagged: 6.30456e+07 total: 6.30456e+07 (100%)
2023-02-25 09:55:30	INFO	Summary::getResult 	 antenna ea01 flagged: 6.30427e+07 total: 6.30456e+07 (100%)
2023-02-25 09:55:30	INFO	Summary::getResult 	 antenna ea03 flagged: 6.30456e+07 total: 6.30456e+07 (100%)
2023-02-25 09:55:30	INFO	Summary::getResult 	 antenna ea20 flagged: 6.30456e+07 total: 6.30456e+07 (100%)
2023-02-25 09:55:30	INFO	Summary::getResult 	 antenna ea04 flagged: 6.30456e+07 total: 6.30456e+07 (100%)
2023-02-25 09:55:30	INFO	Summary::getResult 	 antenna ea10 flagged: 6.30456e+07 total: 6.30456e+07 (100%)
2023-02-25 09:55:30	INFO	Summary::getResult 	 antenna ea05 flagged: 6.30426e+07 total: 6.30456e+07 (100%)
2023-02-25 09:55:30	INFO	Summary::getResult 	 antenna ea19 flagged: 6.30456e+07 total: 6.30456e+07 (100%)
2023-02-25 09:55:30	INFO	Summary::getResult 	 antenna ea02 flagged: 6.30456e+07 total: 6.30456e+07 (100%)
2023-02-25 09:55:30	INFO	Summary::getResult 	 antenna ea11 flagged: 6.30456e+07 total: 6.30456e+07 (100%)
2023-02-25 09:55:30	INFO	Summary::getResult 	 antenna ea26 flagged: 6.30426e+07 total: 6.30456e+07 (100%)
2023-02-25 09:55:30	INFO	Summary::getResult 	 antenna ea06 flagged: 6.30422e+07 total: 6.30456e+07 (100%)
2023-02-25 09:55:30	INFO	Summary::getResult 	 antenna ea14 flagged: 6.30426e+07 total: 6.30456e+07 (100%)
2023-02-25 09:55:30	INFO	Summary::getResult 	 antenna ea07 flagged: 6.30421e+07 total: 6.30456e+07 (100%)
2023-02-25 09:55:30	INFO	Summary::getResult 	 antenna ea12 flagged: 6.30426e+07 total: 6.30456e+07 (100%)
2023-02-25 09:55:30	INFO	Summary::getResult 	 antenna ea08 flagged: 6.30456e+07 total: 6.30456e+07 (100%)
2023-02-25 09:55:30	INFO	Summary::getResult 	 antenna ea13 flagged: 6.30456e+07 total: 6.30456e+07 (100%)
2023-02-25 09:55:30	INFO	Summary::getResult 	 antenna ea09 flagged: 6.30456e+07 total: 6.30456e+07 (100%)
2023-02-25 09:55:30	INFO	Summary::getResult 	 correlation LL flagged: 2.12778e+08 total: 2.12779e+08 (100%)
2023-02-25 09:55:30	INFO	Summary::getResult 	 correlation LR flagged: 2.12775e+08 total: 2.12779e+08 (100%)
2023-02-25 09:55:30	INFO	Summary::getResult 	 correlation RL flagged: 2.12776e+08 total: 2.12779e+08 (100%)
2023-02-25 09:55:30	INFO	Summary::getResult 	 correlation RR flagged: 2.12775e+08 total: 2.12779e+08 (100%)
2023-02-25 09:55:30	INFO	Summary::getResult 	 Total Flagged: 8.51103e+08 Total Counts: 8.51116e+08 (100%)
2023-02-25 09:55:30	INFO	flagdata::::casa	Flags are not written to the MS. (action='calculate')
2023-02-25 09:55:30	INFO	flagdata::::casa	Task flagdata complete. Start time: 2023-02-25 20:55:00.947126 End time: 2023-02-25 20:55:30.388504
2023-02-25 09:55:30	INFO	flagdata::::casa	##### End Task: flagdata             #####
2023-02-25 09:55:30	INFO	flagdata::::casa	##########################################
2023-02-25 09:55:30	INFO	gaincal::::casa	##########################################
2023-02-25 09:55:30	INFO	gaincal::::casa	##### Begin Task: gaincal            #####
2023-02-25 09:55:30	INFO	gaincal::::casa	gaincal( vis='/DATA/CARINA_3/kel334/19A-056/19A-056.sb37262953.eb37267948.58744.511782789355/19A-056.sb37262953.eb37267948.58744.511782789355_hanning.ms', caltable='/DATA/CARINA_3/kel334/19A-056/19A-056.sb37262953.eb37267948.58744.511782789355/caltables/19A-056_fluxcal_phase.Gfinal', field='J0542+4951', spw='5:32,6:32,7:32,10:15,11:32,12:32,13:32,14:15,15:48', intent='', selectdata=True, timerange='', uvrange='', antenna='', scan='', observation='', msselect='', solint='inf', combine='', preavg=-1.0, refant='ea19', refantmode='flex', minblperant=4, minsnr=1.0, solnorm=False, normtype='mean', gaintype='G', smodel=[], calmode='p', solmode='', rmsthresh=[], corrdepflags=False, append=False, splinetime=3600.0, npointaver=3, phasewrap=180.0, docallib=False, callib='', gaintable=['/DATA/CARINA_3/kel334/19A-056/19A-056.sb37262953.eb37267948.58744.511782789355/caltables/19A-056.opac', '/DATA/CARINA_3/kel334/19A-056/19A-056.sb37262953.eb37267948.58744.511782789355/caltables/19A-056.rq', '/DATA/CARINA_3/kel334/19A-056/19A-056.sb37262953.eb37267948.58744.511782789355/caltables/19A-056.antpos', '/DATA/CARINA_3/kel334/19A-056/19A-056.sb37262953.eb37267948.58744.511782789355/caltables/19A-056.K2', '/DATA/CARINA_3/kel334/19A-056/19A-056.sb37262953.eb37267948.58744.511782789355/caltables/19A-056.B2'], gainfield=[], interp=[], spwmap=[], parang=True )
2023-02-25 09:55:30	INFO	gaincal::calibrater::open	****Using NEW VI2-driven calibrater tool****
2023-02-25 09:55:30	INFO	gaincal::calibrater::open	Opening MS: /DATA/CARINA_3/kel334/19A-056/19A-056.sb37262953.eb37267948.58744.511782789355/19A-056.sb37262953.eb37267948.58744.511782789355_hanning.ms for calibration.
2023-02-25 09:55:30	INFO	gaincal::Calibrater::	Initializing nominal selection to the whole MS.
2023-02-25 09:55:30	INFO	gaincal::::casa	NB: gaincal automatically excludes auto-correlations.
2023-02-25 09:55:30	INFO	calibrater::setdata	Beginning selectvis--(MSSelection version)-------
2023-02-25 09:55:30	INFO	calibrater::reset	Reseting solve/apply state
2023-02-25 09:55:30	INFO	Calibrater::selectvis	Performing selection on MeasurementSet
2023-02-25 09:55:30	INFO	Calibrater::selectvis+	 Selecting on spw: '5:32,6:32,7:32,10:15,11:32,12:32,13:32,14:15,15:48'
2023-02-25 09:55:30	INFO	Calibrater::selectvis+	 Selecting on field: 'J0542+4951'
2023-02-25 09:55:30	INFO	Calibrater::selectvis+	 Selecting with TaQL: 'ANTENNA1!=ANTENNA2'
2023-02-25 09:55:31	INFO	Calibrater::selectvis	By selection 6115824 rows are reduced to 840294
2023-02-25 09:55:31	INFO	Calibrater::selectvis	Frequency selection: 
2023-02-25 09:55:31	INFO	Calibrater::selectvis	.  Spw 5:32~32 (1 channels, step by 1)
2023-02-25 09:55:31	INFO	Calibrater::selectvis+	.  Spw 6:32~32 (1 channels, step by 1)
2023-02-25 09:55:31	INFO	Calibrater::selectvis+	.  Spw 7:32~32 (1 channels, step by 1)
2023-02-25 09:55:31	INFO	Calibrater::selectvis+	.  Spw 10:15~15 (1 channels, step by 1)
2023-02-25 09:55:31	INFO	Calibrater::selectvis+	.  Spw 11:32~32 (1 channels, step by 1)
2023-02-25 09:55:31	INFO	Calibrater::selectvis+	.  Spw 12:32~32 (1 channels, step by 1)
2023-02-25 09:55:31	INFO	Calibrater::selectvis+	.  Spw 13:32~32 (1 channels, step by 1)
2023-02-25 09:55:31	INFO	Calibrater::selectvis+	.  Spw 14:15~15 (1 channels, step by 1)
2023-02-25 09:55:31	INFO	Calibrater::selectvis+	.  Spw 15:48~48 (1 channels, step by 1)
2023-02-25 09:55:31	INFO	calibrater::setdata	chanmode=none nchan=1 start=0 step=1 mStart='0km/s' mStep='0km/s' msSelect='ANTENNA1!=ANTENNA2'
2023-02-25 09:55:31	INFO	calibrater::setapply	Beginning setapply--(MSSelection version)-------
2023-02-25 09:55:31	INFO	Calibrater::setapply(type, applypar)	Arranging to APPLY:
2023-02-25 09:55:31	INFO	Calibrater::setapply(type, applypar)	.   TOpac: table=/DATA/CARINA_3/kel334/19A-056/19A-056.sb37262953.eb37267948.58744.511782789355/caltables/19A-056.opac select= interp=linear spwmap=[-1] calWt=true
2023-02-25 09:55:31	INFO	calibrater::setapply	Beginning setapply--(MSSelection version)-------
2023-02-25 09:55:31	INFO	Calibrater::setapply(type, applypar)	Arranging to APPLY:
2023-02-25 09:55:38	INFO	Calibrater::setapply(type, applypar)	.   G EVLASWPOW: table=/DATA/CARINA_3/kel334/19A-056/19A-056.sb37262953.eb37267948.58744.511782789355/caltables/19A-056.rq select= interp=linear spwmap=[-1] calWt=true
2023-02-25 09:55:38	INFO	calibrater::setapply	Beginning setapply--(MSSelection version)-------
2023-02-25 09:55:38	INFO	Calibrater::setapply(type, applypar)	Arranging to APPLY:
2023-02-25 09:55:38	INFO		 (KAntPos Jones: Overriding with spwmap=[0] since KAntPos Jones is not spw-dependent)
2023-02-25 09:55:38	INFO		 (KAntPos Jones: Enforcing calWt()=false for phase/delay-like terms)
2023-02-25 09:55:38	INFO		No VLATrDelCorr keyword in the antpos caltable; turning trop delay correction OFF.
2023-02-25 09:55:38	INFO	Calibrater::setapply(type, applypar)	.   KAntPos Jones: table=/DATA/CARINA_3/kel334/19A-056/19A-056.sb37262953.eb37267948.58744.511782789355/caltables/19A-056.antpos select= interp=linear spwmap=[0] calWt=false
2023-02-25 09:55:38	INFO	calibrater::setapply	Beginning setapply--(MSSelection version)-------
2023-02-25 09:55:38	INFO	Calibrater::setapply(type, applypar)	Arranging to APPLY:
2023-02-25 09:55:38	INFO		 (K Jones: Enforcing calWt()=false for phase/delay-like terms)
2023-02-25 09:55:38	INFO	Calibrater::setapply(type, applypar)	.   K Jones: table=/DATA/CARINA_3/kel334/19A-056/19A-056.sb37262953.eb37267948.58744.511782789355/caltables/19A-056.K2 select= interp=linear spwmap=[-1] calWt=false
2023-02-25 09:55:38	INFO	calibrater::setapply	Beginning setapply--(MSSelection version)-------
2023-02-25 09:55:38	INFO	Calibrater::setapply(type, applypar)	Arranging to APPLY:
2023-02-25 09:55:38	INFO	Calibrater::setapply(type, applypar)	.   B Jones: table=/DATA/CARINA_3/kel334/19A-056/19A-056.sb37262953.eb37267948.58744.511782789355/caltables/19A-056.B2 select= interp=linear,linear spwmap=[-1] calWt=true
2023-02-25 09:55:38	INFO	calibrater::setapply	Beginning setapply--(MSSelection version)-------
2023-02-25 09:55:38	INFO	Calibrater::setapply(type, applypar)	Arranging to APPLY:
2023-02-25 09:55:38	INFO	Calibrater::setapply(type, applypar)	.   P Jones <pre-computed>
2023-02-25 09:55:38	INFO	calibrater::setsolve	Beginning setsolve--(MSSelection version)-------
2023-02-25 09:55:38	INFO	Calibrater::setsolve	Arranging to SOLVE:
2023-02-25 09:55:38	INFO	Calibrater::setsolve	.   G Jones: table=/DATA/CARINA_3/kel334/19A-056/19A-056.sb37262953.eb37267948.58744.511782789355/caltables/19A-056_fluxcal_phase.Gfinal append=false solint=inf refantmode='flex' refant='ea19' minsnr=1 apmode=P solnorm=false
2023-02-25 09:55:38	INFO	calibrater::solve	Beginning solve-----------------------------
2023-02-25 09:55:38	INFO	Calibrater::solve	The following calibration terms are arranged for apply:
2023-02-25 09:55:38	INFO	Calibrater::solve	.   KAntPos Jones: table=/DATA/CARINA_3/kel334/19A-056/19A-056.sb37262953.eb37267948.58744.511782789355/caltables/19A-056.antpos select= interp=linear spwmap=[0] calWt=false
2023-02-25 09:55:38	INFO	Calibrater::solve	.   B Jones: table=/DATA/CARINA_3/kel334/19A-056/19A-056.sb37262953.eb37267948.58744.511782789355/caltables/19A-056.B2 select= interp=linear,linear spwmap=[-1] calWt=true
2023-02-25 09:55:38	INFO	Calibrater::solve	.   K Jones: table=/DATA/CARINA_3/kel334/19A-056/19A-056.sb37262953.eb37267948.58744.511782789355/caltables/19A-056.K2 select= interp=linear spwmap=[-1] calWt=false
2023-02-25 09:55:38	INFO	Calibrater::solve	.   G EVLASWPOW: table=/DATA/CARINA_3/kel334/19A-056/19A-056.sb37262953.eb37267948.58744.511782789355/caltables/19A-056.rq select= interp=linear spwmap=[-1] calWt=true
2023-02-25 09:55:38	INFO	Calibrater::solve	.   P Jones <pre-computed>
2023-02-25 09:55:38	INFO	Calibrater::solve	.   TOpac: table=/DATA/CARINA_3/kel334/19A-056/19A-056.sb37262953.eb37267948.58744.511782789355/caltables/19A-056.opac select= interp=linear spwmap=[-1] calWt=true
2023-02-25 09:55:38	INFO	Calibrater::solve	The following calibration term is arranged for solve:
2023-02-25 09:55:38	INFO	Calibrater::solve	.   G Jones: table=/DATA/CARINA_3/kel334/19A-056/19A-056.sb37262953.eb37267948.58744.511782789355/caltables/19A-056_fluxcal_phase.Gfinal append=false solint=inf refantmode='flex' refant='ea19' minsnr=1 apmode=P solnorm=false
2023-02-25 09:55:38	INFO	ChannelAverageTVI::parseConfiguration	Channel bin is [-1, -1, -1, -1, -1, -1, -1, -1, -1, -1, -1, -1, -1, -1, -1, -1]
2023-02-25 09:55:39	INFO	FreqMetaData::calcFreqMeta	Derived frequency meta-info for solutions:
2023-02-25 09:55:39	INFO	FreqMetaData::calcFreqMeta	 Selected spw=5 (nchan=1) has centroid freq = 1360000000
2023-02-25 09:55:39	INFO	FreqMetaData::calcFreqMeta	 Selected spw=6 (nchan=1) has centroid freq = 1424000000
2023-02-25 09:55:39	INFO	FreqMetaData::calcFreqMeta	 Selected spw=7 (nchan=1) has centroid freq = 1488000000
2023-02-25 09:55:39	INFO	FreqMetaData::calcFreqMeta	 Selected spw=10 (nchan=1) has centroid freq = 1663000000
2023-02-25 09:55:39	INFO	FreqMetaData::calcFreqMeta	 Selected spw=11 (nchan=1) has centroid freq = 1744000000
2023-02-25 09:55:39	INFO	FreqMetaData::calcFreqMeta	 Selected spw=12 (nchan=1) has centroid freq = 1808000000
2023-02-25 09:55:39	INFO	FreqMetaData::calcFreqMeta	 Selected spw=13 (nchan=1) has centroid freq = 1872000000
2023-02-25 09:55:39	INFO	FreqMetaData::calcFreqMeta	 Selected spw=14 (nchan=1) has centroid freq = 1919000000
2023-02-25 09:55:39	INFO	FreqMetaData::calcFreqMeta	 Selected spw=15 (nchan=1) has centroid freq = 2016000000
2023-02-25 09:55:39	INFO	Calibrater::solve	For solint = inf, found 18 solution intervals.
2023-02-25 09:55:57	INFO	Calibrater::solve	  Found good G Jones solutions in 0 solution intervals.
2023-02-25 09:55:57	WARN	Calibrater::solve	Spectral window(s) 5, 6, 7, 10, 11, 12, 13, 14, 15, 
2023-02-25 09:55:57	WARN	Calibrater::solve+	  could not be solved due to missing (pre-)calibration
2023-02-25 09:55:57	WARN	Calibrater::solve+	    in one or more of the specified tables.
2023-02-25 09:55:57	WARN	Calibrater::solve+	    Please check your results carefully!
2023-02-25 09:55:57	INFO	Calibrater::solve	No output calibration table written.
2023-02-25 09:55:57	INFO	Calibrater::solve	----- PER ANTENNA INFO -----
2023-02-25 09:55:57	INFO	Calibrater::solve	       ANT: 0    ANT: 1    ANT: 2    ANT: 3    ANT: 4    ANT: 5    ANT: 6    ANT: 7    ANT: 8    ANT: 9    ANT: 10    ANT: 11    ANT: 12    ANT: 13    ANT: 14    ANT: 15    ANT: 16    ANT: 17    ANT: 18    ANT: 19    ANT: 20    ANT: 21    ANT: 22    ANT: 23    ANT: 24    ANT: 25    ANT: 26   
2023-02-25 09:55:57	INFO	Calibrater::solve	SPW: 0 [0, 0]  [0, 0]  [0, 0]  [0, 0]  [0, 0]  [0, 0]  [0, 0]  [0, 0]  [0, 0]  [0, 0]  [0, 0]  [0, 0]  [0, 0]  [0, 0]  [0, 0]  [0, 0]  [0, 0]  [0, 0]  [0, 0]  [0, 0]  [0, 0]  [0, 0]  [0, 0]  [0, 0]  [0, 0]  [0, 0]  [0, 0] 
2023-02-25 09:55:57	INFO	Calibrater::solve	SPW: 1 [0, 0]  [0, 0]  [0, 0]  [0, 0]  [0, 0]  [0, 0]  [0, 0]  [0, 0]  [0, 0]  [0, 0]  [0, 0]  [0, 0]  [0, 0]  [0, 0]  [0, 0]  [0, 0]  [0, 0]  [0, 0]  [0, 0]  [0, 0]  [0, 0]  [0, 0]  [0, 0]  [0, 0]  [0, 0]  [0, 0]  [0, 0] 
2023-02-25 09:55:57	INFO	Calibrater::solve	SPW: 2 [0, 0]  [0, 0]  [0, 0]  [0, 0]  [0, 0]  [0, 0]  [0, 0]  [0, 0]  [0, 0]  [0, 0]  [0, 0]  [0, 0]  [0, 0]  [0, 0]  [0, 0]  [0, 0]  [0, 0]  [0, 0]  [0, 0]  [0, 0]  [0, 0]  [0, 0]  [0, 0]  [0, 0]  [0, 0]  [0, 0]  [0, 0] 
2023-02-25 09:55:57	INFO	Calibrater::solve	SPW: 3 [0, 0]  [0, 0]  [0, 0]  [0, 0]  [0, 0]  [0, 0]  [0, 0]  [0, 0]  [0, 0]  [0, 0]  [0, 0]  [0, 0]  [0, 0]  [0, 0]  [0, 0]  [0, 0]  [0, 0]  [0, 0]  [0, 0]  [0, 0]  [0, 0]  [0, 0]  [0, 0]  [0, 0]  [0, 0]  [0, 0]  [0, 0] 
2023-02-25 09:55:57	INFO	Calibrater::solve	SPW: 4 [0, 0]  [0, 0]  [0, 0]  [0, 0]  [0, 0]  [0, 0]  [0, 0]  [0, 0]  [0, 0]  [0, 0]  [0, 0]  [0, 0]  [0, 0]  [0, 0]  [0, 0]  [0, 0]  [0, 0]  [0, 0]  [0, 0]  [0, 0]  [0, 0]  [0, 0]  [0, 0]  [0, 0]  [0, 0]  [0, 0]  [0, 0] 
2023-02-25 09:55:57	INFO	Calibrater::solve	SPW: 5 [0, 0]  [0, 0]  [0, 0]  [0, 0]  [0, 0]  [0, 0]  [0, 0]  [0, 0]  [0, 0]  [0, 0]  [0, 0]  [0, 0]  [0, 0]  [0, 0]  [0, 0]  [0, 0]  [0, 0]  [0, 0]  [0, 0]  [0, 0]  [0, 0]  [0, 0]  [0, 0]  [0, 0]  [0, 0]  [0, 0]  [0, 0] 
2023-02-25 09:55:57	INFO	Calibrater::solve	SPW: 6 [0, 0]  [0, 0]  [0, 0]  [0, 0]  [0, 0]  [0, 0]  [0, 0]  [0, 0]  [0, 0]  [0, 0]  [0, 0]  [0, 0]  [0, 0]  [0, 0]  [0, 0]  [0, 0]  [0, 0]  [0, 0]  [0, 0]  [0, 0]  [0, 0]  [0, 0]  [0, 0]  [0, 0]  [0, 0]  [0, 0]  [0, 0] 
2023-02-25 09:55:57	INFO	Calibrater::solve	SPW: 7 [0, 0]  [0, 0]  [0, 0]  [0, 0]  [0, 0]  [0, 0]  [0, 0]  [0, 0]  [0, 0]  [0, 0]  [0, 0]  [0, 0]  [0, 0]  [0, 0]  [0, 0]  [0, 0]  [0, 0]  [0, 0]  [0, 0]  [0, 0]  [0, 0]  [0, 0]  [0, 0]  [0, 0]  [0, 0]  [0, 0]  [0, 0] 
2023-02-25 09:55:57	INFO	Calibrater::solve	SPW: 8 [0, 0]  [0, 0]  [0, 0]  [0, 0]  [0, 0]  [0, 0]  [0, 0]  [0, 0]  [0, 0]  [0, 0]  [0, 0]  [0, 0]  [0, 0]  [0, 0]  [0, 0]  [0, 0]  [0, 0]  [0, 0]  [0, 0]  [0, 0]  [0, 0]  [0, 0]  [0, 0]  [0, 0]  [0, 0]  [0, 0]  [0, 0] 
2023-02-25 09:55:57	INFO	Calibrater::solve	SPW: 9 [0, 0]  [0, 0]  [0, 0]  [0, 0]  [0, 0]  [0, 0]  [0, 0]  [0, 0]  [0, 0]  [0, 0]  [0, 0]  [0, 0]  [0, 0]  [0, 0]  [0, 0]  [0, 0]  [0, 0]  [0, 0]  [0, 0]  [0, 0]  [0, 0]  [0, 0]  [0, 0]  [0, 0]  [0, 0]  [0, 0]  [0, 0] 
2023-02-25 09:55:57	INFO	Calibrater::solve	SPW: 10 [0, 0]  [0, 0]  [0, 0]  [0, 0]  [0, 0]  [0, 0]  [0, 0]  [0, 0]  [0, 0]  [0, 0]  [0, 0]  [0, 0]  [0, 0]  [0, 0]  [0, 0]  [0, 0]  [0, 0]  [0, 0]  [0, 0]  [0, 0]  [0, 0]  [0, 0]  [0, 0]  [0, 0]  [0, 0]  [0, 0]  [0, 0] 
2023-02-25 09:55:57	INFO	Calibrater::solve	SPW: 11 [0, 0]  [0, 0]  [0, 0]  [0, 0]  [0, 0]  [0, 0]  [0, 0]  [0, 0]  [0, 0]  [0, 0]  [0, 0]  [0, 0]  [0, 0]  [0, 0]  [0, 0]  [0, 0]  [0, 0]  [0, 0]  [0, 0]  [0, 0]  [0, 0]  [0, 0]  [0, 0]  [0, 0]  [0, 0]  [0, 0]  [0, 0] 
2023-02-25 09:55:57	INFO	Calibrater::solve	SPW: 12 [0, 0]  [0, 0]  [0, 0]  [0, 0]  [0, 0]  [0, 0]  [0, 0]  [0, 0]  [0, 0]  [0, 0]  [0, 0]  [0, 0]  [0, 0]  [0, 0]  [0, 0]  [0, 0]  [0, 0]  [0, 0]  [0, 0]  [0, 0]  [0, 0]  [0, 0]  [0, 0]  [0, 0]  [0, 0]  [0, 0]  [0, 0] 
2023-02-25 09:55:57	INFO	Calibrater::solve	SPW: 13 [0, 0]  [0, 0]  [0, 0]  [0, 0]  [0, 0]  [0, 0]  [0, 0]  [0, 0]  [0, 0]  [0, 0]  [0, 0]  [0, 0]  [0, 0]  [0, 0]  [0, 0]  [0, 0]  [0, 0]  [0, 0]  [0, 0]  [0, 0]  [0, 0]  [0, 0]  [0, 0]  [0, 0]  [0, 0]  [0, 0]  [0, 0] 
2023-02-25 09:55:57	INFO	Calibrater::solve	SPW: 14 [0, 0]  [0, 0]  [0, 0]  [0, 0]  [0, 0]  [0, 0]  [0, 0]  [0, 0]  [0, 0]  [0, 0]  [0, 0]  [0, 0]  [0, 0]  [0, 0]  [0, 0]  [0, 0]  [0, 0]  [0, 0]  [0, 0]  [0, 0]  [0, 0]  [0, 0]  [0, 0]  [0, 0]  [0, 0]  [0, 0]  [0, 0] 
2023-02-25 09:55:57	INFO	Calibrater::solve	SPW: 15 [0, 0]  [0, 0]  [0, 0]  [0, 0]  [0, 0]  [0, 0]  [0, 0]  [0, 0]  [0, 0]  [0, 0]  [0, 0]  [0, 0]  [0, 0]  [0, 0]  [0, 0]  [0, 0]  [0, 0]  [0, 0]  [0, 0]  [0, 0]  [0, 0]  [0, 0]  [0, 0]  [0, 0]  [0, 0]  [0, 0]  [0, 0] 
2023-02-25 09:55:57	INFO	Calibrater::solve	----- PER SPW INFO -----
2023-02-25 09:55:57	INFO	Calibrater::solve	       expected  data_unflagged  above_minblperant  above_minsnr
2023-02-25 09:55:57	INFO	Calibrater::solve	SPW: 0 [0, 0]  [0, 0]        [0, 0]            [0, 0]
2023-02-25 09:55:57	INFO	Calibrater::solve	SPW: 1 [0, 0]  [0, 0]        [0, 0]            [0, 0]
2023-02-25 09:55:57	INFO	Calibrater::solve	SPW: 2 [0, 0]  [0, 0]        [0, 0]            [0, 0]
2023-02-25 09:55:57	INFO	Calibrater::solve	SPW: 3 [0, 0]  [0, 0]        [0, 0]            [0, 0]
2023-02-25 09:55:57	INFO	Calibrater::solve	SPW: 4 [0, 0]  [0, 0]        [0, 0]            [0, 0]
2023-02-25 09:55:57	INFO	Calibrater::solve	SPW: 5 [2, 2]  [0, 0]        [0, 0]            [0, 0]
2023-02-25 09:55:57	INFO	Calibrater::solve	SPW: 6 [2, 2]  [0, 0]        [0, 0]            [0, 0]
2023-02-25 09:55:57	INFO	Calibrater::solve	SPW: 7 [2, 2]  [0, 0]        [0, 0]            [0, 0]
2023-02-25 09:55:57	INFO	Calibrater::solve	SPW: 8 [0, 0]  [0, 0]        [0, 0]            [0, 0]
2023-02-25 09:55:57	INFO	Calibrater::solve	SPW: 9 [0, 0]  [0, 0]        [0, 0]            [0, 0]
2023-02-25 09:55:57	INFO	Calibrater::solve	SPW: 10 [2, 2]  [0, 0]        [0, 0]            [0, 0]
2023-02-25 09:55:57	INFO	Calibrater::solve	SPW: 11 [2, 2]  [0, 0]        [0, 0]            [0, 0]
2023-02-25 09:55:57	INFO	Calibrater::solve	SPW: 12 [2, 2]  [0, 0]        [0, 0]            [0, 0]
2023-02-25 09:55:57	INFO	Calibrater::solve	SPW: 13 [2, 2]  [0, 0]        [0, 0]            [0, 0]
2023-02-25 09:55:57	INFO	Calibrater::solve	SPW: 14 [2, 2]  [0, 0]        [0, 0]            [0, 0]
2023-02-25 09:55:57	INFO	Calibrater::solve	SPW: 15 [2, 2]  [0, 0]        [0, 0]            [0, 0]
2023-02-25 09:55:57	INFO	Calibrater::solve	----- GLOBAL INFO -----
2023-02-25 09:55:57	INFO	Calibrater::solve	expected  data_unflagged  above_minblperant  above_minsnr
2023-02-25 09:55:57	INFO	Calibrater::solve	[18, 18]  [0, 0]        [0, 0]            [0, 0]
2023-02-25 09:55:57	INFO	calibrater::solve	Finished solving.
2023-02-25 09:55:57	INFO	gaincal::::casa	Calibration solve statistics per spw:  (expected/attempted/succeeded):
2023-02-25 09:55:57	INFO	gaincal::::casa	  Spw 0: 0/0/0
2023-02-25 09:55:57	INFO	gaincal::::casa	  Spw 1: 0/0/0
2023-02-25 09:55:57	INFO	gaincal::::casa	  Spw 2: 0/0/0
2023-02-25 09:55:57	INFO	gaincal::::casa	  Spw 3: 0/0/0
2023-02-25 09:55:57	INFO	gaincal::::casa	  Spw 4: 0/0/0
2023-02-25 09:55:57	INFO	gaincal::::casa	  Spw 5: 2/0/0
2023-02-25 09:55:57	INFO	gaincal::::casa	  Spw 6: 2/0/0
2023-02-25 09:55:57	INFO	gaincal::::casa	  Spw 7: 2/0/0
2023-02-25 09:55:57	INFO	gaincal::::casa	  Spw 8: 0/0/0
2023-02-25 09:55:57	INFO	gaincal::::casa	  Spw 9: 0/0/0
2023-02-25 09:55:57	INFO	gaincal::::casa	  Spw 10: 2/0/0
2023-02-25 09:55:57	INFO	gaincal::::casa	  Spw 11: 2/0/0
2023-02-25 09:55:57	INFO	gaincal::::casa	  Spw 12: 2/0/0
2023-02-25 09:55:57	INFO	gaincal::::casa	  Spw 13: 2/0/0
2023-02-25 09:55:57	INFO	gaincal::::casa	  Spw 14: 2/0/0
2023-02-25 09:55:57	INFO	gaincal::::casa	  Spw 15: 2/0/0
2023-02-25 09:55:59	INFO	gaincal::::casa	Task gaincal complete. Start time: 2023-02-25 20:55:30.403732 End time: 2023-02-25 20:55:58.625838
2023-02-25 09:55:59	INFO	gaincal::::casa	##### End Task: gaincal              #####
2023-02-25 09:55:59	INFO	gaincal::::casa	##########################################
