2023-04-05 09:28:43	INFO	::casa	
2023-04-05 09:28:55	INFO	::casa	Python version 3.8.16
2023-04-05 09:28:55	INFO	::casa	CASA Version MODULAR 6.5.3.28
2023-04-05 09:28:55	INFO	::casa	Can't import casatelemetry module.
2023-04-05 09:29:16	INFO	msmetadata_cmpt.cc::open	Performing internal consistency checks on /DATA/CARINA_3/kel334/19A-056/19A-056.sb37163380.eb37257903.58741.80710626158/19A-056.sb37163380.eb37257903.58741.80710626158.ms...
2023-04-05 09:29:18	INFO	flagmanager::::casa	##########################################
2023-04-05 09:29:18	INFO	flagmanager::::casa	##### Begin Task: flagmanager        #####
2023-04-05 09:29:18	INFO	flagmanager::::casa	flagmanager( vis='/DATA/CARINA_3/kel334/19A-056/19A-056.sb37163380.eb37257903.58741.80710626158/19A-056.sb37163380.eb37257903.58741.80710626158_hanning.ms', mode='restore', versionname='original', oldname='', comment='', merge='replace' )
2023-04-05 09:29:18	INFO	flagmanager::AgentFlagger::open	Table type is Measurement Set
2023-04-05 09:29:18	INFO	flagmanager::::casa	Restore flagversions original
2023-04-05 09:29:51	INFO	flagmanager::::casa	Task flagmanager complete. Start time: 2023-04-05 19:29:17.543262 End time: 2023-04-05 19:29:50.755320
2023-04-05 09:29:51	INFO	flagmanager::::casa	##### End Task: flagmanager          #####
2023-04-05 09:29:51	INFO	flagmanager::::casa	##########################################
2023-04-05 09:29:51	INFO	flagmanager::::casa	##########################################
2023-04-05 09:29:51	INFO	flagmanager::::casa	##### Begin Task: flagmanager        #####
2023-04-05 09:29:51	INFO	flagmanager::::casa	flagmanager( vis='/DATA/CARINA_3/kel334/19A-056/19A-056.sb37163380.eb37257903.58741.80710626158/19A-056.sb37163380.eb37257903.58741.80710626158_hanning.ms', mode='restore', versionname='after_detflags', oldname='', comment='', merge='replace' )
2023-04-05 09:29:51	INFO	flagmanager::AgentFlagger::open	Table type is Measurement Set
2023-04-05 09:29:51	INFO	flagmanager::::casa	Restore flagversions after_detflags
2023-04-05 09:30:20	INFO	flagmanager::::casa	Task flagmanager complete. Start time: 2023-04-05 19:29:50.756931 End time: 2023-04-05 19:30:20.007521
2023-04-05 09:30:20	INFO	flagmanager::::casa	##### End Task: flagmanager          #####
2023-04-05 09:30:20	INFO	flagmanager::::casa	##########################################
2023-04-05 09:30:20	INFO	msmetadata_cmpt.cc::open	Performing internal consistency checks on /DATA/CARINA_3/kel334/19A-056/19A-056.sb37163380.eb37257903.58741.80710626158/19A-056.sb37163380.eb37257903.58741.80710626158_hanning.ms...
2023-04-05 09:30:21	INFO	MSMetaData::_computeScanAndSubScanProperties 	Computing scan and subscan properties...
2023-04-05 09:30:25	INFO	flagmanager::::casa	##########################################
2023-04-05 09:30:25	INFO	flagmanager::::casa	##### Begin Task: flagmanager        #####
2023-04-05 09:30:25	INFO	flagmanager::::casa	flagmanager( vis='/DATA/CARINA_3/kel334/19A-056/19A-056.sb37163380.eb37257903.58741.80710626158/19A-056.sb37163380.eb37257903.58741.80710626158_hanning.ms', mode='restore', versionname='after_manual_flags', oldname='', comment='', merge='replace' )
2023-04-05 09:30:25	INFO	flagmanager::AgentFlagger::open	Table type is Measurement Set
2023-04-05 09:30:25	INFO	flagmanager::::casa	Restore flagversions after_manual_flags
2023-04-05 09:30:55	INFO	flagmanager::::casa	Task flagmanager complete. Start time: 2023-04-05 19:30:25.115919 End time: 2023-04-05 19:30:54.564989
2023-04-05 09:30:55	INFO	flagmanager::::casa	##### End Task: flagmanager          #####
2023-04-05 09:30:55	INFO	flagmanager::::casa	##########################################
2023-04-05 09:30:55	INFO	msmetadata_cmpt.cc::open	Performing internal consistency checks on /DATA/CARINA_3/kel334/19A-056/19A-056.sb37163380.eb37257903.58741.80710626158/19A-056.sb37163380.eb37257903.58741.80710626158_hanning.ms...
2023-04-05 09:30:55	INFO	setjy::::casa	##########################################
2023-04-05 09:30:55	INFO	setjy::::casa	##### Begin Task: setjy              #####
2023-04-05 09:30:55	INFO	setjy::::casa	setjy( vis='/DATA/CARINA_3/kel334/19A-056/19A-056.sb37163380.eb37257903.58741.80710626158/19A-056.sb37163380.eb37257903.58741.80710626158_hanning.ms', field='3C147', spw='', selectdata=False, timerange='', scan='', intent='', observation='', scalebychan=True, standard='Perley-Butler 2017', model='3C147_L.im', listmodels=False, fluxdensity=-1, spix=0.0, reffreq='1GHz', polindex=[], polangle=[], rotmeas=0.0, fluxdict={}, useephemdir=False, interpolation='nearest', usescratch=True, ismms=False )
2023-04-05 09:30:55	INFO	setjy::::casa	{'field': '3C147'}
2023-04-05 09:30:56	INFO	Imager::open() 	Opening MeasurementSet /DATA/CARINA_3/kel334/19A-056/19A-056.sb37163380.eb37257903.58741.80710626158/19A-056.sb37163380.eb37257903.58741.80710626158_hanning.ms
2023-04-05 09:30:56	INFO		Clearing all model records in MS header.
2023-04-05 09:31:04	INFO	setjy::::casa	Using /u/kel334/.casa/data/nrao/VLA/CalModels/3C147_L.im for model.
2023-04-05 09:31:06	INFO	imager::setjy()	Using channel dependent flux densities
2023-04-05 09:31:07	INFO		Clearing all model records in MS header.
2023-04-05 09:31:08	INFO	imager::data selection	Selected 2588976 out of 18544032 rows.
2023-04-05 09:31:08	INFO	imager::setjy()	       3C147 (fld ind 0) spw 0  [I=28.131, Q=0, U=0, V=0] Jy @ 1.008e+09Hz, (Perley-Butler 2017)
2023-04-05 09:31:08	INFO	imager::setjy()	       3C147 (fld ind 0) spw 1  [I=26.94, Q=0, U=0, V=0] Jy @ 1.072e+09Hz, (Perley-Butler 2017)
2023-04-05 09:31:08	INFO	imager::setjy()	       3C147 (fld ind 0) spw 2  [I=25.849, Q=0, U=0, V=0] Jy @ 1.136e+09Hz, (Perley-Butler 2017)
2023-04-05 09:31:08	INFO	imager::setjy()	       3C147 (fld ind 0) spw 3  [I=24.846, Q=0, U=0, V=0] Jy @ 1.2e+09Hz, (Perley-Butler 2017)
2023-04-05 09:31:08	INFO	imager::setjy()	       3C147 (fld ind 0) spw 4  [I=23.92, Q=0, U=0, V=0] Jy @ 1.264e+09Hz, (Perley-Butler 2017)
2023-04-05 09:31:08	INFO	imager::setjy()	       3C147 (fld ind 0) spw 5  [I=23.062, Q=0, U=0, V=0] Jy @ 1.328e+09Hz, (Perley-Butler 2017)
2023-04-05 09:31:08	INFO	imager::setjy()	       3C147 (fld ind 0) spw 6  [I=22.266, Q=0, U=0, V=0] Jy @ 1.392e+09Hz, (Perley-Butler 2017)
2023-04-05 09:31:08	INFO	imager::setjy()	       3C147 (fld ind 0) spw 7  [I=21.524, Q=0, U=0, V=0] Jy @ 1.456e+09Hz, (Perley-Butler 2017)
2023-04-05 09:31:08	INFO	imager::setjy()	       3C147 (fld ind 0) spw 8  [I=20.832, Q=0, U=0, V=0] Jy @ 1.52e+09Hz, (Perley-Butler 2017)
2023-04-05 09:31:08	INFO	imager::setjy()	       3C147 (fld ind 0) spw 9  [I=20.183, Q=0, U=0, V=0] Jy @ 1.584e+09Hz, (Perley-Butler 2017)
2023-04-05 09:31:08	INFO	imager::setjy()	       3C147 (fld ind 0) spw 10  [I=19.575, Q=0, U=0, V=0] Jy @ 1.648e+09Hz, (Perley-Butler 2017)
2023-04-05 09:31:08	INFO	imager::setjy()	       3C147 (fld ind 0) spw 11  [I=19.003, Q=0, U=0, V=0] Jy @ 1.712e+09Hz, (Perley-Butler 2017)
2023-04-05 09:31:08	INFO	imager::setjy()	       3C147 (fld ind 0) spw 12  [I=18.464, Q=0, U=0, V=0] Jy @ 1.776e+09Hz, (Perley-Butler 2017)
2023-04-05 09:31:08	INFO	imager::setjy()	       3C147 (fld ind 0) spw 13  [I=17.955, Q=0, U=0, V=0] Jy @ 1.84e+09Hz, (Perley-Butler 2017)
2023-04-05 09:31:08	INFO	imager::setjy()	       3C147 (fld ind 0) spw 14  [I=17.474, Q=0, U=0, V=0] Jy @ 1.904e+09Hz, (Perley-Butler 2017)
2023-04-05 09:31:08	INFO	imager::setjy()	       3C147 (fld ind 0) spw 15  [I=17.019, Q=0, U=0, V=0] Jy @ 1.968e+09Hz, (Perley-Butler 2017)
2023-04-05 09:31:13	INFO	imager::setjy()	Using model image /u/kel334/.casa/data/nrao/VLA/CalModels/3C147_L.im
2023-04-05 09:31:13	INFO	imager::setjy()	Scaling spw(s) [0, 1, 2, 3, 4, 5, 6, 7, 8, 9, 10, 11, 12, 13, 14, 15]'s model image by channel to  I = 28.1425, 20.8376, 16.5903 Jy @(1.00742e+09, 1.51942e+09, 2.03142e+09)Hz (LSRK) for visibility prediction (a few representative values are shown).
2023-04-05 09:31:13	INFO	imager::setjy()	The model image's reference pixel is 0.000469228 arcsec from 3C147's phase center.
2023-04-05 09:31:14	INFO		Clearing all model records in MS header.
2023-04-05 09:31:14	INFO	imager::data selection	Selected 161811 out of 18544032 rows.
2023-04-05 09:31:17	INFO		Clearing all model records in MS header.
2023-04-05 09:31:17	INFO	imager::data selection	Selected 161811 out of 18544032 rows.
2023-04-05 09:31:20	INFO		Clearing all model records in MS header.
2023-04-05 09:31:20	INFO	imager::data selection	Selected 161811 out of 18544032 rows.
2023-04-05 09:31:23	INFO		Clearing all model records in MS header.
2023-04-05 09:31:23	INFO	imager::data selection	Selected 161811 out of 18544032 rows.
2023-04-05 09:31:26	INFO		Clearing all model records in MS header.
2023-04-05 09:31:26	INFO	imager::data selection	Selected 161811 out of 18544032 rows.
2023-04-05 09:31:29	INFO		Clearing all model records in MS header.
2023-04-05 09:31:30	INFO	imager::data selection	Selected 161811 out of 18544032 rows.
2023-04-05 09:31:33	INFO		Clearing all model records in MS header.
2023-04-05 09:31:33	INFO	imager::data selection	Selected 161811 out of 18544032 rows.
2023-04-05 09:31:36	INFO		Clearing all model records in MS header.
2023-04-05 09:31:37	INFO	imager::data selection	Selected 161811 out of 18544032 rows.
2023-04-05 09:31:41	INFO		Clearing all model records in MS header.
2023-04-05 09:31:42	INFO	imager::data selection	Selected 161811 out of 18544032 rows.
2023-04-05 09:31:47	INFO		Clearing all model records in MS header.
2023-04-05 09:31:47	INFO	imager::data selection	Selected 161811 out of 18544032 rows.
2023-04-05 09:31:52	INFO		Clearing all model records in MS header.
2023-04-05 09:31:53	INFO	imager::data selection	Selected 161811 out of 18544032 rows.
2023-04-05 09:31:57	INFO		Clearing all model records in MS header.
2023-04-05 09:31:57	INFO	imager::data selection	Selected 161811 out of 18544032 rows.
2023-04-05 09:32:00	INFO		Clearing all model records in MS header.
2023-04-05 09:32:00	INFO	imager::data selection	Selected 161811 out of 18544032 rows.
2023-04-05 09:32:02	INFO		Clearing all model records in MS header.
2023-04-05 09:32:02	INFO	imager::data selection	Selected 161811 out of 18544032 rows.
2023-04-05 09:32:05	INFO		Clearing all model records in MS header.
2023-04-05 09:32:05	INFO	imager::data selection	Selected 161811 out of 18544032 rows.
2023-04-05 09:32:08	INFO		Clearing all model records in MS header.
2023-04-05 09:32:08	INFO	imager::data selection	Selected 161811 out of 18544032 rows.
2023-04-05 09:32:10	INFO	setjy::::casa	Task setjy complete. Start time: 2023-04-05 19:30:55.172111 End time: 2023-04-05 19:32:10.301583
2023-04-05 09:32:10	INFO	setjy::::casa	##### End Task: setjy                #####
2023-04-05 09:32:10	INFO	setjy::::casa	##########################################
2023-04-05 09:32:10	INFO	msmetadata_cmpt.cc::open	Performing internal consistency checks on /DATA/CARINA_3/kel334/19A-056/19A-056.sb37163380.eb37257903.58741.80710626158/19A-056.sb37163380.eb37257903.58741.80710626158_hanning.ms...
2023-04-05 09:32:11	INFO	msmetadata_cmpt.cc::open	Performing internal consistency checks on /DATA/CARINA_3/kel334/19A-056/19A-056.sb37163380.eb37257903.58741.80710626158/19A-056.sb37163380.eb37257903.58741.80710626158_hanning.ms...
2023-04-05 09:32:11	INFO	msmetadata_cmpt.cc::open	Performing internal consistency checks on /DATA/CARINA_3/kel334/19A-056/19A-056.sb37163380.eb37257903.58741.80710626158/19A-056.sb37163380.eb37257903.58741.80710626158_hanning.ms...
2023-04-05 09:32:12	INFO	flagmanager::::casa	##########################################
2023-04-05 09:32:12	INFO	flagmanager::::casa	##### Begin Task: flagmanager        #####
2023-04-05 09:32:12	INFO	flagmanager::::casa	flagmanager( vis='/DATA/CARINA_3/kel334/19A-056/19A-056.sb37163380.eb37257903.58741.80710626158/19A-056.sb37163380.eb37257903.58741.80710626158_hanning.ms', mode='delete', versionname='before_initcal_round_0_flags', oldname='', comment='', merge='replace' )
2023-04-05 09:32:12	INFO	flagmanager::AgentFlagger::open	Table type is Measurement Set
2023-04-05 09:32:12	WARN	flagmanager::::	Deleting version: before_initcal_round_0_flags
2023-04-05 09:32:12	INFO	flagmanager::::casa	Task flagmanager complete. Start time: 2023-04-05 19:32:12.010217 End time: 2023-04-05 19:32:12.036044
2023-04-05 09:32:12	INFO	flagmanager::::casa	##### End Task: flagmanager          #####
2023-04-05 09:32:12	INFO	flagmanager::::casa	##########################################
2023-04-05 09:32:12	INFO	flagmanager::::casa	##########################################
2023-04-05 09:32:12	INFO	flagmanager::::casa	##### Begin Task: flagmanager        #####
2023-04-05 09:32:12	INFO	flagmanager::::casa	flagmanager( vis='/DATA/CARINA_3/kel334/19A-056/19A-056.sb37163380.eb37257903.58741.80710626158/19A-056.sb37163380.eb37257903.58741.80710626158_hanning.ms', mode='save', versionname='before_initcal_round_0_flags', oldname='', comment='', merge='replace' )
2023-04-05 09:32:12	INFO	flagmanager::AgentFlagger::open	Table type is Measurement Set
2023-04-05 09:32:12	INFO	flagmanager::::casa	Save current flagversions to before_initcal_round_0_flags
2023-04-05 09:32:12	INFO	FlagVersion::saveFlagVersion	Creating new backup flag file called before_initcal_round_0_flags
2023-04-05 09:32:25	INFO	flagmanager::::casa	Task flagmanager complete. Start time: 2023-04-05 19:32:12.036681 End time: 2023-04-05 19:32:25.376961
2023-04-05 09:32:25	INFO	flagmanager::::casa	##### End Task: flagmanager          #####
2023-04-05 09:32:25	INFO	flagmanager::::casa	##########################################
2023-04-05 09:32:25	INFO	flagdata::::casa	##########################################
2023-04-05 09:32:25	INFO	flagdata::::casa	##### Begin Task: flagdata           #####
2023-04-05 09:32:25	INFO	flagdata::::casa	flagdata( vis='/DATA/CARINA_3/kel334/19A-056/19A-056.sb37163380.eb37257903.58741.80710626158/19A-056.sb37163380.eb37257903.58741.80710626158_hanning.ms', mode='summary', autocorr=False, inpfile='', reason='any', tbuff=0.0, spw='', field='3C147', antenna='', uvrange='', timerange='', correlation='', scan='', intent='', array='', observation='', feed='', clipminmax=[], datacolumn='DATA', clipoutside=True, channelavg=False, chanbin=1, timeavg=False, timebin='0s', clipzeros=False, quackinterval=1.0, quackmode='beg', quackincrement=False, tolerance=0.0, addantenna='', lowerlimit=0.0, upperlimit=90.0, ntime='scan', combinescans=False, timecutoff=4.0, freqcutoff=3.0, timefit='line', freqfit='poly', maxnpieces=7, flagdimension='freqtime', usewindowstats='none', halfwin=1, extendflags=True, winsize=3, timedev='', freqdev='', timedevscale=5.0, freqdevscale=5.0, spectralmax=1000000.0, spectralmin=0.0, antint_ref_antenna='', minchanfrac=0.6, verbose=False, extendpols=True, growtime=50.0, growfreq=50.0, growaround=False, flagneartime=False, flagnearfreq=False, minrel=0.0, maxrel=1.0, minabs=0, maxabs=-1, spwchan=False, spwcorr=False, basecnt=False, fieldcnt=False, name='before_initcal_round_0_flagging', action='apply', display='', flagbackup=True, savepars=False, cmdreason='', outfile='', overwrite=True, writeflags=True )
2023-04-05 09:32:25	INFO	AgentFlagger::open	Table type is Measurement Set
2023-04-05 09:32:25	INFO	flagdata::::casa	Summary mode is active
2023-04-05 09:32:26	INFO	flagdata::::casa	Initializing the agents
2023-04-05 09:32:26	INFO	AgentFlagger::initAgents	There are initially 1 agents in the list. Agents: summary
2023-04-05 09:32:26	INFO	Summary::setAgentParameters 	 display is: 
2023-04-05 09:32:26	INFO	AgentFlagger::initAgents	There are 1 valid agents in the list. Agents: summary
2023-04-05 09:32:26	INFO	flagdata::::casa	Running the agentflagger tool
2023-04-05 09:32:27	INFO	FlagMSHandler::	Chunk = 1 [progress: 0%], Observation = 0, Array = 0, Scan = 1, Field = 0 (3C147), Spw = 0, Channels = 64, Corrs = [ RR RL LR LL ], Total Rows = 10179
2023-04-05 09:32:28	INFO	FlagMSHandler::	Chunk = 17 [progress: 10%], Observation = 0, Array = 0, Scan = 2, Field = 0 (3C147), Spw = 0, Channels = 64, Corrs = [ RR RL LR LL ], Total Rows = 104598
2023-04-05 09:32:30	INFO	FlagMSHandler::	Chunk = 20 [progress: 22%], Observation = 0, Array = 0, Scan = 2, Field = 0 (3C147), Spw = 3, Channels = 64, Corrs = [ RR RL LR LL ], Total Rows = 104598
2023-04-05 09:32:31	INFO	FlagMSHandler::	Chunk = 22 [progress: 30%], Observation = 0, Array = 0, Scan = 2, Field = 0 (3C147), Spw = 5, Channels = 64, Corrs = [ RR RL LR LL ], Total Rows = 104598
2023-04-05 09:32:32	INFO	FlagMSHandler::	Chunk = 25 [progress: 42%], Observation = 0, Array = 0, Scan = 2, Field = 0 (3C147), Spw = 8, Channels = 64, Corrs = [ RR RL LR LL ], Total Rows = 104598
2023-04-05 09:32:33	INFO	FlagMSHandler::	Chunk = 27 [progress: 50%], Observation = 0, Array = 0, Scan = 2, Field = 0 (3C147), Spw = 10, Channels = 64, Corrs = [ RR RL LR LL ], Total Rows = 104598
2023-04-05 09:32:35	INFO	FlagMSHandler::	Chunk = 30 [progress: 62%], Observation = 0, Array = 0, Scan = 2, Field = 0 (3C147), Spw = 13, Channels = 64, Corrs = [ RR RL LR LL ], Total Rows = 104598
2023-04-05 09:32:36	INFO	FlagMSHandler::	Chunk = 32 [progress: 70%], Observation = 0, Array = 0, Scan = 2, Field = 0 (3C147), Spw = 15, Channels = 64, Corrs = [ RR RL LR LL ], Total Rows = 104598
2023-04-05 09:32:37	INFO	FlagMSHandler::	Chunk = 37 [progress: 80%], Observation = 0, Array = 0, Scan = 3, Field = 0 (3C147), Spw = 4, Channels = 64, Corrs = [ RR RL LR LL ], Total Rows = 47034
2023-04-05 09:32:39	INFO	FlagMSHandler::	Chunk = 43 [progress: 90%], Observation = 0, Array = 0, Scan = 3, Field = 0 (3C147), Spw = 10, Channels = 64, Corrs = [ RR RL LR LL ], Total Rows = 47034
2023-04-05 09:32:40	INFO	FlagMSHandler::	Chunk = 48 [progress: 100%], Observation = 0, Array = 0, Scan = 3, Field = 0 (3C147), Spw = 15, Channels = 64, Corrs = [ RR RL LR LL ], Total Rows = 47034
2023-04-05 09:32:40	INFO	FlagMSHandler::nextChunk 	==================================================================================== 
2023-04-05 09:32:40	INFO	Summary::getResult 	 observation 0 flagged: 3.38507e+08 total: 6.62778e+08 (51.1%)
2023-04-05 09:32:40	INFO	Summary::getResult 	 spw 14 flagged: 2.08276e+07 total: 4.14236e+07 (50.3%)
2023-04-05 09:32:40	INFO	Summary::getResult 	 spw 15 flagged: 2.08276e+07 total: 4.14236e+07 (50.3%)
2023-04-05 09:32:40	INFO	Summary::getResult 	 spw 13 flagged: 2.2248e+07 total: 4.14236e+07 (53.7%)
2023-04-05 09:32:40	INFO	Summary::getResult 	 spw 10 flagged: 2.08276e+07 total: 4.14236e+07 (50.3%)
2023-04-05 09:32:40	INFO	Summary::getResult 	 spw 3 flagged: 2.08276e+07 total: 4.14236e+07 (50.3%)
2023-04-05 09:32:40	INFO	Summary::getResult 	 spw 5 flagged: 2.43786e+07 total: 4.14236e+07 (58.9%)
2023-04-05 09:32:40	INFO	Summary::getResult 	 spw 2 flagged: 2.08276e+07 total: 4.14236e+07 (50.3%)
2023-04-05 09:32:40	INFO	Summary::getResult 	 spw 4 flagged: 2.08276e+07 total: 4.14236e+07 (50.3%)
2023-04-05 09:32:40	INFO	Summary::getResult 	 spw 6 flagged: 2.08276e+07 total: 4.14236e+07 (50.3%)
2023-04-05 09:32:40	INFO	Summary::getResult 	 spw 7 flagged: 2.08276e+07 total: 4.14236e+07 (50.3%)
2023-04-05 09:32:40	INFO	Summary::getResult 	 spw 8 flagged: 2.08276e+07 total: 4.14236e+07 (50.3%)
2023-04-05 09:32:40	INFO	Summary::getResult 	 spw 0 flagged: 2.08276e+07 total: 4.14236e+07 (50.3%)
2023-04-05 09:32:40	INFO	Summary::getResult 	 spw 1 flagged: 2.09866e+07 total: 4.14236e+07 (50.7%)
2023-04-05 09:32:40	INFO	Summary::getResult 	 spw 9 flagged: 2.08276e+07 total: 4.14236e+07 (50.3%)
2023-04-05 09:32:40	INFO	Summary::getResult 	 spw 11 flagged: 2.0963e+07 total: 4.14236e+07 (50.6%)
2023-04-05 09:32:40	INFO	Summary::getResult 	 spw 12 flagged: 2.08276e+07 total: 4.14236e+07 (50.3%)
2023-04-05 09:32:40	INFO	Summary::getResult 	 field 3C147 flagged: 3.38507e+08 total: 6.62778e+08 (51.1%)
2023-04-05 09:32:40	INFO	Summary::getResult 	 array 0 flagged: 3.38507e+08 total: 6.62778e+08 (51.1%)
2023-04-05 09:32:40	INFO	Summary::getResult 	 scan 2 flagged: 2.45487e+08 total: 4.28433e+08 (57.3%)
2023-04-05 09:32:40	INFO	Summary::getResult 	 scan 3 flagged: 5.13272e+07 total: 1.92651e+08 (26.6%)
2023-04-05 09:32:40	INFO	Summary::getResult 	 scan 1 flagged: 4.16932e+07 total: 4.16932e+07 (100%)
2023-04-05 09:32:40	INFO	Summary::getResult 	 antenna ea28 flagged: 4.90947e+07 total: 4.90947e+07 (100%)
2023-04-05 09:32:40	INFO	Summary::getResult 	 antenna ea27 flagged: 2.30444e+07 total: 4.90947e+07 (46.9%)
2023-04-05 09:32:40	INFO	Summary::getResult 	 antenna ea24 flagged: 2.30813e+07 total: 4.90947e+07 (47%)
2023-04-05 09:32:40	INFO	Summary::getResult 	 antenna ea22 flagged: 2.51777e+07 total: 4.90947e+07 (51.3%)
2023-04-05 09:32:40	INFO	Summary::getResult 	 antenna ea18 flagged: 2.31913e+07 total: 4.90947e+07 (47.2%)
2023-04-05 09:32:40	INFO	Summary::getResult 	 antenna ea25 flagged: 2.3085e+07 total: 4.90947e+07 (47%)
2023-04-05 09:32:40	INFO	Summary::getResult 	 antenna ea17 flagged: 2.30444e+07 total: 4.90947e+07 (46.9%)
2023-04-05 09:32:40	INFO	Summary::getResult 	 antenna ea23 flagged: 2.32355e+07 total: 4.90947e+07 (47.3%)
2023-04-05 09:32:40	INFO	Summary::getResult 	 antenna ea16 flagged: 4.90947e+07 total: 4.90947e+07 (100%)
2023-04-05 09:32:40	INFO	Summary::getResult 	 antenna ea15 flagged: 2.30468e+07 total: 4.90947e+07 (46.9%)
2023-04-05 09:32:40	INFO	Summary::getResult 	 antenna ea01 flagged: 2.30444e+07 total: 4.90947e+07 (46.9%)
2023-04-05 09:32:40	INFO	Summary::getResult 	 antenna ea03 flagged: 2.30468e+07 total: 4.90947e+07 (46.9%)
2023-04-05 09:32:40	INFO	Summary::getResult 	 antenna ea20 flagged: 2.30505e+07 total: 4.90947e+07 (47%)
2023-04-05 09:32:40	INFO	Summary::getResult 	 antenna ea04 flagged: 2.30505e+07 total: 4.90947e+07 (47%)
2023-04-05 09:32:40	INFO	Summary::getResult 	 antenna ea10 flagged: 2.30559e+07 total: 4.90947e+07 (47%)
2023-04-05 09:32:40	INFO	Summary::getResult 	 antenna ea05 flagged: 2.30444e+07 total: 4.90947e+07 (46.9%)
2023-04-05 09:32:40	INFO	Summary::getResult 	 antenna ea19 flagged: 2.30468e+07 total: 4.90947e+07 (46.9%)
2023-04-05 09:32:40	INFO	Summary::getResult 	 antenna ea02 flagged: 2.30559e+07 total: 4.90947e+07 (47%)
2023-04-05 09:32:40	INFO	Summary::getResult 	 antenna ea11 flagged: 2.30468e+07 total: 4.90947e+07 (46.9%)
2023-04-05 09:32:40	INFO	Summary::getResult 	 antenna ea26 flagged: 2.30444e+07 total: 4.90947e+07 (46.9%)
2023-04-05 09:32:40	INFO	Summary::getResult 	 antenna ea06 flagged: 2.30559e+07 total: 4.90947e+07 (47%)
2023-04-05 09:32:40	INFO	Summary::getResult 	 antenna ea14 flagged: 2.30559e+07 total: 4.90947e+07 (47%)
2023-04-05 09:32:40	INFO	Summary::getResult 	 antenna ea07 flagged: 2.30468e+07 total: 4.90947e+07 (46.9%)
2023-04-05 09:32:40	INFO	Summary::getResult 	 antenna ea12 flagged: 2.31346e+07 total: 4.90947e+07 (47.1%)
2023-04-05 09:32:40	INFO	Summary::getResult 	 antenna ea08 flagged: 2.30505e+07 total: 4.90947e+07 (47%)
2023-04-05 09:32:40	INFO	Summary::getResult 	 antenna ea13 flagged: 2.30444e+07 total: 4.90947e+07 (46.9%)
2023-04-05 09:32:40	INFO	Summary::getResult 	 antenna ea09 flagged: 2.30444e+07 total: 4.90947e+07 (46.9%)
2023-04-05 09:32:40	INFO	Summary::getResult 	 correlation LL flagged: 8.46531e+07 total: 1.65694e+08 (51.1%)
2023-04-05 09:32:40	INFO	Summary::getResult 	 correlation LR flagged: 8.46277e+07 total: 1.65694e+08 (51.1%)
2023-04-05 09:32:40	INFO	Summary::getResult 	 correlation RL flagged: 8.46055e+07 total: 1.65694e+08 (51.1%)
2023-04-05 09:32:40	INFO	Summary::getResult 	 correlation RR flagged: 8.46209e+07 total: 1.65694e+08 (51.1%)
2023-04-05 09:32:40	INFO	Summary::getResult 	 Total Flagged: 3.38507e+08 Total Counts: 6.62778e+08 (51.1%)
2023-04-05 09:32:40	INFO	flagdata::::casa	Flags are not written to the MS. (action='calculate')
2023-04-05 09:32:40	INFO	flagdata::::casa	Task flagdata complete. Start time: 2023-04-05 19:32:25.448238 End time: 2023-04-05 19:32:39.879006
2023-04-05 09:32:40	INFO	flagdata::::casa	##### End Task: flagdata             #####
2023-04-05 09:32:40	INFO	flagdata::::casa	##########################################
2023-04-05 09:32:40	INFO	flagdata::::casa	##########################################
2023-04-05 09:32:40	INFO	flagdata::::casa	##### Begin Task: flagdata           #####
2023-04-05 09:32:40	INFO	flagdata::::casa	flagdata( vis='/DATA/CARINA_3/kel334/19A-056/19A-056.sb37163380.eb37257903.58741.80710626158/caltables/19A-056.B0', mode='clip', autocorr=False, inpfile='', reason='any', tbuff=0.0, spw='', field='', antenna='', uvrange='', timerange='', correlation='ABS_ALL', scan='', intent='', array='', observation='', feed='', clipminmax=[0.0, 2.0], datacolumn='CPARAM', clipoutside=True, channelavg=False, chanbin=1, timeavg=False, timebin='0s', clipzeros=False, quackinterval=1.0, quackmode='beg', quackincrement=False, tolerance=0.0, addantenna='', lowerlimit=0.0, upperlimit=90.0, ntime='scan', combinescans=False, timecutoff=4.0, freqcutoff=3.0, timefit='line', freqfit='poly', maxnpieces=7, flagdimension='freqtime', usewindowstats='none', halfwin=1, extendflags=True, winsize=3, timedev='', freqdev='', timedevscale=5.0, freqdevscale=5.0, spectralmax=1000000.0, spectralmin=0.0, antint_ref_antenna='', minchanfrac=0.6, verbose=False, extendpols=True, growtime=50.0, growfreq=50.0, growaround=False, flagneartime=False, flagnearfreq=False, minrel=0.0, maxrel=1.0, minabs=0, maxabs=-1, spwchan=False, spwcorr=False, basecnt=False, fieldcnt=False, name='Summary', action='apply', display='', flagbackup=False, savepars=False, cmdreason='', outfile='', overwrite=True, writeflags=True )
2023-04-05 09:32:40	INFO	AgentFlagger::open	Table type is Calibration
2023-04-05 09:32:40	INFO	flagdata::::casa	Clip mode is active
2023-04-05 09:32:40	INFO	FlagCalTableHandler::selectData 	Selection not applicable, using entire MS
2023-04-05 09:32:40	INFO	FlagCalTableHandler::selectData 	Original CalTable has 243 rows, and selected CalTable has 243 rows
2023-04-05 09:32:40	INFO	flagdata::::casa	Initializing the agents
2023-04-05 09:32:40	INFO	AgentFlagger::initAgents	There are initially 1 agents in the list. Agents: clip
2023-04-05 09:32:40	INFO	Clip::setAgentParameters 	 data column is CPARAM
2023-04-05 09:32:40	INFO	Clip::setAgentParameters 	 Visibility expression is ABS SOL1,SOL2,SOL3,SOL4
2023-04-05 09:32:40	INFO	Clip::setAgentParameters 	 clipzeros is 0
2023-04-05 09:32:40	INFO	Clip::setAgentParameters 	 clipoutside is 1
2023-04-05 09:32:40	INFO	Clip::setAgentParameters 	 clipmin is 0
2023-04-05 09:32:40	INFO	Clip::setAgentParameters 	 clipmax is 2
2023-04-05 09:32:40	INFO	Clip::setAgentParameters 	 Clipping outside [0,2], plus NaNs
2023-04-05 09:32:40	INFO	AgentFlagger::initAgents	There are 1 valid agents in the list. Agents: clip
2023-04-05 09:32:40	INFO	flagdata::::casa	Running the agentflagger tool
2023-04-05 09:32:40	INFO	FlagCalTableHandler::	------------------------------------------------------------------------------------ 
2023-04-05 09:32:40	INFO	FlagCalTableHandler::	Chunk = 1 [progress: 11%], Observation = 0~0, Scan = 1~1, Field = 0 (3C147), Spw = 5, Channels = 64, CalSolutions = [ Sol1 Sol2 ], Total Rows = 27
2023-04-05 09:32:40	INFO	FlagCalTableHandler::	------------------------------------------------------------------------------------ 
2023-04-05 09:32:40	INFO	FlagCalTableHandler::	Chunk = 2 [progress: 22%], Observation = 0~0, Scan = 1~1, Field = 0 (3C147), Spw = 6, Channels = 64, CalSolutions = [ Sol1 Sol2 ], Total Rows = 27
2023-04-05 09:32:40	INFO	FlagCalTableHandler::	------------------------------------------------------------------------------------ 
2023-04-05 09:32:40	INFO	FlagCalTableHandler::	Chunk = 3 [progress: 33%], Observation = 0~0, Scan = 1~1, Field = 0 (3C147), Spw = 7, Channels = 64, CalSolutions = [ Sol1 Sol2 ], Total Rows = 27
2023-04-05 09:32:40	INFO	FlagCalTableHandler::	------------------------------------------------------------------------------------ 
2023-04-05 09:32:40	INFO	FlagCalTableHandler::	Chunk = 4 [progress: 44%], Observation = 0~0, Scan = 1~1, Field = 0 (3C147), Spw = 10, Channels = 64, CalSolutions = [ Sol1 Sol2 ], Total Rows = 27
2023-04-05 09:32:40	INFO	FlagCalTableHandler::	------------------------------------------------------------------------------------ 
2023-04-05 09:32:40	INFO	FlagCalTableHandler::	Chunk = 5 [progress: 55%], Observation = 0~0, Scan = 1~1, Field = 0 (3C147), Spw = 11, Channels = 64, CalSolutions = [ Sol1 Sol2 ], Total Rows = 27
2023-04-05 09:32:40	INFO	FlagCalTableHandler::	------------------------------------------------------------------------------------ 
2023-04-05 09:32:40	INFO	FlagCalTableHandler::	Chunk = 6 [progress: 66%], Observation = 0~0, Scan = 1~1, Field = 0 (3C147), Spw = 12, Channels = 64, CalSolutions = [ Sol1 Sol2 ], Total Rows = 27
2023-04-05 09:32:41	INFO	FlagCalTableHandler::	------------------------------------------------------------------------------------ 
2023-04-05 09:32:41	INFO	FlagCalTableHandler::	Chunk = 7 [progress: 77%], Observation = 0~0, Scan = 1~1, Field = 0 (3C147), Spw = 13, Channels = 64, CalSolutions = [ Sol1 Sol2 ], Total Rows = 27
2023-04-05 09:32:41	INFO	FlagCalTableHandler::	------------------------------------------------------------------------------------ 
2023-04-05 09:32:41	INFO	FlagCalTableHandler::	Chunk = 8 [progress: 88%], Observation = 0~0, Scan = 1~1, Field = 0 (3C147), Spw = 14, Channels = 64, CalSolutions = [ Sol1 Sol2 ], Total Rows = 27
2023-04-05 09:32:41	INFO	FlagCalTableHandler::	------------------------------------------------------------------------------------ 
2023-04-05 09:32:41	INFO	FlagCalTableHandler::	Chunk = 9 [progress: 100%], Observation = 0~0, Scan = 1~1, Field = 0 (3C147), Spw = 15, Channels = 64, CalSolutions = [ Sol1 Sol2 ], Total Rows = 27
2023-04-05 09:32:41	INFO	FlagCalTableHandler::nextChunk 	==================================================================================== 
2023-04-05 09:32:41	INFO	AgentFlagger::run	=> Writing flags to the MS
2023-04-05 09:32:41	INFO	flagdata::::casa	Task flagdata complete. Start time: 2023-04-05 19:32:40.077591 End time: 2023-04-05 19:32:40.516605
2023-04-05 09:32:41	INFO	flagdata::::casa	##### End Task: flagdata             #####
2023-04-05 09:32:41	INFO	flagdata::::casa	##########################################
2023-04-05 09:32:41	INFO	applycal::::casa	##########################################
2023-04-05 09:32:41	INFO	applycal::::casa	##### Begin Task: applycal           #####
2023-04-05 09:32:41	INFO	applycal::::casa	applycal( vis='/DATA/CARINA_3/kel334/19A-056/19A-056.sb37163380.eb37257903.58741.80710626158/19A-056.sb37163380.eb37257903.58741.80710626158_hanning.ms', field='', spw='', intent='', selectdata=True, timerange='', uvrange='', antenna='', scan='', observation='', msselect='', docallib=False, callib='', gaintable=['/DATA/CARINA_3/kel334/19A-056/19A-056.sb37163380.eb37257903.58741.80710626158/caltables/19A-056.opac', '/DATA/CARINA_3/kel334/19A-056/19A-056.sb37163380.eb37257903.58741.80710626158/caltables/19A-056.rq', '/DATA/CARINA_3/kel334/19A-056/19A-056.sb37163380.eb37257903.58741.80710626158/caltables/19A-056.antpos', '/DATA/CARINA_3/kel334/19A-056/19A-056.sb37163380.eb37257903.58741.80710626158/caltables/19A-056.K0', '/DATA/CARINA_3/kel334/19A-056/19A-056.sb37163380.eb37257903.58741.80710626158/caltables/19A-056.ap.G0', '/DATA/CARINA_3/kel334/19A-056/19A-056.sb37163380.eb37257903.58741.80710626158/caltables/19A-056.B0'], gainfield=[], interp=['', '', '', '', '', 'nearest,nearestflag'], spwmap=[], calwt=[False], parang=True, applymode='calflagstrict', flagbackup=False )
2023-04-05 09:32:41	INFO	applycal::calibrater::open	****Using NEW VI2-driven calibrater tool****
2023-04-05 09:32:41	INFO	applycal::calibrater::open	Opening MS: /DATA/CARINA_3/kel334/19A-056/19A-056.sb37163380.eb37257903.58741.80710626158/19A-056.sb37163380.eb37257903.58741.80710626158_hanning.ms for calibration.
2023-04-05 09:32:41	INFO	applycal::Calibrater::	Initializing nominal selection to the whole MS.
2023-04-05 09:32:41	INFO	applycal::calibrater::setdata	Beginning selectvis--(MSSelection version)-------
2023-04-05 09:32:41	INFO	applycal::calibrater::reset	Reseting solve/apply state
2023-04-05 09:32:41	INFO	applycal::Calibrater::selectvis	Performing selection on MeasurementSet
2023-04-05 09:32:41	INFO	applycal::Calibrater::selectvis	Selection did not drop any rows
2023-04-05 09:32:41	INFO	applycal::Calibrater::selectvis	Frequency selection: Selecting all channels in all spws.
2023-04-05 09:32:41	INFO	applycal::calibrater::setdata	chanmode=none nchan=1 start=0 step=1 mStart='0km/s' mStep='0km/s' msSelect=''
2023-04-05 09:32:41	INFO	applycal::calibrater::setapply	Beginning setapply--(MSSelection version)-------
2023-04-05 09:32:41	INFO	applycal::Calibrater::setapply(type, applypar)	Arranging to APPLY:
2023-04-05 09:32:41	INFO	applycal::Calibrater::setapply(type, applypar)	.   TOpac: table=/DATA/CARINA_3/kel334/19A-056/19A-056.sb37163380.eb37257903.58741.80710626158/caltables/19A-056.opac select= interp=linear spwmap=[-1] calWt=false
2023-04-05 09:32:41	INFO	applycal::calibrater::setapply	Beginning setapply--(MSSelection version)-------
2023-04-05 09:32:41	INFO	applycal::Calibrater::setapply(type, applypar)	Arranging to APPLY:
2023-04-05 09:33:01	INFO	applycal::Calibrater::setapply(type, applypar)	.   G EVLASWPOW: table=/DATA/CARINA_3/kel334/19A-056/19A-056.sb37163380.eb37257903.58741.80710626158/caltables/19A-056.rq select= interp=linear spwmap=[-1] calWt=false
2023-04-05 09:33:01	INFO	applycal::calibrater::setapply	Beginning setapply--(MSSelection version)-------
2023-04-05 09:33:01	INFO	applycal::Calibrater::setapply(type, applypar)	Arranging to APPLY:
2023-04-05 09:33:01	INFO	applycal::::	 (KAntPos Jones: Overriding with spwmap=[0] since KAntPos Jones is not spw-dependent)
2023-04-05 09:33:01	INFO	applycal::::	No VLATrDelCorr keyword in the antpos caltable; turning trop delay correction OFF.
2023-04-05 09:33:01	INFO	applycal::Calibrater::setapply(type, applypar)	.   KAntPos Jones: table=/DATA/CARINA_3/kel334/19A-056/19A-056.sb37163380.eb37257903.58741.80710626158/caltables/19A-056.antpos select= interp=linear spwmap=[0] calWt=false
2023-04-05 09:33:01	INFO	applycal::calibrater::setapply	Beginning setapply--(MSSelection version)-------
2023-04-05 09:33:01	INFO	applycal::Calibrater::setapply(type, applypar)	Arranging to APPLY:
2023-04-05 09:33:02	INFO	applycal::Calibrater::setapply(type, applypar)	.   K Jones: table=/DATA/CARINA_3/kel334/19A-056/19A-056.sb37163380.eb37257903.58741.80710626158/caltables/19A-056.K0 select= interp=linear spwmap=[-1] calWt=false
2023-04-05 09:33:02	INFO	applycal::calibrater::setapply	Beginning setapply--(MSSelection version)-------
2023-04-05 09:33:02	INFO	applycal::Calibrater::setapply(type, applypar)	Arranging to APPLY:
2023-04-05 09:33:03	INFO	applycal::Calibrater::setapply(type, applypar)	.   G Jones: table=/DATA/CARINA_3/kel334/19A-056/19A-056.sb37163380.eb37257903.58741.80710626158/caltables/19A-056.ap.G0 select= interp=linear spwmap=[-1] calWt=false
2023-04-05 09:33:03	INFO	applycal::calibrater::setapply	Beginning setapply--(MSSelection version)-------
2023-04-05 09:33:03	INFO	applycal::Calibrater::setapply(type, applypar)	Arranging to APPLY:
2023-04-05 09:33:03	INFO	applycal::Calibrater::setapply(type, applypar)	.   B Jones: table=/DATA/CARINA_3/kel334/19A-056/19A-056.sb37163380.eb37257903.58741.80710626158/caltables/19A-056.B0 select= interp=nearest,nearestflag spwmap=[-1] calWt=false
2023-04-05 09:33:03	INFO	applycal::calibrater::setapply	Beginning setapply--(MSSelection version)-------
2023-04-05 09:33:03	INFO	applycal::Calibrater::setapply(type, applypar)	Arranging to APPLY:
2023-04-05 09:33:03	INFO	applycal::Calibrater::setapply(type, applypar)	.   P Jones <pre-computed>
2023-04-05 09:33:03	INFO	applycal::calibrater::correct	Beginning correct---------------------------
2023-04-05 09:33:03	INFO	applycal::Calibrater::correct2 (VI2/VB2)	The following calibration terms are arranged for apply:
2023-04-05 09:33:03	INFO	applycal::Calibrater::correct2 (VI2/VB2)	.   KAntPos Jones: table=/DATA/CARINA_3/kel334/19A-056/19A-056.sb37163380.eb37257903.58741.80710626158/caltables/19A-056.antpos select= interp=linear spwmap=[0] calWt=false
2023-04-05 09:33:03	INFO	applycal::Calibrater::correct2 (VI2/VB2)	.   B Jones: table=/DATA/CARINA_3/kel334/19A-056/19A-056.sb37163380.eb37257903.58741.80710626158/caltables/19A-056.B0 select= interp=nearest,nearestflag spwmap=[-1] calWt=false
2023-04-05 09:33:03	INFO	applycal::Calibrater::correct2 (VI2/VB2)	.   K Jones: table=/DATA/CARINA_3/kel334/19A-056/19A-056.sb37163380.eb37257903.58741.80710626158/caltables/19A-056.K0 select= interp=linear spwmap=[-1] calWt=false
2023-04-05 09:33:03	INFO	applycal::Calibrater::correct2 (VI2/VB2)	.   G EVLASWPOW: table=/DATA/CARINA_3/kel334/19A-056/19A-056.sb37163380.eb37257903.58741.80710626158/caltables/19A-056.rq select= interp=linear spwmap=[-1] calWt=false
2023-04-05 09:33:03	INFO	applycal::Calibrater::correct2 (VI2/VB2)	.   G Jones: table=/DATA/CARINA_3/kel334/19A-056/19A-056.sb37163380.eb37257903.58741.80710626158/caltables/19A-056.ap.G0 select= interp=linear spwmap=[-1] calWt=false
2023-04-05 09:33:03	INFO	applycal::Calibrater::correct2 (VI2/VB2)	.   P Jones <pre-computed>
2023-04-05 09:33:03	INFO	applycal::Calibrater::correct2 (VI2/VB2)	.   TOpac: table=/DATA/CARINA_3/kel334/19A-056/19A-056.sb37163380.eb37257903.58741.80710626158/caltables/19A-056.opac select= interp=linear spwmap=[-1] calWt=false
