2023-02-25 04:47:10	INFO	::casa	
2023-02-25 04:47:14	INFO	::casa	Python version 3.8.16
2023-02-25 04:47:14	INFO	::casa	CASA Version PIPELINE 6.5.3.28
2023-02-25 04:47:14	INFO	::casa	Can't import casatelemetry module.
2023-02-25 04:47:18	INFO	msmetadata_cmpt.cc::open	Performing internal consistency checks on /DATA/CARINA_3/kel334/19A-056/19A-056.sb37262953.eb37267948.58744.511782789355/19A-056.sb37262953.eb37267948.58744.511782789355.ms...
2023-02-25 04:47:18	INFO	flagmanager::::casa	##########################################
2023-02-25 04:47:18	INFO	flagmanager::::casa	##### Begin Task: flagmanager        #####
2023-02-25 04:47:18	INFO	flagmanager::::casa	flagmanager( vis='/DATA/CARINA_3/kel334/19A-056/19A-056.sb37262953.eb37267948.58744.511782789355/19A-056.sb37262953.eb37267948.58744.511782789355_hanning.ms', mode='restore', versionname='original', oldname='', comment='', merge='replace' )
2023-02-25 04:47:18	INFO	flagmanager::AgentFlagger::open	Table type is Measurement Set
2023-02-25 04:47:18	INFO	flagmanager::::casa	Restore flagversions original
2023-02-25 04:47:40	INFO	flagmanager::::casa	Task flagmanager complete. Start time: 2023-02-25 15:47:18.394209 End time: 2023-02-25 15:47:40.297824
2023-02-25 04:47:40	INFO	flagmanager::::casa	##### End Task: flagmanager          #####
2023-02-25 04:47:40	INFO	flagmanager::::casa	##########################################
2023-02-25 04:47:40	INFO	flagmanager::::casa	##########################################
2023-02-25 04:47:40	INFO	flagmanager::::casa	##### Begin Task: flagmanager        #####
2023-02-25 04:47:40	INFO	flagmanager::::casa	flagmanager( vis='/DATA/CARINA_3/kel334/19A-056/19A-056.sb37262953.eb37267948.58744.511782789355/19A-056.sb37262953.eb37267948.58744.511782789355_hanning.ms', mode='restore', versionname='after_detflags', oldname='', comment='', merge='replace' )
2023-02-25 04:47:40	INFO	flagmanager::AgentFlagger::open	Table type is Measurement Set
2023-02-25 04:47:40	INFO	flagmanager::::casa	Restore flagversions after_detflags
2023-02-25 04:48:01	INFO	flagmanager::::casa	Task flagmanager complete. Start time: 2023-02-25 15:47:40.305863 End time: 2023-02-25 15:48:01.184629
2023-02-25 04:48:01	INFO	flagmanager::::casa	##### End Task: flagmanager          #####
2023-02-25 04:48:01	INFO	flagmanager::::casa	##########################################
2023-02-25 04:48:01	INFO	msmetadata_cmpt.cc::open	Performing internal consistency checks on /DATA/CARINA_3/kel334/19A-056/19A-056.sb37262953.eb37267948.58744.511782789355/19A-056.sb37262953.eb37267948.58744.511782789355_hanning.ms...
2023-02-25 04:48:01	INFO	MSMetaData::_computeScanAndSubScanProperties 	Computing scan and subscan properties...
2023-02-25 04:48:03	INFO	msmetadata_cmpt.cc::open	Performing internal consistency checks on /DATA/CARINA_3/kel334/19A-056/19A-056.sb37262953.eb37267948.58744.511782789355/19A-056.sb37262953.eb37267948.58744.511782789355_hanning.ms...
2023-02-25 04:48:03	INFO	setjy::::casa	##########################################
2023-02-25 04:48:03	INFO	setjy::::casa	##### Begin Task: setjy              #####
2023-02-25 04:48:03	INFO	setjy::::casa	setjy( vis='/DATA/CARINA_3/kel334/19A-056/19A-056.sb37262953.eb37267948.58744.511782789355/19A-056.sb37262953.eb37267948.58744.511782789355_hanning.ms', field='J0542+4951', spw='', selectdata=False, timerange='', scan='', intent='', observation='', scalebychan=True, standard='Perley-Butler 2017', model='3C147_L.im', listmodels=False, fluxdensity=-1, spix=0.0, reffreq='1GHz', polindex=[], polangle=[], rotmeas=0.0, fluxdict={}, useephemdir=False, interpolation='nearest', usescratch=True, ismms=False )
2023-02-25 04:48:03	INFO	setjy::::casa	{'field': 'J0542+4951'}
2023-02-25 04:48:03	INFO	Imager::open() 	Opening MeasurementSet /DATA/CARINA_3/kel334/19A-056/19A-056.sb37262953.eb37267948.58744.511782789355/19A-056.sb37262953.eb37267948.58744.511782789355_hanning.ms
2023-02-25 04:48:03	INFO		Clearing all model records in MS header.
2023-02-25 04:48:07	INFO	setjy::::casa	Using /u/kel334/.casa/data/nrao/VLA/CalModels/3C147_L.im for model.
2023-02-25 04:48:07	INFO	imager::setjy()	Using channel dependent flux densities
2023-02-25 04:48:07	INFO		Clearing all model records in MS header.
2023-02-25 04:48:10	INFO	imager::data selection	Selected 1493856 out of 6115824 rows.
2023-02-25 04:48:10	INFO	imager::setjy()	  J0542+4951 (fld ind 0) spw 0  [I=28.131, Q=0, U=0, V=0] Jy @ 1.008e+09Hz, (Perley-Butler 2017)
2023-02-25 04:48:10	INFO	imager::setjy()	  J0542+4951 (fld ind 0) spw 1  [I=26.94, Q=0, U=0, V=0] Jy @ 1.072e+09Hz, (Perley-Butler 2017)
2023-02-25 04:48:10	INFO	imager::setjy()	  J0542+4951 (fld ind 0) spw 2  [I=25.849, Q=0, U=0, V=0] Jy @ 1.136e+09Hz, (Perley-Butler 2017)
2023-02-25 04:48:10	INFO	imager::setjy()	  J0542+4951 (fld ind 0) spw 3  [I=24.846, Q=0, U=0, V=0] Jy @ 1.2e+09Hz, (Perley-Butler 2017)
2023-02-25 04:48:10	INFO	imager::setjy()	  J0542+4951 (fld ind 0) spw 4  [I=23.92, Q=0, U=0, V=0] Jy @ 1.264e+09Hz, (Perley-Butler 2017)
2023-02-25 04:48:10	INFO	imager::setjy()	  J0542+4951 (fld ind 0) spw 5  [I=23.062, Q=0, U=0, V=0] Jy @ 1.328e+09Hz, (Perley-Butler 2017)
2023-02-25 04:48:10	INFO	imager::setjy()	  J0542+4951 (fld ind 0) spw 6  [I=22.266, Q=0, U=0, V=0] Jy @ 1.392e+09Hz, (Perley-Butler 2017)
2023-02-25 04:48:10	INFO	imager::setjy()	  J0542+4951 (fld ind 0) spw 7  [I=21.524, Q=0, U=0, V=0] Jy @ 1.456e+09Hz, (Perley-Butler 2017)
2023-02-25 04:48:10	INFO	imager::setjy()	  J0542+4951 (fld ind 0) spw 8  [I=20.832, Q=0, U=0, V=0] Jy @ 1.52e+09Hz, (Perley-Butler 2017)
2023-02-25 04:48:10	INFO	imager::setjy()	  J0542+4951 (fld ind 0) spw 9  [I=20.183, Q=0, U=0, V=0] Jy @ 1.584e+09Hz, (Perley-Butler 2017)
2023-02-25 04:48:10	INFO	imager::setjy()	  J0542+4951 (fld ind 0) spw 10  [I=19.575, Q=0, U=0, V=0] Jy @ 1.648e+09Hz, (Perley-Butler 2017)
2023-02-25 04:48:10	INFO	imager::setjy()	  J0542+4951 (fld ind 0) spw 11  [I=19.003, Q=0, U=0, V=0] Jy @ 1.712e+09Hz, (Perley-Butler 2017)
2023-02-25 04:48:10	INFO	imager::setjy()	  J0542+4951 (fld ind 0) spw 12  [I=18.464, Q=0, U=0, V=0] Jy @ 1.776e+09Hz, (Perley-Butler 2017)
2023-02-25 04:48:10	INFO	imager::setjy()	  J0542+4951 (fld ind 0) spw 13  [I=17.955, Q=0, U=0, V=0] Jy @ 1.84e+09Hz, (Perley-Butler 2017)
2023-02-25 04:48:10	INFO	imager::setjy()	  J0542+4951 (fld ind 0) spw 14  [I=17.474, Q=0, U=0, V=0] Jy @ 1.904e+09Hz, (Perley-Butler 2017)
2023-02-25 04:48:10	INFO	imager::setjy()	  J0542+4951 (fld ind 0) spw 15  [I=17.019, Q=0, U=0, V=0] Jy @ 1.968e+09Hz, (Perley-Butler 2017)
2023-02-25 04:48:15	INFO	imager::setjy()	Using model image /u/kel334/.casa/data/nrao/VLA/CalModels/3C147_L.im
2023-02-25 04:48:15	INFO	imager::setjy()	Scaling spw(s) [0, 1, 2, 3, 4, 5, 6, 7, 8, 9, 10, 11, 12, 13, 14, 15]'s model image by channel to  I = 28.1425, 20.8376, 16.5903 Jy @(1.00742e+09, 1.51942e+09, 2.03142e+09)Hz (LSRK) for visibility prediction (a few representative values are shown).
2023-02-25 04:48:15	INFO	imager::setjy()	The model image's reference pixel is 0.000469228 arcsec from J0542+4951's phase center.
2023-02-25 04:48:15	INFO		Clearing all model records in MS header.
2023-02-25 04:48:15	INFO	imager::data selection	Selected 93366 out of 6115824 rows.
2023-02-25 04:48:16	INFO		Clearing all model records in MS header.
2023-02-25 04:48:16	INFO	imager::data selection	Selected 93366 out of 6115824 rows.
2023-02-25 04:48:19	INFO		Clearing all model records in MS header.
2023-02-25 04:48:20	INFO	imager::data selection	Selected 93366 out of 6115824 rows.
2023-02-25 04:48:21	INFO		Clearing all model records in MS header.
2023-02-25 04:48:21	INFO	imager::data selection	Selected 93366 out of 6115824 rows.
2023-02-25 04:48:24	INFO		Clearing all model records in MS header.
2023-02-25 04:48:24	INFO	imager::data selection	Selected 93366 out of 6115824 rows.
2023-02-25 04:48:26	INFO		Clearing all model records in MS header.
2023-02-25 04:48:26	INFO	imager::data selection	Selected 93366 out of 6115824 rows.
2023-02-25 04:48:30	INFO		Clearing all model records in MS header.
2023-02-25 04:48:30	INFO	imager::data selection	Selected 93366 out of 6115824 rows.
2023-02-25 04:48:31	INFO		Clearing all model records in MS header.
2023-02-25 04:48:31	INFO	imager::data selection	Selected 93366 out of 6115824 rows.
2023-02-25 04:48:34	INFO		Clearing all model records in MS header.
2023-02-25 04:48:34	INFO	imager::data selection	Selected 93366 out of 6115824 rows.
2023-02-25 04:48:36	INFO		Clearing all model records in MS header.
2023-02-25 04:48:36	INFO	imager::data selection	Selected 93366 out of 6115824 rows.
2023-02-25 04:48:39	INFO		Clearing all model records in MS header.
2023-02-25 04:48:39	INFO	imager::data selection	Selected 93366 out of 6115824 rows.
2023-02-25 04:48:40	INFO		Clearing all model records in MS header.
2023-02-25 04:48:41	INFO	imager::data selection	Selected 93366 out of 6115824 rows.
2023-02-25 04:48:46	INFO		Clearing all model records in MS header.
2023-02-25 04:48:47	INFO	imager::data selection	Selected 93366 out of 6115824 rows.
2023-02-25 04:48:48	INFO		Clearing all model records in MS header.
2023-02-25 04:48:48	INFO	imager::data selection	Selected 93366 out of 6115824 rows.
2023-02-25 04:48:52	INFO		Clearing all model records in MS header.
2023-02-25 04:48:52	INFO	imager::data selection	Selected 93366 out of 6115824 rows.
2023-02-25 04:48:57	INFO		Clearing all model records in MS header.
2023-02-25 04:48:57	INFO	imager::data selection	Selected 93366 out of 6115824 rows.
2023-02-25 04:49:02	INFO	setjy::::casa	Task setjy complete. Start time: 2023-02-25 15:48:03.011826 End time: 2023-02-25 15:49:02.250640
2023-02-25 04:49:02	INFO	setjy::::casa	##### End Task: setjy                #####
2023-02-25 04:49:02	INFO	setjy::::casa	##########################################
2023-02-25 04:49:02	INFO	msmetadata_cmpt.cc::open	Performing internal consistency checks on /DATA/CARINA_3/kel334/19A-056/19A-056.sb37262953.eb37267948.58744.511782789355/19A-056.sb37262953.eb37267948.58744.511782789355_hanning.ms...
2023-02-25 04:49:03	INFO	msmetadata_cmpt.cc::open	Performing internal consistency checks on /DATA/CARINA_3/kel334/19A-056/19A-056.sb37262953.eb37267948.58744.511782789355/19A-056.sb37262953.eb37267948.58744.511782789355_hanning.ms...
2023-02-25 04:49:03	INFO	msmetadata_cmpt.cc::open	Performing internal consistency checks on /DATA/CARINA_3/kel334/19A-056/19A-056.sb37262953.eb37267948.58744.511782789355/19A-056.sb37262953.eb37267948.58744.511782789355_hanning.ms...
2023-02-25 04:49:03	INFO	flagmanager::::casa	##########################################
2023-02-25 04:49:03	INFO	flagmanager::::casa	##### Begin Task: flagmanager        #####
2023-02-25 04:49:03	INFO	flagmanager::::casa	flagmanager( vis='/DATA/CARINA_3/kel334/19A-056/19A-056.sb37262953.eb37267948.58744.511782789355/19A-056.sb37262953.eb37267948.58744.511782789355_hanning.ms', mode='delete', versionname='before_initcal_round_0_flags', oldname='', comment='', merge='replace' )
2023-02-25 04:49:03	INFO	flagmanager::AgentFlagger::open	Table type is Measurement Set
2023-02-25 04:49:03	WARN	flagmanager::::	Deleting version: before_initcal_round_0_flags
2023-02-25 04:49:03	INFO	flagmanager::::casa	Task flagmanager complete. Start time: 2023-02-25 15:49:02.917997 End time: 2023-02-25 15:49:02.953943
2023-02-25 04:49:03	INFO	flagmanager::::casa	##### End Task: flagmanager          #####
2023-02-25 04:49:03	INFO	flagmanager::::casa	##########################################
2023-02-25 04:49:03	INFO	flagmanager::::casa	##########################################
2023-02-25 04:49:03	INFO	flagmanager::::casa	##### Begin Task: flagmanager        #####
2023-02-25 04:49:03	INFO	flagmanager::::casa	flagmanager( vis='/DATA/CARINA_3/kel334/19A-056/19A-056.sb37262953.eb37267948.58744.511782789355/19A-056.sb37262953.eb37267948.58744.511782789355_hanning.ms', mode='save', versionname='before_initcal_round_0_flags', oldname='', comment='', merge='replace' )
2023-02-25 04:49:03	INFO	flagmanager::AgentFlagger::open	Table type is Measurement Set
2023-02-25 04:49:03	INFO	flagmanager::::casa	Save current flagversions to before_initcal_round_0_flags
2023-02-25 04:49:03	INFO	FlagVersion::saveFlagVersion	Creating new backup flag file called before_initcal_round_0_flags
2023-02-25 04:49:13	INFO	flagmanager::::casa	Task flagmanager complete. Start time: 2023-02-25 15:49:02.954530 End time: 2023-02-25 15:49:12.501715
2023-02-25 04:49:13	INFO	flagmanager::::casa	##### End Task: flagmanager          #####
2023-02-25 04:49:13	INFO	flagmanager::::casa	##########################################
2023-02-25 04:49:13	INFO	flagdata::::casa	##########################################
2023-02-25 04:49:13	INFO	flagdata::::casa	##### Begin Task: flagdata           #####
2023-02-25 04:49:13	INFO	flagdata::::casa	flagdata( vis='/DATA/CARINA_3/kel334/19A-056/19A-056.sb37262953.eb37267948.58744.511782789355/19A-056.sb37262953.eb37267948.58744.511782789355_hanning.ms', mode='summary', autocorr=False, inpfile='', reason='any', tbuff=0.0, spw='', field='J0542+4951', antenna='', uvrange='', timerange='', correlation='', scan='', intent='', array='', observation='', feed='', clipminmax=[], datacolumn='DATA', clipoutside=True, channelavg=False, chanbin=1, timeavg=False, timebin='0s', clipzeros=False, quackinterval=1.0, quackmode='beg', quackincrement=False, tolerance=0.0, addantenna='', lowerlimit=0.0, upperlimit=90.0, ntime='scan', combinescans=False, timecutoff=4.0, freqcutoff=3.0, timefit='line', freqfit='poly', maxnpieces=7, flagdimension='freqtime', usewindowstats='none', halfwin=1, extendflags=True, winsize=3, timedev='', freqdev='', timedevscale=5.0, freqdevscale=5.0, spectralmax=1000000.0, spectralmin=0.0, antint_ref_antenna='', minchanfrac=0.6, verbose=False, extendpols=True, growtime=50.0, growfreq=50.0, growaround=False, flagneartime=False, flagnearfreq=False, minrel=0.0, maxrel=1.0, minabs=0, maxabs=-1, spwchan=False, spwcorr=False, basecnt=False, fieldcnt=False, name='before_initcal_round_0_flagging', action='apply', display='', flagbackup=True, savepars=False, cmdreason='', outfile='', overwrite=True, writeflags=True )
2023-02-25 04:49:13	INFO	AgentFlagger::open	Table type is Measurement Set
2023-02-25 04:49:13	INFO	flagdata::::casa	Summary mode is active
2023-02-25 04:49:13	INFO	flagdata::::casa	Initializing the agents
2023-02-25 04:49:13	INFO	AgentFlagger::initAgents	There are initially 1 agents in the list. Agents: summary
2023-02-25 04:49:13	INFO	Summary::setAgentParameters 	 display is: 
2023-02-25 04:49:13	INFO	AgentFlagger::initAgents	There are 1 valid agents in the list. Agents: summary
2023-02-25 04:49:13	INFO	flagdata::::casa	Running the agentflagger tool
2023-02-25 04:49:13	INFO	FlagMSHandler::	Chunk = 1 [progress: 0%], Observation = 0, Array = 0, Scan = 1, Field = 0 (J0542+4951), Spw = 0, Channels = 64, Corrs = [ RR RL LR LL ], Total Rows = 9828
2023-02-25 04:49:16	INFO	FlagMSHandler::	Chunk = 16 [progress: 10%], Observation = 0, Array = 0, Scan = 1, Field = 0 (J0542+4951), Spw = 15, Channels = 64, Corrs = [ RR RL LR LL ], Total Rows = 9828
2023-02-25 04:49:17	INFO	FlagMSHandler::	Chunk = 18 [progress: 21%], Observation = 0, Array = 0, Scan = 2, Field = 0 (J0542+4951), Spw = 1, Channels = 64, Corrs = [ RR RL LR LL ], Total Rows = 83538
2023-02-25 04:49:18	INFO	FlagMSHandler::	Chunk = 20 [progress: 32%], Observation = 0, Array = 0, Scan = 2, Field = 0 (J0542+4951), Spw = 3, Channels = 64, Corrs = [ RR RL LR LL ], Total Rows = 83538
2023-02-25 04:49:19	INFO	FlagMSHandler::	Chunk = 22 [progress: 44%], Observation = 0, Array = 0, Scan = 2, Field = 0 (J0542+4951), Spw = 5, Channels = 64, Corrs = [ RR RL LR LL ], Total Rows = 83538
2023-02-25 04:49:20	INFO	FlagMSHandler::	Chunk = 24 [progress: 55%], Observation = 0, Array = 0, Scan = 2, Field = 0 (J0542+4951), Spw = 7, Channels = 64, Corrs = [ RR RL LR LL ], Total Rows = 83538
2023-02-25 04:49:21	INFO	FlagMSHandler::	Chunk = 25 [progress: 60%], Observation = 0, Array = 0, Scan = 2, Field = 0 (J0542+4951), Spw = 8, Channels = 64, Corrs = [ RR RL LR LL ], Total Rows = 83538
2023-02-25 04:49:22	INFO	FlagMSHandler::	Chunk = 27 [progress: 72%], Observation = 0, Array = 0, Scan = 2, Field = 0 (J0542+4951), Spw = 10, Channels = 64, Corrs = [ RR RL LR LL ], Total Rows = 83538
2023-02-25 04:49:23	INFO	FlagMSHandler::	Chunk = 29 [progress: 83%], Observation = 0, Array = 0, Scan = 2, Field = 0 (J0542+4951), Spw = 12, Channels = 64, Corrs = [ RR RL LR LL ], Total Rows = 83538
2023-02-25 04:49:25	INFO	FlagMSHandler::	Chunk = 31 [progress: 94%], Observation = 0, Array = 0, Scan = 2, Field = 0 (J0542+4951), Spw = 14, Channels = 64, Corrs = [ RR RL LR LL ], Total Rows = 83538
2023-02-25 04:49:25	INFO	FlagMSHandler::	Chunk = 32 [progress: 100%], Observation = 0, Array = 0, Scan = 2, Field = 0 (J0542+4951), Spw = 15, Channels = 64, Corrs = [ RR RL LR LL ], Total Rows = 83538
2023-02-25 04:49:26	INFO	FlagMSHandler::nextChunk 	==================================================================================== 
2023-02-25 04:49:26	INFO	Summary::getResult 	 observation 0 flagged: 1.45838e+08 total: 3.82427e+08 (38.1%)
2023-02-25 04:49:26	INFO	Summary::getResult 	 spw 14 flagged: 9.10265e+06 total: 2.39017e+07 (38.1%)
2023-02-25 04:49:26	INFO	Summary::getResult 	 spw 15 flagged: 9.10265e+06 total: 2.39017e+07 (38.1%)
2023-02-25 04:49:26	INFO	Summary::getResult 	 spw 13 flagged: 9.10265e+06 total: 2.39017e+07 (38.1%)
2023-02-25 04:49:26	INFO	Summary::getResult 	 spw 10 flagged: 9.10265e+06 total: 2.39017e+07 (38.1%)
2023-02-25 04:49:26	INFO	Summary::getResult 	 spw 3 flagged: 9.10265e+06 total: 2.39017e+07 (38.1%)
2023-02-25 04:49:26	INFO	Summary::getResult 	 spw 5 flagged: 9.10265e+06 total: 2.39017e+07 (38.1%)
2023-02-25 04:49:26	INFO	Summary::getResult 	 spw 2 flagged: 9.10265e+06 total: 2.39017e+07 (38.1%)
2023-02-25 04:49:26	INFO	Summary::getResult 	 spw 4 flagged: 9.10265e+06 total: 2.39017e+07 (38.1%)
2023-02-25 04:49:26	INFO	Summary::getResult 	 spw 6 flagged: 9.10265e+06 total: 2.39017e+07 (38.1%)
2023-02-25 04:49:26	INFO	Summary::getResult 	 spw 7 flagged: 9.10265e+06 total: 2.39017e+07 (38.1%)
2023-02-25 04:49:26	INFO	Summary::getResult 	 spw 8 flagged: 9.10265e+06 total: 2.39017e+07 (38.1%)
2023-02-25 04:49:26	INFO	Summary::getResult 	 spw 0 flagged: 9.10265e+06 total: 2.39017e+07 (38.1%)
2023-02-25 04:49:26	INFO	Summary::getResult 	 spw 1 flagged: 9.2234e+06 total: 2.39017e+07 (38.6%)
2023-02-25 04:49:26	INFO	Summary::getResult 	 spw 9 flagged: 9.10265e+06 total: 2.39017e+07 (38.1%)
2023-02-25 04:49:26	INFO	Summary::getResult 	 spw 11 flagged: 9.17712e+06 total: 2.39017e+07 (38.4%)
2023-02-25 04:49:26	INFO	Summary::getResult 	 spw 12 flagged: 9.10265e+06 total: 2.39017e+07 (38.1%)
2023-02-25 04:49:26	INFO	Summary::getResult 	 field J0542+4951 flagged: 1.45838e+08 total: 3.82427e+08 (38.1%)
2023-02-25 04:49:26	INFO	Summary::getResult 	 array 0 flagged: 1.45838e+08 total: 3.82427e+08 (38.1%)
2023-02-25 04:49:26	INFO	Summary::getResult 	 scan 2 flagged: 1.05582e+08 total: 3.42172e+08 (30.9%)
2023-02-25 04:49:26	INFO	Summary::getResult 	 scan 1 flagged: 4.02555e+07 total: 4.02555e+07 (100%)
2023-02-25 04:49:26	INFO	Summary::getResult 	 antenna ea28 flagged: 9.3798e+06 total: 2.83279e+07 (33.1%)
2023-02-25 04:49:26	INFO	Summary::getResult 	 antenna ea27 flagged: 2.83279e+07 total: 2.83279e+07 (100%)
2023-02-25 04:49:26	INFO	Summary::getResult 	 antenna ea24 flagged: 9.40718e+06 total: 2.83279e+07 (33.2%)
2023-02-25 04:49:26	INFO	Summary::getResult 	 antenna ea22 flagged: 9.37493e+06 total: 2.83279e+07 (33.1%)
2023-02-25 04:49:26	INFO	Summary::getResult 	 antenna ea18 flagged: 9.41982e+06 total: 2.83279e+07 (33.3%)
2023-02-25 04:49:26	INFO	Summary::getResult 	 antenna ea25 flagged: 2.83279e+07 total: 2.83279e+07 (100%)
2023-02-25 04:49:26	INFO	Summary::getResult 	 antenna ea17 flagged: 9.3798e+06 total: 2.83279e+07 (33.1%)
2023-02-25 04:49:26	INFO	Summary::getResult 	 antenna ea23 flagged: 9.47562e+06 total: 2.83279e+07 (33.4%)
2023-02-25 04:49:26	INFO	Summary::getResult 	 antenna ea16 flagged: 9.38676e+06 total: 2.83279e+07 (33.1%)
2023-02-25 04:49:26	INFO	Summary::getResult 	 antenna ea15 flagged: 9.38247e+06 total: 2.83279e+07 (33.1%)
2023-02-25 04:49:26	INFO	Summary::getResult 	 antenna ea01 flagged: 9.3501e+06 total: 2.83279e+07 (33%)
2023-02-25 04:49:26	INFO	Summary::getResult 	 antenna ea03 flagged: 9.33067e+06 total: 2.83279e+07 (32.9%)
2023-02-25 04:49:26	INFO	Summary::getResult 	 antenna ea20 flagged: 9.38676e+06 total: 2.83279e+07 (33.1%)
2023-02-25 04:49:26	INFO	Summary::getResult 	 antenna ea04 flagged: 9.33514e+06 total: 2.83279e+07 (33%)
2023-02-25 04:49:26	INFO	Summary::getResult 	 antenna ea10 flagged: 9.45636e+06 total: 2.83279e+07 (33.4%)
2023-02-25 04:49:26	INFO	Summary::getResult 	 antenna ea05 flagged: 9.53199e+06 total: 2.83279e+07 (33.6%)
2023-02-25 04:49:26	INFO	Summary::getResult 	 antenna ea19 flagged: 9.38247e+06 total: 2.83279e+07 (33.1%)
2023-02-25 04:49:26	INFO	Summary::getResult 	 antenna ea02 flagged: 9.45636e+06 total: 2.83279e+07 (33.4%)
2023-02-25 04:49:26	INFO	Summary::getResult 	 antenna ea11 flagged: 9.45294e+06 total: 2.83279e+07 (33.4%)
2023-02-25 04:49:26	INFO	Summary::getResult 	 antenna ea26 flagged: 9.3501e+06 total: 2.83279e+07 (33%)
2023-02-25 04:49:26	INFO	Summary::getResult 	 antenna ea06 flagged: 9.38595e+06 total: 2.83279e+07 (33.1%)
2023-02-25 04:49:26	INFO	Summary::getResult 	 antenna ea14 flagged: 9.38595e+06 total: 2.83279e+07 (33.1%)
2023-02-25 04:49:26	INFO	Summary::getResult 	 antenna ea07 flagged: 9.38247e+06 total: 2.83279e+07 (33.1%)
2023-02-25 04:49:26	INFO	Summary::getResult 	 antenna ea12 flagged: 9.53872e+06 total: 2.83279e+07 (33.7%)
2023-02-25 04:49:26	INFO	Summary::getResult 	 antenna ea08 flagged: 9.38676e+06 total: 2.83279e+07 (33.1%)
2023-02-25 04:49:26	INFO	Summary::getResult 	 antenna ea13 flagged: 9.3501e+06 total: 2.83279e+07 (33%)
2023-02-25 04:49:26	INFO	Summary::getResult 	 antenna ea09 flagged: 9.3501e+06 total: 2.83279e+07 (33%)
2023-02-25 04:49:26	INFO	Summary::getResult 	 correlation LL flagged: 3.64904e+07 total: 9.56068e+07 (38.2%)
2023-02-25 04:49:26	INFO	Summary::getResult 	 correlation LR flagged: 3.64478e+07 total: 9.56068e+07 (38.1%)
2023-02-25 04:49:26	INFO	Summary::getResult 	 correlation RL flagged: 3.64515e+07 total: 9.56068e+07 (38.1%)
2023-02-25 04:49:26	INFO	Summary::getResult 	 correlation RR flagged: 3.64478e+07 total: 9.56068e+07 (38.1%)
2023-02-25 04:49:26	INFO	Summary::getResult 	 Total Flagged: 1.45838e+08 Total Counts: 3.82427e+08 (38.1%)
2023-02-25 04:49:26	INFO	flagdata::::casa	Flags are not written to the MS. (action='calculate')
2023-02-25 04:49:26	INFO	flagdata::::casa	Task flagdata complete. Start time: 2023-02-25 15:49:12.567672 End time: 2023-02-25 15:49:25.565624
2023-02-25 04:49:26	INFO	flagdata::::casa	##### End Task: flagdata             #####
2023-02-25 04:49:26	INFO	flagdata::::casa	##########################################
2023-02-25 04:49:26	INFO	applycal::::casa	##########################################
2023-02-25 04:49:26	INFO	applycal::::casa	##### Begin Task: applycal           #####
2023-02-25 04:49:26	INFO	applycal::::casa	applycal( vis='/DATA/CARINA_3/kel334/19A-056/19A-056.sb37262953.eb37267948.58744.511782789355/19A-056.sb37262953.eb37267948.58744.511782789355_hanning.ms', field='', spw='', intent='', selectdata=True, timerange='', uvrange='', antenna='', scan='', observation='', msselect='', docallib=False, callib='', gaintable=['/DATA/CARINA_3/kel334/19A-056/19A-056.sb37262953.eb37267948.58744.511782789355/caltables/19A-056.opac', '/DATA/CARINA_3/kel334/19A-056/19A-056.sb37262953.eb37267948.58744.511782789355/caltables/19A-056.rq', '/DATA/CARINA_3/kel334/19A-056/19A-056.sb37262953.eb37267948.58744.511782789355/caltables/19A-056.antpos', '/DATA/CARINA_3/kel334/19A-056/19A-056.sb37262953.eb37267948.58744.511782789355/caltables/19A-056.K0', '/DATA/CARINA_3/kel334/19A-056/19A-056.sb37262953.eb37267948.58744.511782789355/caltables/19A-056.ap.G0', '/DATA/CARINA_3/kel334/19A-056/19A-056.sb37262953.eb37267948.58744.511782789355/caltables/19A-056.B0'], gainfield=[], interp=['', '', '', '', '', 'nearest,nearestflag'], spwmap=[], calwt=[False], parang=True, applymode='calflagstrict', flagbackup=False )
2023-02-25 04:49:26	INFO	applycal::calibrater::open	****Using NEW VI2-driven calibrater tool****
2023-02-25 04:49:26	INFO	applycal::calibrater::open	Opening MS: /DATA/CARINA_3/kel334/19A-056/19A-056.sb37262953.eb37267948.58744.511782789355/19A-056.sb37262953.eb37267948.58744.511782789355_hanning.ms for calibration.
2023-02-25 04:49:26	INFO	applycal::Calibrater::	Initializing nominal selection to the whole MS.
2023-02-25 04:49:26	INFO	applycal::calibrater::setdata	Beginning selectvis--(MSSelection version)-------
2023-02-25 04:49:26	INFO	applycal::calibrater::reset	Reseting solve/apply state
2023-02-25 04:49:26	INFO	applycal::Calibrater::selectvis	Performing selection on MeasurementSet
2023-02-25 04:49:26	INFO	applycal::Calibrater::selectvis	Selection did not drop any rows
2023-02-25 04:49:26	INFO	applycal::Calibrater::selectvis	Frequency selection: Selecting all channels in all spws.
2023-02-25 04:49:26	INFO	applycal::calibrater::setdata	chanmode=none nchan=1 start=0 step=1 mStart='0km/s' mStep='0km/s' msSelect=''
2023-02-25 04:49:26	INFO	applycal::calibrater::setapply	Beginning setapply--(MSSelection version)-------
2023-02-25 04:49:26	INFO	applycal::Calibrater::setapply(type, applypar)	Arranging to APPLY:
2023-02-25 04:49:26	INFO	applycal::Calibrater::setapply(type, applypar)	.   TOpac: table=/DATA/CARINA_3/kel334/19A-056/19A-056.sb37262953.eb37267948.58744.511782789355/caltables/19A-056.opac select= interp=linear spwmap=[-1] calWt=false
2023-02-25 04:49:26	INFO	applycal::calibrater::setapply	Beginning setapply--(MSSelection version)-------
2023-02-25 04:49:26	INFO	applycal::Calibrater::setapply(type, applypar)	Arranging to APPLY:
2023-02-25 04:49:33	INFO	applycal::Calibrater::setapply(type, applypar)	.   G EVLASWPOW: table=/DATA/CARINA_3/kel334/19A-056/19A-056.sb37262953.eb37267948.58744.511782789355/caltables/19A-056.rq select= interp=linear spwmap=[-1] calWt=false
2023-02-25 04:49:33	INFO	applycal::calibrater::setapply	Beginning setapply--(MSSelection version)-------
2023-02-25 04:49:33	INFO	applycal::Calibrater::setapply(type, applypar)	Arranging to APPLY:
2023-02-25 04:49:33	INFO	applycal::::	 (KAntPos Jones: Overriding with spwmap=[0] since KAntPos Jones is not spw-dependent)
2023-02-25 04:49:33	INFO	applycal::::	No VLATrDelCorr keyword in the antpos caltable; turning trop delay correction OFF.
2023-02-25 04:49:33	INFO	applycal::Calibrater::setapply(type, applypar)	.   KAntPos Jones: table=/DATA/CARINA_3/kel334/19A-056/19A-056.sb37262953.eb37267948.58744.511782789355/caltables/19A-056.antpos select= interp=linear spwmap=[0] calWt=false
2023-02-25 04:49:33	INFO	applycal::calibrater::setapply	Beginning setapply--(MSSelection version)-------
2023-02-25 04:49:33	INFO	applycal::Calibrater::setapply(type, applypar)	Arranging to APPLY:
2023-02-25 04:49:33	INFO	applycal::Calibrater::setapply(type, applypar)	.   K Jones: table=/DATA/CARINA_3/kel334/19A-056/19A-056.sb37262953.eb37267948.58744.511782789355/caltables/19A-056.K0 select= interp=linear spwmap=[-1] calWt=false
2023-02-25 04:49:33	INFO	applycal::calibrater::setapply	Beginning setapply--(MSSelection version)-------
2023-02-25 04:49:33	INFO	applycal::Calibrater::setapply(type, applypar)	Arranging to APPLY:
2023-02-25 04:49:34	INFO	applycal::Calibrater::setapply(type, applypar)	.   G Jones: table=/DATA/CARINA_3/kel334/19A-056/19A-056.sb37262953.eb37267948.58744.511782789355/caltables/19A-056.ap.G0 select= interp=linear spwmap=[-1] calWt=false
2023-02-25 04:49:34	INFO	applycal::calibrater::setapply	Beginning setapply--(MSSelection version)-------
2023-02-25 04:49:34	INFO	applycal::Calibrater::setapply(type, applypar)	Arranging to APPLY:
2023-02-25 04:49:34	INFO	applycal::Calibrater::setapply(type, applypar)	.   B Jones: table=/DATA/CARINA_3/kel334/19A-056/19A-056.sb37262953.eb37267948.58744.511782789355/caltables/19A-056.B0 select= interp=nearest,nearestflag spwmap=[-1] calWt=false
2023-02-25 04:49:34	INFO	applycal::calibrater::setapply	Beginning setapply--(MSSelection version)-------
2023-02-25 04:49:34	INFO	applycal::Calibrater::setapply(type, applypar)	Arranging to APPLY:
2023-02-25 04:49:34	INFO	applycal::Calibrater::setapply(type, applypar)	.   P Jones <pre-computed>
2023-02-25 04:49:34	INFO	applycal::calibrater::correct	Beginning correct---------------------------
2023-02-25 04:49:34	INFO	applycal::Calibrater::correct2 (VI2/VB2)	The following calibration terms are arranged for apply:
2023-02-25 04:49:34	INFO	applycal::Calibrater::correct2 (VI2/VB2)	.   KAntPos Jones: table=/DATA/CARINA_3/kel334/19A-056/19A-056.sb37262953.eb37267948.58744.511782789355/caltables/19A-056.antpos select= interp=linear spwmap=[0] calWt=false
2023-02-25 04:49:34	INFO	applycal::Calibrater::correct2 (VI2/VB2)	.   B Jones: table=/DATA/CARINA_3/kel334/19A-056/19A-056.sb37262953.eb37267948.58744.511782789355/caltables/19A-056.B0 select= interp=nearest,nearestflag spwmap=[-1] calWt=false
2023-02-25 04:49:34	INFO	applycal::Calibrater::correct2 (VI2/VB2)	.   K Jones: table=/DATA/CARINA_3/kel334/19A-056/19A-056.sb37262953.eb37267948.58744.511782789355/caltables/19A-056.K0 select= interp=linear spwmap=[-1] calWt=false
2023-02-25 04:49:34	INFO	applycal::Calibrater::correct2 (VI2/VB2)	.   G EVLASWPOW: table=/DATA/CARINA_3/kel334/19A-056/19A-056.sb37262953.eb37267948.58744.511782789355/caltables/19A-056.rq select= interp=linear spwmap=[-1] calWt=false
2023-02-25 04:49:34	INFO	applycal::Calibrater::correct2 (VI2/VB2)	.   G Jones: table=/DATA/CARINA_3/kel334/19A-056/19A-056.sb37262953.eb37267948.58744.511782789355/caltables/19A-056.ap.G0 select= interp=linear spwmap=[-1] calWt=false
2023-02-25 04:49:34	INFO	applycal::Calibrater::correct2 (VI2/VB2)	.   P Jones <pre-computed>
2023-02-25 04:49:34	INFO	applycal::Calibrater::correct2 (VI2/VB2)	.   TOpac: table=/DATA/CARINA_3/kel334/19A-056/19A-056.sb37262953.eb37267948.58744.511782789355/caltables/19A-056.opac select= interp=linear spwmap=[-1] calWt=false
2023-02-25 04:51:19	WARN	applycal::Calibrater::correct2 (VI2/VB2)	Spectral window(s) 0, 1, 2, 3, 4, 8, 9, 
2023-02-25 04:51:19	WARN	applycal::Calibrater::correct2 (VI2/VB2)+	  could not be corrected due to missing (pre-)calibration
2023-02-25 04:51:19	WARN	applycal::Calibrater::correct2 (VI2/VB2)+	    in one or more of the specified tables.
2023-02-25 04:51:19	WARN	applycal::Calibrater::correct2 (VI2/VB2)+	    These spws have been flagged!
2023-02-25 04:51:19	INFO	applycal::calibrater::correct	Finished correcting.
2023-02-25 04:51:19	INFO	applycal::::casa	Calibration apply flagging statistics (among calibrateable spws):
2023-02-25 04:51:19	INFO	applycal::::casa	  Total visibilities selected for correction (ncorr x nchan x nrow summed over spws) = 880678656
2023-02-25 04:51:19	INFO	applycal::::casa	  Flags:
2023-02-25 04:51:19	INFO	applycal::::casa	   KAntPos Jones: In: 295618621 / 880678656   (33.56713813670534%) --> Out: 295618621 / 880678656   (33.56713813670534%) (/DATA/CARINA_3/kel334/19A-056/19A-056.sb37262953.eb37267948.58744.511782789355/caltables/19A-056.antpos)
2023-02-25 04:51:19	INFO	applycal::::casa	   B Jones: In: 295618621 / 880678656   (33.56713813670534%) --> Out: 295618621 / 880678656   (33.56713813670534%) (/DATA/CARINA_3/kel334/19A-056/19A-056.sb37262953.eb37267948.58744.511782789355/caltables/19A-056.B0)
2023-02-25 04:51:19	INFO	applycal::::casa	   K Jones: In: 295618621 / 880678656   (33.56713813670534%) --> Out: 295618621 / 880678656   (33.56713813670534%) (/DATA/CARINA_3/kel334/19A-056/19A-056.sb37262953.eb37267948.58744.511782789355/caltables/19A-056.K0)
2023-02-25 04:51:19	INFO	applycal::::casa	   G EVLASWPOW: In: 295618621 / 880678656   (33.56713813670534%) --> Out: 295747033 / 880678656   (33.58171916454394%) (/DATA/CARINA_3/kel334/19A-056/19A-056.sb37262953.eb37267948.58744.511782789355/caltables/19A-056.rq)
2023-02-25 04:51:19	INFO	applycal::::casa	   G Jones: In: 295747033 / 880678656   (33.58171916454394%) --> Out: 295952585 / 880678656   (33.60505934641387%) (/DATA/CARINA_3/kel334/19A-056/19A-056.sb37262953.eb37267948.58744.511782789355/caltables/19A-056.ap.G0)
2023-02-25 04:51:19	INFO	applycal::::casa	   P Jones: In: 295952585 / 880678656   (33.60505934641387%) --> Out: 295952585 / 880678656   (33.60505934641387%)
2023-02-25 04:51:19	INFO	applycal::::casa	   TOpac: In: 295952585 / 880678656   (33.60505934641387%) --> Out: 295952585 / 880678656   (33.60505934641387%) (/DATA/CARINA_3/kel334/19A-056/19A-056.sb37262953.eb37267948.58744.511782789355/caltables/19A-056.opac)
2023-02-25 04:51:21	INFO	applycal::::casa	Task applycal complete. Start time: 2023-02-25 15:49:26.030736 End time: 2023-02-25 15:51:21.269086
2023-02-25 04:51:21	INFO	applycal::::casa	##### End Task: applycal             #####
2023-02-25 04:51:21	INFO	applycal::::casa	##########################################
2023-02-25 04:51:21	INFO	flagmanager::::casa	##########################################
2023-02-25 04:51:21	INFO	flagmanager::::casa	##### Begin Task: flagmanager        #####
2023-02-25 04:51:21	INFO	flagmanager::::casa	flagmanager( vis='/DATA/CARINA_3/kel334/19A-056/19A-056.sb37262953.eb37267948.58744.511782789355/19A-056.sb37262953.eb37267948.58744.511782789355_hanning.ms', mode='delete', versionname='after_initcal_round_0_flags', oldname='', comment='', merge='replace' )
2023-02-25 04:51:21	INFO	flagmanager::AgentFlagger::open	Table type is Measurement Set
2023-02-25 04:51:21	WARN	flagmanager::FlagVersion::saveFlagVersion	Deleting version: after_initcal_round_0_flags
2023-02-25 04:51:24	INFO	flagmanager::::casa	Task flagmanager complete. Start time: 2023-02-25 15:51:21.270186 End time: 2023-02-25 15:51:23.953339
2023-02-25 04:51:24	INFO	flagmanager::::casa	##### End Task: flagmanager          #####
2023-02-25 04:51:24	INFO	flagmanager::::casa	##########################################
2023-02-25 04:51:24	INFO	flagmanager::::casa	##########################################
2023-02-25 04:51:24	INFO	flagmanager::::casa	##### Begin Task: flagmanager        #####
2023-02-25 04:51:24	INFO	flagmanager::::casa	flagmanager( vis='/DATA/CARINA_3/kel334/19A-056/19A-056.sb37262953.eb37267948.58744.511782789355/19A-056.sb37262953.eb37267948.58744.511782789355_hanning.ms', mode='save', versionname='after_initcal_round_0_flags', oldname='', comment='', merge='replace' )
2023-02-25 04:51:24	INFO	flagmanager::AgentFlagger::open	Table type is Measurement Set
2023-02-25 04:51:24	INFO	flagmanager::::casa	Save current flagversions to after_initcal_round_0_flags
2023-02-25 04:51:24	INFO	FlagVersion::saveFlagVersion	Creating new backup flag file called after_initcal_round_0_flags
2023-02-25 04:51:29	INFO	flagmanager::::casa	Task flagmanager complete. Start time: 2023-02-25 15:51:23.954053 End time: 2023-02-25 15:51:29.361226
2023-02-25 04:51:29	INFO	flagmanager::::casa	##### End Task: flagmanager          #####
2023-02-25 04:51:29	INFO	flagmanager::::casa	##########################################
2023-02-25 04:51:29	INFO	flagdata::::casa	##########################################
2023-02-25 04:51:29	INFO	flagdata::::casa	##### Begin Task: flagdata           #####
2023-02-25 04:51:29	INFO	flagdata::::casa	flagdata( vis='/DATA/CARINA_3/kel334/19A-056/19A-056.sb37262953.eb37267948.58744.511782789355/19A-056.sb37262953.eb37267948.58744.511782789355_hanning.ms', mode='summary', autocorr=False, inpfile='', reason='any', tbuff=0.0, spw='', field='J0542+4951', antenna='', uvrange='', timerange='', correlation='', scan='', intent='', array='', observation='', feed='', clipminmax=[], datacolumn='DATA', clipoutside=True, channelavg=False, chanbin=1, timeavg=False, timebin='0s', clipzeros=False, quackinterval=1.0, quackmode='beg', quackincrement=False, tolerance=0.0, addantenna='', lowerlimit=0.0, upperlimit=90.0, ntime='scan', combinescans=False, timecutoff=4.0, freqcutoff=3.0, timefit='line', freqfit='poly', maxnpieces=7, flagdimension='freqtime', usewindowstats='none', halfwin=1, extendflags=True, winsize=3, timedev='', freqdev='', timedevscale=5.0, freqdevscale=5.0, spectralmax=1000000.0, spectralmin=0.0, antint_ref_antenna='', minchanfrac=0.6, verbose=False, extendpols=True, growtime=50.0, growfreq=50.0, growaround=False, flagneartime=False, flagnearfreq=False, minrel=0.0, maxrel=1.0, minabs=0, maxabs=-1, spwchan=False, spwcorr=False, basecnt=False, fieldcnt=False, name='after_initcal_round_0_flagging', action='apply', display='', flagbackup=True, savepars=False, cmdreason='', outfile='', overwrite=True, writeflags=True )
2023-02-25 04:51:29	INFO	AgentFlagger::open	Table type is Measurement Set
2023-02-25 04:51:29	INFO	flagdata::::casa	Summary mode is active
2023-02-25 04:51:30	INFO	flagdata::::casa	Initializing the agents
2023-02-25 04:51:30	INFO	AgentFlagger::initAgents	There are initially 1 agents in the list. Agents: summary
2023-02-25 04:51:30	INFO	Summary::setAgentParameters 	 display is: 
2023-02-25 04:51:30	INFO	AgentFlagger::initAgents	There are 1 valid agents in the list. Agents: summary
2023-02-25 04:51:30	INFO	flagdata::::casa	Running the agentflagger tool
2023-02-25 04:51:30	INFO	FlagMSHandler::	Chunk = 1 [progress: 0%], Observation = 0, Array = 0, Scan = 1, Field = 0 (J0542+4951), Spw = 0, Channels = 64, Corrs = [ RR RL LR LL ], Total Rows = 9828
2023-02-25 04:51:33	INFO	FlagMSHandler::	Chunk = 16 [progress: 10%], Observation = 0, Array = 0, Scan = 1, Field = 0 (J0542+4951), Spw = 15, Channels = 64, Corrs = [ RR RL LR LL ], Total Rows = 9828
2023-02-25 04:51:34	INFO	FlagMSHandler::	Chunk = 18 [progress: 21%], Observation = 0, Array = 0, Scan = 2, Field = 0 (J0542+4951), Spw = 1, Channels = 64, Corrs = [ RR RL LR LL ], Total Rows = 83538
2023-02-25 04:51:35	INFO	FlagMSHandler::	Chunk = 20 [progress: 32%], Observation = 0, Array = 0, Scan = 2, Field = 0 (J0542+4951), Spw = 3, Channels = 64, Corrs = [ RR RL LR LL ], Total Rows = 83538
2023-02-25 04:51:36	INFO	FlagMSHandler::	Chunk = 22 [progress: 44%], Observation = 0, Array = 0, Scan = 2, Field = 0 (J0542+4951), Spw = 5, Channels = 64, Corrs = [ RR RL LR LL ], Total Rows = 83538
2023-02-25 04:51:37	INFO	FlagMSHandler::	Chunk = 24 [progress: 55%], Observation = 0, Array = 0, Scan = 2, Field = 0 (J0542+4951), Spw = 7, Channels = 64, Corrs = [ RR RL LR LL ], Total Rows = 83538
2023-02-25 04:51:38	INFO	FlagMSHandler::	Chunk = 25 [progress: 60%], Observation = 0, Array = 0, Scan = 2, Field = 0 (J0542+4951), Spw = 8, Channels = 64, Corrs = [ RR RL LR LL ], Total Rows = 83538
2023-02-25 04:51:39	INFO	FlagMSHandler::	Chunk = 27 [progress: 72%], Observation = 0, Array = 0, Scan = 2, Field = 0 (J0542+4951), Spw = 10, Channels = 64, Corrs = [ RR RL LR LL ], Total Rows = 83538
2023-02-25 04:51:40	INFO	FlagMSHandler::	Chunk = 29 [progress: 83%], Observation = 0, Array = 0, Scan = 2, Field = 0 (J0542+4951), Spw = 12, Channels = 64, Corrs = [ RR RL LR LL ], Total Rows = 83538
2023-02-25 04:51:41	INFO	FlagMSHandler::	Chunk = 31 [progress: 94%], Observation = 0, Array = 0, Scan = 2, Field = 0 (J0542+4951), Spw = 14, Channels = 64, Corrs = [ RR RL LR LL ], Total Rows = 83538
2023-02-25 04:51:42	INFO	FlagMSHandler::	Chunk = 32 [progress: 100%], Observation = 0, Array = 0, Scan = 2, Field = 0 (J0542+4951), Spw = 15, Channels = 64, Corrs = [ RR RL LR LL ], Total Rows = 83538
2023-02-25 04:51:43	INFO	FlagMSHandler::nextChunk 	==================================================================================== 
2023-02-25 04:51:43	INFO	Summary::getResult 	 observation 0 flagged: 2.49516e+08 total: 3.82427e+08 (65.2%)
2023-02-25 04:51:43	INFO	Summary::getResult 	 spw 14 flagged: 9.1639e+06 total: 2.39017e+07 (38.3%)
2023-02-25 04:51:43	INFO	Summary::getResult 	 spw 15 flagged: 9.10265e+06 total: 2.39017e+07 (38.1%)
2023-02-25 04:51:43	INFO	Summary::getResult 	 spw 13 flagged: 9.12817e+06 total: 2.39017e+07 (38.2%)
2023-02-25 04:51:43	INFO	Summary::getResult 	 spw 10 flagged: 9.14928e+06 total: 2.39017e+07 (38.3%)
2023-02-25 04:51:43	INFO	Summary::getResult 	 spw 3 flagged: 2.39017e+07 total: 2.39017e+07 (100%)
2023-02-25 04:51:43	INFO	Summary::getResult 	 spw 5 flagged: 9.11355e+06 total: 2.39017e+07 (38.1%)
2023-02-25 04:51:43	INFO	Summary::getResult 	 spw 2 flagged: 2.39017e+07 total: 2.39017e+07 (100%)
2023-02-25 04:51:43	INFO	Summary::getResult 	 spw 4 flagged: 2.39017e+07 total: 2.39017e+07 (100%)
2023-02-25 04:51:43	INFO	Summary::getResult 	 spw 6 flagged: 9.12817e+06 total: 2.39017e+07 (38.2%)
2023-02-25 04:51:43	INFO	Summary::getResult 	 spw 7 flagged: 9.13838e+06 total: 2.39017e+07 (38.2%)
2023-02-25 04:51:43	INFO	Summary::getResult 	 spw 8 flagged: 2.39017e+07 total: 2.39017e+07 (100%)
2023-02-25 04:51:43	INFO	Summary::getResult 	 spw 0 flagged: 2.39017e+07 total: 2.39017e+07 (100%)
2023-02-25 04:51:43	INFO	Summary::getResult 	 spw 1 flagged: 2.39017e+07 total: 2.39017e+07 (100%)
2023-02-25 04:51:43	INFO	Summary::getResult 	 spw 9 flagged: 2.39017e+07 total: 2.39017e+07 (100%)
2023-02-25 04:51:43	INFO	Summary::getResult 	 spw 11 flagged: 9.17712e+06 total: 2.39017e+07 (38.4%)
2023-02-25 04:51:43	INFO	Summary::getResult 	 spw 12 flagged: 9.10265e+06 total: 2.39017e+07 (38.1%)
2023-02-25 04:51:43	INFO	Summary::getResult 	 field J0542+4951 flagged: 2.49516e+08 total: 3.82427e+08 (65.2%)
2023-02-25 04:51:43	INFO	Summary::getResult 	 array 0 flagged: 2.49516e+08 total: 3.82427e+08 (65.2%)
2023-02-25 04:51:43	INFO	Summary::getResult 	 scan 2 flagged: 2.0926e+08 total: 3.42172e+08 (61.2%)
2023-02-25 04:51:43	INFO	Summary::getResult 	 scan 1 flagged: 4.02555e+07 total: 4.02555e+07 (100%)
2023-02-25 04:51:43	INFO	Summary::getResult 	 antenna ea28 flagged: 1.76863e+07 total: 2.83279e+07 (62.4%)
2023-02-25 04:51:43	INFO	Summary::getResult 	 antenna ea27 flagged: 2.83279e+07 total: 2.83279e+07 (100%)
2023-02-25 04:51:43	INFO	Summary::getResult 	 antenna ea24 flagged: 1.7711e+07 total: 2.83279e+07 (62.5%)
2023-02-25 04:51:43	INFO	Summary::getResult 	 antenna ea22 flagged: 1.76889e+07 total: 2.83279e+07 (62.4%)
2023-02-25 04:51:43	INFO	Summary::getResult 	 antenna ea18 flagged: 1.77323e+07 total: 2.83279e+07 (62.6%)
2023-02-25 04:51:43	INFO	Summary::getResult 	 antenna ea25 flagged: 2.83279e+07 total: 2.83279e+07 (100%)
2023-02-25 04:51:43	INFO	Summary::getResult 	 antenna ea17 flagged: 1.76863e+07 total: 2.83279e+07 (62.4%)
2023-02-25 04:51:43	INFO	Summary::getResult 	 antenna ea23 flagged: 1.76786e+07 total: 2.83279e+07 (62.4%)
2023-02-25 04:51:43	INFO	Summary::getResult 	 antenna ea16 flagged: 1.76863e+07 total: 2.83279e+07 (62.4%)
2023-02-25 04:51:43	INFO	Summary::getResult 	 antenna ea15 flagged: 1.76863e+07 total: 2.83279e+07 (62.4%)
2023-02-25 04:51:43	INFO	Summary::getResult 	 antenna ea01 flagged: 1.76641e+07 total: 2.83279e+07 (62.4%)
2023-02-25 04:51:43	INFO	Summary::getResult 	 antenna ea03 flagged: 1.76515e+07 total: 2.83279e+07 (62.3%)
2023-02-25 04:51:43	INFO	Summary::getResult 	 antenna ea20 flagged: 1.76863e+07 total: 2.83279e+07 (62.4%)
2023-02-25 04:51:43	INFO	Summary::getResult 	 antenna ea04 flagged: 1.76515e+07 total: 2.83279e+07 (62.3%)
2023-02-25 04:51:43	INFO	Summary::getResult 	 antenna ea10 flagged: 1.7726e+07 total: 2.83279e+07 (62.6%)
2023-02-25 04:51:43	INFO	Summary::getResult 	 antenna ea05 flagged: 1.77821e+07 total: 2.83279e+07 (62.8%)
2023-02-25 04:51:43	INFO	Summary::getResult 	 antenna ea19 flagged: 1.76863e+07 total: 2.83279e+07 (62.4%)
2023-02-25 04:51:43	INFO	Summary::getResult 	 antenna ea02 flagged: 1.7726e+07 total: 2.83279e+07 (62.6%)
2023-02-25 04:51:43	INFO	Summary::getResult 	 antenna ea11 flagged: 1.7726e+07 total: 2.83279e+07 (62.6%)
2023-02-25 04:51:43	INFO	Summary::getResult 	 antenna ea26 flagged: 1.76641e+07 total: 2.83279e+07 (62.4%)
2023-02-25 04:51:43	INFO	Summary::getResult 	 antenna ea06 flagged: 1.76863e+07 total: 2.83279e+07 (62.4%)
2023-02-25 04:51:43	INFO	Summary::getResult 	 antenna ea14 flagged: 1.76863e+07 total: 2.83279e+07 (62.4%)
2023-02-25 04:51:43	INFO	Summary::getResult 	 antenna ea07 flagged: 1.76863e+07 total: 2.83279e+07 (62.4%)
2023-02-25 04:51:43	INFO	Summary::getResult 	 antenna ea12 flagged: 1.77821e+07 total: 2.83279e+07 (62.8%)
2023-02-25 04:51:43	INFO	Summary::getResult 	 antenna ea08 flagged: 1.76863e+07 total: 2.83279e+07 (62.4%)
2023-02-25 04:51:43	INFO	Summary::getResult 	 antenna ea13 flagged: 1.76641e+07 total: 2.83279e+07 (62.4%)
2023-02-25 04:51:43	INFO	Summary::getResult 	 antenna ea09 flagged: 1.76641e+07 total: 2.83279e+07 (62.4%)
2023-02-25 04:51:43	INFO	Summary::getResult 	 correlation LL flagged: 6.23603e+07 total: 9.56068e+07 (65.2%)
2023-02-25 04:51:43	INFO	Summary::getResult 	 correlation LR flagged: 6.23976e+07 total: 9.56068e+07 (65.3%)
2023-02-25 04:51:43	INFO	Summary::getResult 	 correlation RL flagged: 6.23603e+07 total: 9.56068e+07 (65.2%)
2023-02-25 04:51:43	INFO	Summary::getResult 	 correlation RR flagged: 6.23976e+07 total: 9.56068e+07 (65.3%)
2023-02-25 04:51:43	INFO	Summary::getResult 	 Total Flagged: 2.49516e+08 Total Counts: 3.82427e+08 (65.2%)
2023-02-25 04:51:43	INFO	flagdata::::casa	Flags are not written to the MS. (action='calculate')
2023-02-25 04:51:43	INFO	flagdata::::casa	Task flagdata complete. Start time: 2023-02-25 15:51:29.379782 End time: 2023-02-25 15:51:42.537285
2023-02-25 04:51:43	INFO	flagdata::::casa	##### End Task: flagdata             #####
2023-02-25 04:51:43	INFO	flagdata::::casa	##########################################
2023-02-25 04:51:43	INFO	msmetadata_cmpt.cc::open	Performing internal consistency checks on /DATA/CARINA_3/kel334/19A-056/19A-056.sb37262953.eb37267948.58744.511782789355/19A-056.sb37262953.eb37267948.58744.511782789355_hanning.ms...
2023-02-25 04:51:43	INFO	flagmanager::::casa	##########################################
2023-02-25 04:51:43	INFO	flagmanager::::casa	##### Begin Task: flagmanager        #####
2023-02-25 04:51:43	INFO	flagmanager::::casa	flagmanager( vis='/DATA/CARINA_3/kel334/19A-056/19A-056.sb37262953.eb37267948.58744.511782789355/19A-056.sb37262953.eb37267948.58744.511782789355_hanning.ms', mode='restore', versionname='after_fluxcal_round_0_flags', oldname='', comment='', merge='replace' )
2023-02-25 04:51:43	INFO	flagmanager::AgentFlagger::open	Table type is Measurement Set
2023-02-25 04:51:43	INFO	flagmanager::::casa	Restore flagversions after_fluxcal_round_0_flags
2023-02-25 04:52:04	INFO	flagmanager::::casa	Task flagmanager complete. Start time: 2023-02-25 15:51:42.811498 End time: 2023-02-25 15:52:04.256509
2023-02-25 04:52:04	INFO	flagmanager::::casa	##### End Task: flagmanager          #####
2023-02-25 04:52:04	INFO	flagmanager::::casa	##########################################
2023-02-25 04:52:04	INFO	msmetadata_cmpt.cc::open	Performing internal consistency checks on /DATA/CARINA_3/kel334/19A-056/19A-056.sb37262953.eb37267948.58744.511782789355/19A-056.sb37262953.eb37267948.58744.511782789355_hanning.ms...
2023-02-25 04:52:04	INFO	flagmanager::::casa	##########################################
2023-02-25 04:52:04	INFO	flagmanager::::casa	##### Begin Task: flagmanager        #####
2023-02-25 04:52:04	INFO	flagmanager::::casa	flagmanager( vis='/DATA/CARINA_3/kel334/19A-056/19A-056.sb37262953.eb37267948.58744.511782789355/19A-056.sb37262953.eb37267948.58744.511782789355_hanning.ms', mode='delete', versionname='before_initcal_round_1_flags', oldname='', comment='', merge='replace' )
2023-02-25 04:52:04	INFO	flagmanager::AgentFlagger::open	Table type is Measurement Set
2023-02-25 04:52:04	WARN	flagmanager::FlagVersion::saveFlagVersion	Deleting version: before_initcal_round_1_flags
2023-02-25 04:52:04	INFO	flagmanager::::casa	Task flagmanager complete. Start time: 2023-02-25 15:52:04.444207 End time: 2023-02-25 15:52:04.467143
2023-02-25 04:52:04	INFO	flagmanager::::casa	##### End Task: flagmanager          #####
2023-02-25 04:52:04	INFO	flagmanager::::casa	##########################################
2023-02-25 04:52:04	INFO	flagmanager::::casa	##########################################
2023-02-25 04:52:04	INFO	flagmanager::::casa	##### Begin Task: flagmanager        #####
2023-02-25 04:52:04	INFO	flagmanager::::casa	flagmanager( vis='/DATA/CARINA_3/kel334/19A-056/19A-056.sb37262953.eb37267948.58744.511782789355/19A-056.sb37262953.eb37267948.58744.511782789355_hanning.ms', mode='save', versionname='before_initcal_round_1_flags', oldname='', comment='', merge='replace' )
2023-02-25 04:52:04	INFO	flagmanager::AgentFlagger::open	Table type is Measurement Set
2023-02-25 04:52:04	INFO	flagmanager::::casa	Save current flagversions to before_initcal_round_1_flags
2023-02-25 04:52:04	INFO	FlagVersion::saveFlagVersion	Creating new backup flag file called before_initcal_round_1_flags
2023-02-25 04:52:11	INFO	flagmanager::::casa	Task flagmanager complete. Start time: 2023-02-25 15:52:04.467792 End time: 2023-02-25 15:52:11.294844
2023-02-25 04:52:11	INFO	flagmanager::::casa	##### End Task: flagmanager          #####
2023-02-25 04:52:11	INFO	flagmanager::::casa	##########################################
2023-02-25 04:52:11	INFO	flagdata::::casa	##########################################
2023-02-25 04:52:11	INFO	flagdata::::casa	##### Begin Task: flagdata           #####
2023-02-25 04:52:11	INFO	flagdata::::casa	flagdata( vis='/DATA/CARINA_3/kel334/19A-056/19A-056.sb37262953.eb37267948.58744.511782789355/19A-056.sb37262953.eb37267948.58744.511782789355_hanning.ms', mode='summary', autocorr=False, inpfile='', reason='any', tbuff=0.0, spw='', field='J0542+4951', antenna='', uvrange='', timerange='', correlation='', scan='', intent='', array='', observation='', feed='', clipminmax=[], datacolumn='DATA', clipoutside=True, channelavg=False, chanbin=1, timeavg=False, timebin='0s', clipzeros=False, quackinterval=1.0, quackmode='beg', quackincrement=False, tolerance=0.0, addantenna='', lowerlimit=0.0, upperlimit=90.0, ntime='scan', combinescans=False, timecutoff=4.0, freqcutoff=3.0, timefit='line', freqfit='poly', maxnpieces=7, flagdimension='freqtime', usewindowstats='none', halfwin=1, extendflags=True, winsize=3, timedev='', freqdev='', timedevscale=5.0, freqdevscale=5.0, spectralmax=1000000.0, spectralmin=0.0, antint_ref_antenna='', minchanfrac=0.6, verbose=False, extendpols=True, growtime=50.0, growfreq=50.0, growaround=False, flagneartime=False, flagnearfreq=False, minrel=0.0, maxrel=1.0, minabs=0, maxabs=-1, spwchan=False, spwcorr=False, basecnt=False, fieldcnt=False, name='before_initcal_round_1_flagging', action='apply', display='', flagbackup=True, savepars=False, cmdreason='', outfile='', overwrite=True, writeflags=True )
2023-02-25 04:52:11	INFO	AgentFlagger::open	Table type is Measurement Set
2023-02-25 04:52:11	INFO	flagdata::::casa	Summary mode is active
2023-02-25 04:52:11	INFO	flagdata::::casa	Initializing the agents
2023-02-25 04:52:11	INFO	AgentFlagger::initAgents	There are initially 1 agents in the list. Agents: summary
2023-02-25 04:52:11	INFO	Summary::setAgentParameters 	 display is: 
2023-02-25 04:52:11	INFO	AgentFlagger::initAgents	There are 1 valid agents in the list. Agents: summary
2023-02-25 04:52:11	INFO	flagdata::::casa	Running the agentflagger tool
2023-02-25 04:52:12	INFO	FlagMSHandler::	Chunk = 1 [progress: 0%], Observation = 0, Array = 0, Scan = 1, Field = 0 (J0542+4951), Spw = 0, Channels = 64, Corrs = [ RR RL LR LL ], Total Rows = 9828
2023-02-25 04:52:15	INFO	FlagMSHandler::	Chunk = 16 [progress: 10%], Observation = 0, Array = 0, Scan = 1, Field = 0 (J0542+4951), Spw = 15, Channels = 64, Corrs = [ RR RL LR LL ], Total Rows = 9828
2023-02-25 04:52:15	INFO	FlagMSHandler::	Chunk = 18 [progress: 21%], Observation = 0, Array = 0, Scan = 2, Field = 0 (J0542+4951), Spw = 1, Channels = 64, Corrs = [ RR RL LR LL ], Total Rows = 83538
2023-02-25 04:52:17	INFO	FlagMSHandler::	Chunk = 20 [progress: 32%], Observation = 0, Array = 0, Scan = 2, Field = 0 (J0542+4951), Spw = 3, Channels = 64, Corrs = [ RR RL LR LL ], Total Rows = 83538
2023-02-25 04:52:18	INFO	FlagMSHandler::	Chunk = 22 [progress: 44%], Observation = 0, Array = 0, Scan = 2, Field = 0 (J0542+4951), Spw = 5, Channels = 64, Corrs = [ RR RL LR LL ], Total Rows = 83538
2023-02-25 04:52:19	INFO	FlagMSHandler::	Chunk = 24 [progress: 55%], Observation = 0, Array = 0, Scan = 2, Field = 0 (J0542+4951), Spw = 7, Channels = 64, Corrs = [ RR RL LR LL ], Total Rows = 83538
2023-02-25 04:52:19	INFO	FlagMSHandler::	Chunk = 25 [progress: 60%], Observation = 0, Array = 0, Scan = 2, Field = 0 (J0542+4951), Spw = 8, Channels = 64, Corrs = [ RR RL LR LL ], Total Rows = 83538
2023-02-25 04:52:21	INFO	FlagMSHandler::	Chunk = 27 [progress: 72%], Observation = 0, Array = 0, Scan = 2, Field = 0 (J0542+4951), Spw = 10, Channels = 64, Corrs = [ RR RL LR LL ], Total Rows = 83538
2023-02-25 04:52:22	INFO	FlagMSHandler::	Chunk = 29 [progress: 83%], Observation = 0, Array = 0, Scan = 2, Field = 0 (J0542+4951), Spw = 12, Channels = 64, Corrs = [ RR RL LR LL ], Total Rows = 83538
2023-02-25 04:52:23	INFO	FlagMSHandler::	Chunk = 31 [progress: 94%], Observation = 0, Array = 0, Scan = 2, Field = 0 (J0542+4951), Spw = 14, Channels = 64, Corrs = [ RR RL LR LL ], Total Rows = 83538
2023-02-25 04:52:23	INFO	FlagMSHandler::	Chunk = 32 [progress: 100%], Observation = 0, Array = 0, Scan = 2, Field = 0 (J0542+4951), Spw = 15, Channels = 64, Corrs = [ RR RL LR LL ], Total Rows = 83538
2023-02-25 04:52:24	INFO	FlagMSHandler::nextChunk 	==================================================================================== 
2023-02-25 04:52:24	INFO	Summary::getResult 	 observation 0 flagged: 2.51715e+08 total: 3.82427e+08 (65.8%)
2023-02-25 04:52:24	INFO	Summary::getResult 	 spw 14 flagged: 9.33525e+06 total: 2.39017e+07 (39.1%)
2023-02-25 04:52:24	INFO	Summary::getResult 	 spw 15 flagged: 9.14021e+06 total: 2.39017e+07 (38.2%)
2023-02-25 04:52:24	INFO	Summary::getResult 	 spw 13 flagged: 9.14767e+06 total: 2.39017e+07 (38.3%)
2023-02-25 04:52:24	INFO	Summary::getResult 	 spw 10 flagged: 1.0058e+07 total: 2.39017e+07 (42.1%)
2023-02-25 04:52:24	INFO	Summary::getResult 	 spw 3 flagged: 2.39017e+07 total: 2.39017e+07 (100%)
2023-02-25 04:52:24	INFO	Summary::getResult 	 spw 5 flagged: 9.85245e+06 total: 2.39017e+07 (41.2%)
2023-02-25 04:52:24	INFO	Summary::getResult 	 spw 2 flagged: 2.39017e+07 total: 2.39017e+07 (100%)
2023-02-25 04:52:24	INFO	Summary::getResult 	 spw 4 flagged: 2.39017e+07 total: 2.39017e+07 (100%)
2023-02-25 04:52:24	INFO	Summary::getResult 	 spw 6 flagged: 9.20229e+06 total: 2.39017e+07 (38.5%)
2023-02-25 04:52:24	INFO	Summary::getResult 	 spw 7 flagged: 9.19078e+06 total: 2.39017e+07 (38.5%)
2023-02-25 04:52:24	INFO	Summary::getResult 	 spw 8 flagged: 2.39017e+07 total: 2.39017e+07 (100%)
2023-02-25 04:52:24	INFO	Summary::getResult 	 spw 0 flagged: 2.39017e+07 total: 2.39017e+07 (100%)
2023-02-25 04:52:24	INFO	Summary::getResult 	 spw 1 flagged: 2.39017e+07 total: 2.39017e+07 (100%)
2023-02-25 04:52:24	INFO	Summary::getResult 	 spw 9 flagged: 2.39017e+07 total: 2.39017e+07 (100%)
2023-02-25 04:52:24	INFO	Summary::getResult 	 spw 11 flagged: 9.30001e+06 total: 2.39017e+07 (38.9%)
2023-02-25 04:52:24	INFO	Summary::getResult 	 spw 12 flagged: 9.17635e+06 total: 2.39017e+07 (38.4%)
2023-02-25 04:52:24	INFO	Summary::getResult 	 field J0542+4951 flagged: 2.51715e+08 total: 3.82427e+08 (65.8%)
2023-02-25 04:52:24	INFO	Summary::getResult 	 array 0 flagged: 2.51715e+08 total: 3.82427e+08 (65.8%)
2023-02-25 04:52:24	INFO	Summary::getResult 	 scan 2 flagged: 2.11459e+08 total: 3.42172e+08 (61.8%)
2023-02-25 04:52:24	INFO	Summary::getResult 	 scan 1 flagged: 4.02555e+07 total: 4.02555e+07 (100%)
2023-02-25 04:52:24	INFO	Summary::getResult 	 antenna ea28 flagged: 1.79389e+07 total: 2.83279e+07 (63.3%)
2023-02-25 04:52:24	INFO	Summary::getResult 	 antenna ea27 flagged: 2.83279e+07 total: 2.83279e+07 (100%)
2023-02-25 04:52:24	INFO	Summary::getResult 	 antenna ea24 flagged: 1.7888e+07 total: 2.83279e+07 (63.1%)
2023-02-25 04:52:24	INFO	Summary::getResult 	 antenna ea22 flagged: 1.78476e+07 total: 2.83279e+07 (63%)
2023-02-25 04:52:24	INFO	Summary::getResult 	 antenna ea18 flagged: 1.79434e+07 total: 2.83279e+07 (63.3%)
2023-02-25 04:52:24	INFO	Summary::getResult 	 antenna ea25 flagged: 2.83279e+07 total: 2.83279e+07 (100%)
2023-02-25 04:52:24	INFO	Summary::getResult 	 antenna ea17 flagged: 1.78896e+07 total: 2.83279e+07 (63.2%)
2023-02-25 04:52:24	INFO	Summary::getResult 	 antenna ea23 flagged: 1.79161e+07 total: 2.83279e+07 (63.2%)
2023-02-25 04:52:24	INFO	Summary::getResult 	 antenna ea16 flagged: 1.78078e+07 total: 2.83279e+07 (62.9%)
2023-02-25 04:52:24	INFO	Summary::getResult 	 antenna ea15 flagged: 1.78572e+07 total: 2.83279e+07 (63%)
2023-02-25 04:52:24	INFO	Summary::getResult 	 antenna ea01 flagged: 1.78164e+07 total: 2.83279e+07 (62.9%)
2023-02-25 04:52:24	INFO	Summary::getResult 	 antenna ea03 flagged: 1.77509e+07 total: 2.83279e+07 (62.7%)
2023-02-25 04:52:24	INFO	Summary::getResult 	 antenna ea20 flagged: 1.7895e+07 total: 2.83279e+07 (63.2%)
2023-02-25 04:52:24	INFO	Summary::getResult 	 antenna ea04 flagged: 1.78134e+07 total: 2.83279e+07 (62.9%)
2023-02-25 04:52:24	INFO	Summary::getResult 	 antenna ea10 flagged: 1.79753e+07 total: 2.83279e+07 (63.5%)
2023-02-25 04:52:24	INFO	Summary::getResult 	 antenna ea05 flagged: 1.79272e+07 total: 2.83279e+07 (63.3%)
2023-02-25 04:52:24	INFO	Summary::getResult 	 antenna ea19 flagged: 1.79119e+07 total: 2.83279e+07 (63.2%)
2023-02-25 04:52:24	INFO	Summary::getResult 	 antenna ea02 flagged: 1.78607e+07 total: 2.83279e+07 (63%)
2023-02-25 04:52:24	INFO	Summary::getResult 	 antenna ea11 flagged: 1.79081e+07 total: 2.83279e+07 (63.2%)
2023-02-25 04:52:24	INFO	Summary::getResult 	 antenna ea26 flagged: 1.7754e+07 total: 2.83279e+07 (62.7%)
2023-02-25 04:52:24	INFO	Summary::getResult 	 antenna ea06 flagged: 1.78143e+07 total: 2.83279e+07 (62.9%)
2023-02-25 04:52:24	INFO	Summary::getResult 	 antenna ea14 flagged: 1.78098e+07 total: 2.83279e+07 (62.9%)
2023-02-25 04:52:24	INFO	Summary::getResult 	 antenna ea07 flagged: 1.787e+07 total: 2.83279e+07 (63.1%)
2023-02-25 04:52:24	INFO	Summary::getResult 	 antenna ea12 flagged: 1.80043e+07 total: 2.83279e+07 (63.6%)
2023-02-25 04:52:24	INFO	Summary::getResult 	 antenna ea08 flagged: 1.78886e+07 total: 2.83279e+07 (63.1%)
2023-02-25 04:52:24	INFO	Summary::getResult 	 antenna ea13 flagged: 1.77848e+07 total: 2.83279e+07 (62.8%)
2023-02-25 04:52:24	INFO	Summary::getResult 	 antenna ea09 flagged: 1.79007e+07 total: 2.83279e+07 (63.2%)
2023-02-25 04:52:24	INFO	Summary::getResult 	 correlation LL flagged: 6.29287e+07 total: 9.56068e+07 (65.8%)
2023-02-25 04:52:24	INFO	Summary::getResult 	 correlation LR flagged: 6.29287e+07 total: 9.56068e+07 (65.8%)
2023-02-25 04:52:24	INFO	Summary::getResult 	 correlation RL flagged: 6.29287e+07 total: 9.56068e+07 (65.8%)
2023-02-25 04:52:24	INFO	Summary::getResult 	 correlation RR flagged: 6.29287e+07 total: 9.56068e+07 (65.8%)
2023-02-25 04:52:24	INFO	Summary::getResult 	 Total Flagged: 2.51715e+08 Total Counts: 3.82427e+08 (65.8%)
2023-02-25 04:52:24	INFO	flagdata::::casa	Flags are not written to the MS. (action='calculate')
2023-02-25 04:52:24	INFO	flagdata::::casa	Task flagdata complete. Start time: 2023-02-25 15:52:11.302779 End time: 2023-02-25 15:52:23.864536
2023-02-25 04:52:24	INFO	flagdata::::casa	##### End Task: flagdata             #####
2023-02-25 04:52:24	INFO	flagdata::::casa	##########################################
2023-02-25 04:52:24	INFO	applycal::::casa	##########################################
2023-02-25 04:52:24	INFO	applycal::::casa	##### Begin Task: applycal           #####
2023-02-25 04:52:24	INFO	applycal::::casa	applycal( vis='/DATA/CARINA_3/kel334/19A-056/19A-056.sb37262953.eb37267948.58744.511782789355/19A-056.sb37262953.eb37267948.58744.511782789355_hanning.ms', field='', spw='', intent='', selectdata=True, timerange='', uvrange='', antenna='', scan='', observation='', msselect='', docallib=False, callib='', gaintable=['/DATA/CARINA_3/kel334/19A-056/19A-056.sb37262953.eb37267948.58744.511782789355/caltables/19A-056.opac', '/DATA/CARINA_3/kel334/19A-056/19A-056.sb37262953.eb37267948.58744.511782789355/caltables/19A-056.rq', '/DATA/CARINA_3/kel334/19A-056/19A-056.sb37262953.eb37267948.58744.511782789355/caltables/19A-056.antpos', '/DATA/CARINA_3/kel334/19A-056/19A-056.sb37262953.eb37267948.58744.511782789355/caltables/19A-056.K1', '/DATA/CARINA_3/kel334/19A-056/19A-056.sb37262953.eb37267948.58744.511782789355/caltables/19A-056.ap.G1', '/DATA/CARINA_3/kel334/19A-056/19A-056.sb37262953.eb37267948.58744.511782789355/caltables/19A-056.B1'], gainfield=[], interp=['', '', '', '', '', 'nearest,nearestflag'], spwmap=[], calwt=[False], parang=True, applymode='calflagstrict', flagbackup=False )
2023-02-25 04:52:24	INFO	applycal::calibrater::open	****Using NEW VI2-driven calibrater tool****
2023-02-25 04:52:24	INFO	applycal::calibrater::open	Opening MS: /DATA/CARINA_3/kel334/19A-056/19A-056.sb37262953.eb37267948.58744.511782789355/19A-056.sb37262953.eb37267948.58744.511782789355_hanning.ms for calibration.
2023-02-25 04:52:24	INFO	applycal::Calibrater::	Initializing nominal selection to the whole MS.
2023-02-25 04:52:24	INFO	applycal::calibrater::setdata	Beginning selectvis--(MSSelection version)-------
2023-02-25 04:52:24	INFO	applycal::calibrater::reset	Reseting solve/apply state
2023-02-25 04:52:24	INFO	applycal::Calibrater::selectvis	Performing selection on MeasurementSet
2023-02-25 04:52:24	INFO	applycal::Calibrater::selectvis	Selection did not drop any rows
2023-02-25 04:52:24	INFO	applycal::Calibrater::selectvis	Frequency selection: Selecting all channels in all spws.
2023-02-25 04:52:24	INFO	applycal::calibrater::setdata	chanmode=none nchan=1 start=0 step=1 mStart='0km/s' mStep='0km/s' msSelect=''
2023-02-25 04:52:24	INFO	applycal::calibrater::setapply	Beginning setapply--(MSSelection version)-------
2023-02-25 04:52:24	INFO	applycal::Calibrater::setapply(type, applypar)	Arranging to APPLY:
2023-02-25 04:52:24	INFO	applycal::Calibrater::setapply(type, applypar)	.   TOpac: table=/DATA/CARINA_3/kel334/19A-056/19A-056.sb37262953.eb37267948.58744.511782789355/caltables/19A-056.opac select= interp=linear spwmap=[-1] calWt=false
2023-02-25 04:52:24	INFO	applycal::calibrater::setapply	Beginning setapply--(MSSelection version)-------
2023-02-25 04:52:24	INFO	applycal::Calibrater::setapply(type, applypar)	Arranging to APPLY:
2023-02-25 04:52:31	INFO	applycal::Calibrater::setapply(type, applypar)	.   G EVLASWPOW: table=/DATA/CARINA_3/kel334/19A-056/19A-056.sb37262953.eb37267948.58744.511782789355/caltables/19A-056.rq select= interp=linear spwmap=[-1] calWt=false
2023-02-25 04:52:31	INFO	applycal::calibrater::setapply	Beginning setapply--(MSSelection version)-------
2023-02-25 04:52:31	INFO	applycal::Calibrater::setapply(type, applypar)	Arranging to APPLY:
2023-02-25 04:52:31	INFO	applycal::::	 (KAntPos Jones: Overriding with spwmap=[0] since KAntPos Jones is not spw-dependent)
2023-02-25 04:52:31	INFO	applycal::::	No VLATrDelCorr keyword in the antpos caltable; turning trop delay correction OFF.
2023-02-25 04:52:31	INFO	applycal::Calibrater::setapply(type, applypar)	.   KAntPos Jones: table=/DATA/CARINA_3/kel334/19A-056/19A-056.sb37262953.eb37267948.58744.511782789355/caltables/19A-056.antpos select= interp=linear spwmap=[0] calWt=false
2023-02-25 04:52:31	INFO	applycal::calibrater::setapply	Beginning setapply--(MSSelection version)-------
2023-02-25 04:52:31	INFO	applycal::Calibrater::setapply(type, applypar)	Arranging to APPLY:
2023-02-25 04:52:31	INFO	applycal::Calibrater::setapply(type, applypar)	.   K Jones: table=/DATA/CARINA_3/kel334/19A-056/19A-056.sb37262953.eb37267948.58744.511782789355/caltables/19A-056.K1 select= interp=linear spwmap=[-1] calWt=false
2023-02-25 04:52:31	INFO	applycal::calibrater::setapply	Beginning setapply--(MSSelection version)-------
2023-02-25 04:52:31	INFO	applycal::Calibrater::setapply(type, applypar)	Arranging to APPLY:
2023-02-25 04:52:33	INFO	applycal::Calibrater::setapply(type, applypar)	.   G Jones: table=/DATA/CARINA_3/kel334/19A-056/19A-056.sb37262953.eb37267948.58744.511782789355/caltables/19A-056.ap.G1 select= interp=linear spwmap=[-1] calWt=false
2023-02-25 04:52:33	INFO	applycal::calibrater::setapply	Beginning setapply--(MSSelection version)-------
2023-02-25 04:52:33	INFO	applycal::Calibrater::setapply(type, applypar)	Arranging to APPLY:
2023-02-25 04:52:33	INFO	applycal::Calibrater::setapply(type, applypar)	.   B Jones: table=/DATA/CARINA_3/kel334/19A-056/19A-056.sb37262953.eb37267948.58744.511782789355/caltables/19A-056.B1 select= interp=nearest,nearestflag spwmap=[-1] calWt=false
2023-02-25 04:52:33	INFO	applycal::calibrater::setapply	Beginning setapply--(MSSelection version)-------
2023-02-25 04:52:33	INFO	applycal::Calibrater::setapply(type, applypar)	Arranging to APPLY:
2023-02-25 04:52:33	INFO	applycal::Calibrater::setapply(type, applypar)	.   P Jones <pre-computed>
2023-02-25 04:52:33	INFO	applycal::calibrater::correct	Beginning correct---------------------------
2023-02-25 04:52:33	INFO	applycal::Calibrater::correct2 (VI2/VB2)	The following calibration terms are arranged for apply:
2023-02-25 04:52:33	INFO	applycal::Calibrater::correct2 (VI2/VB2)	.   KAntPos Jones: table=/DATA/CARINA_3/kel334/19A-056/19A-056.sb37262953.eb37267948.58744.511782789355/caltables/19A-056.antpos select= interp=linear spwmap=[0] calWt=false
2023-02-25 04:52:33	INFO	applycal::Calibrater::correct2 (VI2/VB2)	.   B Jones: table=/DATA/CARINA_3/kel334/19A-056/19A-056.sb37262953.eb37267948.58744.511782789355/caltables/19A-056.B1 select= interp=nearest,nearestflag spwmap=[-1] calWt=false
2023-02-25 04:52:33	INFO	applycal::Calibrater::correct2 (VI2/VB2)	.   K Jones: table=/DATA/CARINA_3/kel334/19A-056/19A-056.sb37262953.eb37267948.58744.511782789355/caltables/19A-056.K1 select= interp=linear spwmap=[-1] calWt=false
2023-02-25 04:52:33	INFO	applycal::Calibrater::correct2 (VI2/VB2)	.   G EVLASWPOW: table=/DATA/CARINA_3/kel334/19A-056/19A-056.sb37262953.eb37267948.58744.511782789355/caltables/19A-056.rq select= interp=linear spwmap=[-1] calWt=false
2023-02-25 04:52:33	INFO	applycal::Calibrater::correct2 (VI2/VB2)	.   G Jones: table=/DATA/CARINA_3/kel334/19A-056/19A-056.sb37262953.eb37267948.58744.511782789355/caltables/19A-056.ap.G1 select= interp=linear spwmap=[-1] calWt=false
2023-02-25 04:52:33	INFO	applycal::Calibrater::correct2 (VI2/VB2)	.   P Jones <pre-computed>
2023-02-25 04:52:33	INFO	applycal::Calibrater::correct2 (VI2/VB2)	.   TOpac: table=/DATA/CARINA_3/kel334/19A-056/19A-056.sb37262953.eb37267948.58744.511782789355/caltables/19A-056.opac select= interp=linear spwmap=[-1] calWt=false
2023-02-25 04:54:19	WARN	applycal::Calibrater::correct2 (VI2/VB2)	Spectral window(s) 0, 1, 2, 3, 4, 8, 9, 
2023-02-25 04:54:19	WARN	applycal::Calibrater::correct2 (VI2/VB2)+	  could not be corrected due to missing (pre-)calibration
2023-02-25 04:54:19	WARN	applycal::Calibrater::correct2 (VI2/VB2)+	    in one or more of the specified tables.
2023-02-25 04:54:19	WARN	applycal::Calibrater::correct2 (VI2/VB2)+	    These spws have been flagged!
2023-02-25 04:54:19	INFO	applycal::calibrater::correct	Finished correcting.
2023-02-25 04:54:19	INFO	applycal::::casa	Calibration apply flagging statistics (among calibrateable spws):
2023-02-25 04:54:19	INFO	applycal::::casa	  Total visibilities selected for correction (ncorr x nchan x nrow summed over spws) = 880678656
2023-02-25 04:54:19	INFO	applycal::::casa	  Flags:
2023-02-25 04:54:19	INFO	applycal::::casa	   KAntPos Jones: In: 298151701 / 880678656   (33.85476631785204%) --> Out: 298151701 / 880678656   (33.85476631785204%) (/DATA/CARINA_3/kel334/19A-056/19A-056.sb37262953.eb37267948.58744.511782789355/caltables/19A-056.antpos)
2023-02-25 04:54:19	INFO	applycal::::casa	   B Jones: In: 298151701 / 880678656   (33.85476631785204%) --> Out: 299064553 / 880678656   (33.95841956228811%) (/DATA/CARINA_3/kel334/19A-056/19A-056.sb37262953.eb37267948.58744.511782789355/caltables/19A-056.B1)
2023-02-25 04:54:19	INFO	applycal::::casa	   K Jones: In: 299064553 / 880678656   (33.95841956228811%) --> Out: 299064553 / 880678656   (33.95841956228811%) (/DATA/CARINA_3/kel334/19A-056/19A-056.sb37262953.eb37267948.58744.511782789355/caltables/19A-056.K1)
2023-02-25 04:54:19	INFO	applycal::::casa	   G EVLASWPOW: In: 299064553 / 880678656   (33.95841956228811%) --> Out: 299064553 / 880678656   (33.95841956228811%) (/DATA/CARINA_3/kel334/19A-056/19A-056.sb37262953.eb37267948.58744.511782789355/caltables/19A-056.rq)
2023-02-25 04:54:19	INFO	applycal::::casa	   G Jones: In: 299064553 / 880678656   (33.95841956228811%) --> Out: 299165081 / 880678656   (33.969834395532345%) (/DATA/CARINA_3/kel334/19A-056/19A-056.sb37262953.eb37267948.58744.511782789355/caltables/19A-056.ap.G1)
2023-02-25 04:54:19	INFO	applycal::::casa	   P Jones: In: 299165081 / 880678656   (33.969834395532345%) --> Out: 299165081 / 880678656   (33.969834395532345%)
2023-02-25 04:54:19	INFO	applycal::::casa	   TOpac: In: 299165081 / 880678656   (33.969834395532345%) --> Out: 299165081 / 880678656   (33.969834395532345%) (/DATA/CARINA_3/kel334/19A-056/19A-056.sb37262953.eb37267948.58744.511782789355/caltables/19A-056.opac)
2023-02-25 04:54:21	INFO	applycal::::casa	Task applycal complete. Start time: 2023-02-25 15:52:23.866847 End time: 2023-02-25 15:54:21.111100
2023-02-25 04:54:21	INFO	applycal::::casa	##### End Task: applycal             #####
2023-02-25 04:54:21	INFO	applycal::::casa	##########################################
2023-02-25 04:54:21	INFO	flagmanager::::casa	##########################################
2023-02-25 04:54:21	INFO	flagmanager::::casa	##### Begin Task: flagmanager        #####
2023-02-25 04:54:21	INFO	flagmanager::::casa	flagmanager( vis='/DATA/CARINA_3/kel334/19A-056/19A-056.sb37262953.eb37267948.58744.511782789355/19A-056.sb37262953.eb37267948.58744.511782789355_hanning.ms', mode='delete', versionname='after_initcal_round_1_flags', oldname='', comment='', merge='replace' )
2023-02-25 04:54:21	INFO	flagmanager::AgentFlagger::open	Table type is Measurement Set
2023-02-25 04:54:21	WARN	flagmanager::FlagVersion::saveFlagVersion	Deleting version: after_initcal_round_1_flags
2023-02-25 04:54:23	INFO	flagmanager::::casa	Task flagmanager complete. Start time: 2023-02-25 15:54:21.112085 End time: 2023-02-25 15:54:23.210973
2023-02-25 04:54:23	INFO	flagmanager::::casa	##### End Task: flagmanager          #####
2023-02-25 04:54:23	INFO	flagmanager::::casa	##########################################
2023-02-25 04:54:23	INFO	flagmanager::::casa	##########################################
2023-02-25 04:54:23	INFO	flagmanager::::casa	##### Begin Task: flagmanager        #####
2023-02-25 04:54:23	INFO	flagmanager::::casa	flagmanager( vis='/DATA/CARINA_3/kel334/19A-056/19A-056.sb37262953.eb37267948.58744.511782789355/19A-056.sb37262953.eb37267948.58744.511782789355_hanning.ms', mode='save', versionname='after_initcal_round_1_flags', oldname='', comment='', merge='replace' )
2023-02-25 04:54:23	INFO	flagmanager::AgentFlagger::open	Table type is Measurement Set
2023-02-25 04:54:23	INFO	flagmanager::::casa	Save current flagversions to after_initcal_round_1_flags
2023-02-25 04:54:23	INFO	FlagVersion::saveFlagVersion	Creating new backup flag file called after_initcal_round_1_flags
2023-02-25 04:54:30	INFO	flagmanager::::casa	Task flagmanager complete. Start time: 2023-02-25 15:54:23.211747 End time: 2023-02-25 15:54:29.507913
2023-02-25 04:54:30	INFO	flagmanager::::casa	##### End Task: flagmanager          #####
2023-02-25 04:54:30	INFO	flagmanager::::casa	##########################################
2023-02-25 04:54:30	INFO	flagdata::::casa	##########################################
2023-02-25 04:54:30	INFO	flagdata::::casa	##### Begin Task: flagdata           #####
2023-02-25 04:54:30	INFO	flagdata::::casa	flagdata( vis='/DATA/CARINA_3/kel334/19A-056/19A-056.sb37262953.eb37267948.58744.511782789355/19A-056.sb37262953.eb37267948.58744.511782789355_hanning.ms', mode='summary', autocorr=False, inpfile='', reason='any', tbuff=0.0, spw='', field='J0542+4951', antenna='', uvrange='', timerange='', correlation='', scan='', intent='', array='', observation='', feed='', clipminmax=[], datacolumn='DATA', clipoutside=True, channelavg=False, chanbin=1, timeavg=False, timebin='0s', clipzeros=False, quackinterval=1.0, quackmode='beg', quackincrement=False, tolerance=0.0, addantenna='', lowerlimit=0.0, upperlimit=90.0, ntime='scan', combinescans=False, timecutoff=4.0, freqcutoff=3.0, timefit='line', freqfit='poly', maxnpieces=7, flagdimension='freqtime', usewindowstats='none', halfwin=1, extendflags=True, winsize=3, timedev='', freqdev='', timedevscale=5.0, freqdevscale=5.0, spectralmax=1000000.0, spectralmin=0.0, antint_ref_antenna='', minchanfrac=0.6, verbose=False, extendpols=True, growtime=50.0, growfreq=50.0, growaround=False, flagneartime=False, flagnearfreq=False, minrel=0.0, maxrel=1.0, minabs=0, maxabs=-1, spwchan=False, spwcorr=False, basecnt=False, fieldcnt=False, name='after_initcal_round_1_flagging', action='apply', display='', flagbackup=True, savepars=False, cmdreason='', outfile='', overwrite=True, writeflags=True )
2023-02-25 04:54:30	INFO	AgentFlagger::open	Table type is Measurement Set
2023-02-25 04:54:30	INFO	flagdata::::casa	Summary mode is active
2023-02-25 04:54:30	INFO	flagdata::::casa	Initializing the agents
2023-02-25 04:54:30	INFO	AgentFlagger::initAgents	There are initially 1 agents in the list. Agents: summary
2023-02-25 04:54:30	INFO	Summary::setAgentParameters 	 display is: 
2023-02-25 04:54:30	INFO	AgentFlagger::initAgents	There are 1 valid agents in the list. Agents: summary
2023-02-25 04:54:30	INFO	flagdata::::casa	Running the agentflagger tool
2023-02-25 04:54:30	INFO	FlagMSHandler::	Chunk = 1 [progress: 0%], Observation = 0, Array = 0, Scan = 1, Field = 0 (J0542+4951), Spw = 0, Channels = 64, Corrs = [ RR RL LR LL ], Total Rows = 9828
2023-02-25 04:54:33	INFO	FlagMSHandler::	Chunk = 16 [progress: 10%], Observation = 0, Array = 0, Scan = 1, Field = 0 (J0542+4951), Spw = 15, Channels = 64, Corrs = [ RR RL LR LL ], Total Rows = 9828
2023-02-25 04:54:34	INFO	FlagMSHandler::	Chunk = 18 [progress: 21%], Observation = 0, Array = 0, Scan = 2, Field = 0 (J0542+4951), Spw = 1, Channels = 64, Corrs = [ RR RL LR LL ], Total Rows = 83538
2023-02-25 04:54:35	INFO	FlagMSHandler::	Chunk = 20 [progress: 32%], Observation = 0, Array = 0, Scan = 2, Field = 0 (J0542+4951), Spw = 3, Channels = 64, Corrs = [ RR RL LR LL ], Total Rows = 83538
2023-02-25 04:54:36	INFO	FlagMSHandler::	Chunk = 22 [progress: 44%], Observation = 0, Array = 0, Scan = 2, Field = 0 (J0542+4951), Spw = 5, Channels = 64, Corrs = [ RR RL LR LL ], Total Rows = 83538
2023-02-25 04:54:37	INFO	FlagMSHandler::	Chunk = 24 [progress: 55%], Observation = 0, Array = 0, Scan = 2, Field = 0 (J0542+4951), Spw = 7, Channels = 64, Corrs = [ RR RL LR LL ], Total Rows = 83538
2023-02-25 04:54:38	INFO	FlagMSHandler::	Chunk = 25 [progress: 60%], Observation = 0, Array = 0, Scan = 2, Field = 0 (J0542+4951), Spw = 8, Channels = 64, Corrs = [ RR RL LR LL ], Total Rows = 83538
2023-02-25 04:54:39	INFO	FlagMSHandler::	Chunk = 27 [progress: 72%], Observation = 0, Array = 0, Scan = 2, Field = 0 (J0542+4951), Spw = 10, Channels = 64, Corrs = [ RR RL LR LL ], Total Rows = 83538
2023-02-25 04:54:40	INFO	FlagMSHandler::	Chunk = 29 [progress: 83%], Observation = 0, Array = 0, Scan = 2, Field = 0 (J0542+4951), Spw = 12, Channels = 64, Corrs = [ RR RL LR LL ], Total Rows = 83538
2023-02-25 04:54:41	INFO	FlagMSHandler::	Chunk = 31 [progress: 94%], Observation = 0, Array = 0, Scan = 2, Field = 0 (J0542+4951), Spw = 14, Channels = 64, Corrs = [ RR RL LR LL ], Total Rows = 83538
2023-02-25 04:54:42	INFO	FlagMSHandler::	Chunk = 32 [progress: 100%], Observation = 0, Array = 0, Scan = 2, Field = 0 (J0542+4951), Spw = 15, Channels = 64, Corrs = [ RR RL LR LL ], Total Rows = 83538
2023-02-25 04:54:42	INFO	FlagMSHandler::nextChunk 	==================================================================================== 
2023-02-25 04:54:42	INFO	Summary::getResult 	 observation 0 flagged: 2.51827e+08 total: 3.82427e+08 (65.8%)
2023-02-25 04:54:42	INFO	Summary::getResult 	 spw 14 flagged: 9.39577e+06 total: 2.39017e+07 (39.3%)
2023-02-25 04:54:42	INFO	Summary::getResult 	 spw 15 flagged: 9.14021e+06 total: 2.39017e+07 (38.2%)
2023-02-25 04:54:42	INFO	Summary::getResult 	 spw 13 flagged: 9.16228e+06 total: 2.39017e+07 (38.3%)
2023-02-25 04:54:42	INFO	Summary::getResult 	 spw 10 flagged: 1.00696e+07 total: 2.39017e+07 (42.1%)
2023-02-25 04:54:42	INFO	Summary::getResult 	 spw 3 flagged: 2.39017e+07 total: 2.39017e+07 (100%)
2023-02-25 04:54:42	INFO	Summary::getResult 	 spw 5 flagged: 9.85245e+06 total: 2.39017e+07 (41.2%)
2023-02-25 04:54:42	INFO	Summary::getResult 	 spw 2 flagged: 2.39017e+07 total: 2.39017e+07 (100%)
2023-02-25 04:54:42	INFO	Summary::getResult 	 spw 4 flagged: 2.39017e+07 total: 2.39017e+07 (100%)
2023-02-25 04:54:42	INFO	Summary::getResult 	 spw 6 flagged: 9.22769e+06 total: 2.39017e+07 (38.6%)
2023-02-25 04:54:42	INFO	Summary::getResult 	 spw 7 flagged: 9.19078e+06 total: 2.39017e+07 (38.5%)
2023-02-25 04:54:42	INFO	Summary::getResult 	 spw 8 flagged: 2.39017e+07 total: 2.39017e+07 (100%)
2023-02-25 04:54:42	INFO	Summary::getResult 	 spw 0 flagged: 2.39017e+07 total: 2.39017e+07 (100%)
2023-02-25 04:54:42	INFO	Summary::getResult 	 spw 1 flagged: 2.39017e+07 total: 2.39017e+07 (100%)
2023-02-25 04:54:42	INFO	Summary::getResult 	 spw 9 flagged: 2.39017e+07 total: 2.39017e+07 (100%)
2023-02-25 04:54:42	INFO	Summary::getResult 	 spw 11 flagged: 9.30001e+06 total: 2.39017e+07 (38.9%)
2023-02-25 04:54:42	INFO	Summary::getResult 	 spw 12 flagged: 9.17635e+06 total: 2.39017e+07 (38.4%)
2023-02-25 04:54:42	INFO	Summary::getResult 	 field J0542+4951 flagged: 2.51827e+08 total: 3.82427e+08 (65.8%)
2023-02-25 04:54:42	INFO	Summary::getResult 	 array 0 flagged: 2.51827e+08 total: 3.82427e+08 (65.8%)
2023-02-25 04:54:42	INFO	Summary::getResult 	 scan 2 flagged: 2.11571e+08 total: 3.42172e+08 (61.8%)
2023-02-25 04:54:42	INFO	Summary::getResult 	 scan 1 flagged: 4.02555e+07 total: 4.02555e+07 (100%)
2023-02-25 04:54:42	INFO	Summary::getResult 	 antenna ea28 flagged: 1.79468e+07 total: 2.83279e+07 (63.4%)
2023-02-25 04:54:42	INFO	Summary::getResult 	 antenna ea27 flagged: 2.83279e+07 total: 2.83279e+07 (100%)
2023-02-25 04:54:42	INFO	Summary::getResult 	 antenna ea24 flagged: 1.7896e+07 total: 2.83279e+07 (63.2%)
2023-02-25 04:54:42	INFO	Summary::getResult 	 antenna ea22 flagged: 1.78532e+07 total: 2.83279e+07 (63%)
2023-02-25 04:54:42	INFO	Summary::getResult 	 antenna ea18 flagged: 1.79492e+07 total: 2.83279e+07 (63.4%)
2023-02-25 04:54:42	INFO	Summary::getResult 	 antenna ea25 flagged: 2.83279e+07 total: 2.83279e+07 (100%)
2023-02-25 04:54:42	INFO	Summary::getResult 	 antenna ea17 flagged: 1.78972e+07 total: 2.83279e+07 (63.2%)
2023-02-25 04:54:42	INFO	Summary::getResult 	 antenna ea23 flagged: 1.79219e+07 total: 2.83279e+07 (63.3%)
2023-02-25 04:54:42	INFO	Summary::getResult 	 antenna ea16 flagged: 1.78152e+07 total: 2.83279e+07 (62.9%)
2023-02-25 04:54:42	INFO	Summary::getResult 	 antenna ea15 flagged: 1.78659e+07 total: 2.83279e+07 (63.1%)
2023-02-25 04:54:42	INFO	Summary::getResult 	 antenna ea01 flagged: 1.78222e+07 total: 2.83279e+07 (62.9%)
2023-02-25 04:54:42	INFO	Summary::getResult 	 antenna ea03 flagged: 1.77594e+07 total: 2.83279e+07 (62.7%)
2023-02-25 04:54:42	INFO	Summary::getResult 	 antenna ea20 flagged: 1.79032e+07 total: 2.83279e+07 (63.2%)
2023-02-25 04:54:42	INFO	Summary::getResult 	 antenna ea04 flagged: 1.78202e+07 total: 2.83279e+07 (62.9%)
2023-02-25 04:54:42	INFO	Summary::getResult 	 antenna ea10 flagged: 1.79919e+07 total: 2.83279e+07 (63.5%)
2023-02-25 04:54:42	INFO	Summary::getResult 	 antenna ea05 flagged: 1.79383e+07 total: 2.83279e+07 (63.3%)
2023-02-25 04:54:42	INFO	Summary::getResult 	 antenna ea19 flagged: 1.79212e+07 total: 2.83279e+07 (63.3%)
2023-02-25 04:54:42	INFO	Summary::getResult 	 antenna ea02 flagged: 1.78775e+07 total: 2.83279e+07 (63.1%)
2023-02-25 04:54:42	INFO	Summary::getResult 	 antenna ea11 flagged: 1.79242e+07 total: 2.83279e+07 (63.3%)
2023-02-25 04:54:42	INFO	Summary::getResult 	 antenna ea26 flagged: 1.77647e+07 total: 2.83279e+07 (62.7%)
2023-02-25 04:54:42	INFO	Summary::getResult 	 antenna ea06 flagged: 1.78226e+07 total: 2.83279e+07 (62.9%)
2023-02-25 04:54:42	INFO	Summary::getResult 	 antenna ea14 flagged: 1.78184e+07 total: 2.83279e+07 (62.9%)
2023-02-25 04:54:42	INFO	Summary::getResult 	 antenna ea07 flagged: 1.78774e+07 total: 2.83279e+07 (63.1%)
2023-02-25 04:54:42	INFO	Summary::getResult 	 antenna ea12 flagged: 1.80159e+07 total: 2.83279e+07 (63.6%)
2023-02-25 04:54:42	INFO	Summary::getResult 	 antenna ea08 flagged: 1.78965e+07 total: 2.83279e+07 (63.2%)
2023-02-25 04:54:42	INFO	Summary::getResult 	 antenna ea13 flagged: 1.77924e+07 total: 2.83279e+07 (62.8%)
2023-02-25 04:54:42	INFO	Summary::getResult 	 antenna ea09 flagged: 1.79069e+07 total: 2.83279e+07 (63.2%)
2023-02-25 04:54:42	INFO	Summary::getResult 	 correlation LL flagged: 6.29567e+07 total: 9.56068e+07 (65.8%)
2023-02-25 04:54:42	INFO	Summary::getResult 	 correlation LR flagged: 6.29567e+07 total: 9.56068e+07 (65.8%)
2023-02-25 04:54:42	INFO	Summary::getResult 	 correlation RL flagged: 6.29567e+07 total: 9.56068e+07 (65.8%)
2023-02-25 04:54:42	INFO	Summary::getResult 	 correlation RR flagged: 6.29567e+07 total: 9.56068e+07 (65.8%)
2023-02-25 04:54:42	INFO	Summary::getResult 	 Total Flagged: 2.51827e+08 Total Counts: 3.82427e+08 (65.8%)
2023-02-25 04:54:42	INFO	flagdata::::casa	Flags are not written to the MS. (action='calculate')
2023-02-25 04:54:42	INFO	flagdata::::casa	Task flagdata complete. Start time: 2023-02-25 15:54:29.532153 End time: 2023-02-25 15:54:42.292870
2023-02-25 04:54:42	INFO	flagdata::::casa	##### End Task: flagdata             #####
2023-02-25 04:54:42	INFO	flagdata::::casa	##########################################
2023-02-25 04:54:42	INFO	msmetadata_cmpt.cc::open	Performing internal consistency checks on /DATA/CARINA_3/kel334/19A-056/19A-056.sb37262953.eb37267948.58744.511782789355/19A-056.sb37262953.eb37267948.58744.511782789355_hanning.ms...
2023-02-25 04:54:43	INFO	flagmanager::::casa	##########################################
2023-02-25 04:54:43	INFO	flagmanager::::casa	##### Begin Task: flagmanager        #####
2023-02-25 04:54:43	INFO	flagmanager::::casa	flagmanager( vis='/DATA/CARINA_3/kel334/19A-056/19A-056.sb37262953.eb37267948.58744.511782789355/19A-056.sb37262953.eb37267948.58744.511782789355_hanning.ms', mode='restore', versionname='after_fluxcal_round_1_flags', oldname='', comment='', merge='replace' )
2023-02-25 04:54:43	INFO	flagmanager::AgentFlagger::open	Table type is Measurement Set
2023-02-25 04:54:43	INFO	flagmanager::::casa	Restore flagversions after_fluxcal_round_1_flags
2023-02-25 04:55:03	INFO	flagmanager::::casa	Task flagmanager complete. Start time: 2023-02-25 15:54:42.528849 End time: 2023-02-25 15:55:03.224083
2023-02-25 04:55:03	INFO	flagmanager::::casa	##### End Task: flagmanager          #####
2023-02-25 04:55:03	INFO	flagmanager::::casa	##########################################
2023-02-25 04:55:03	INFO	flagmanager::::casa	##########################################
2023-02-25 04:55:03	INFO	flagmanager::::casa	##### Begin Task: flagmanager        #####
2023-02-25 04:55:03	INFO	flagmanager::::casa	flagmanager( vis='/DATA/CARINA_3/kel334/19A-056/19A-056.sb37262953.eb37267948.58744.511782789355/19A-056.sb37262953.eb37267948.58744.511782789355_hanning.ms', mode='restore', versionname='after_phasecal_round_0_flags', oldname='', comment='', merge='replace' )
2023-02-25 04:55:03	INFO	flagmanager::AgentFlagger::open	Table type is Measurement Set
2023-02-25 04:55:03	INFO	flagmanager::::casa	Restore flagversions after_phasecal_round_0_flags
2023-02-25 04:55:25	INFO	flagmanager::::casa	Task flagmanager complete. Start time: 2023-02-25 15:55:03.227481 End time: 2023-02-25 15:55:24.578293
2023-02-25 04:55:25	INFO	flagmanager::::casa	##### End Task: flagmanager          #####
2023-02-25 04:55:25	INFO	flagmanager::::casa	##########################################
2023-02-25 04:55:25	INFO	msmetadata_cmpt.cc::open	Performing internal consistency checks on /DATA/CARINA_3/kel334/19A-056/19A-056.sb37262953.eb37267948.58744.511782789355/19A-056.sb37262953.eb37267948.58744.511782789355_hanning.ms...
2023-02-25 04:55:25	INFO	msmetadata_cmpt.cc::open	Performing internal consistency checks on /DATA/CARINA_3/kel334/19A-056/19A-056.sb37262953.eb37267948.58744.511782789355/calibrators.ms...
2023-02-25 04:55:25	WARN	msmetadata_cmpt.cc::fieldsforintent	No intent 'OBSERVE_TARGET#UNSPECIFIED' exists in this dataset.
2023-02-25 04:55:25	INFO	msmetadata_cmpt.cc::open	Performing internal consistency checks on /DATA/CARINA_3/kel334/19A-056/19A-056.sb37262953.eb37267948.58744.511782789355/calibrators.ms...
2023-02-25 04:55:25	WARN	msmetadata_cmpt.cc::fieldsforintent	No intent 'OBSERVE_TARGET#UNSPECIFIED' exists in this dataset.
2023-02-25 04:55:25	INFO	flagmanager::::casa	##########################################
2023-02-25 04:55:25	INFO	flagmanager::::casa	##### Begin Task: flagmanager        #####
2023-02-25 04:55:25	INFO	flagmanager::::casa	flagmanager( vis='/DATA/CARINA_3/kel334/19A-056/19A-056.sb37262953.eb37267948.58744.511782789355/19A-056.sb37262953.eb37267948.58744.511782789355_hanning.ms', mode='restore', versionname='after_phasecal_round_1_flags', oldname='', comment='', merge='replace' )
2023-02-25 04:55:25	INFO	flagmanager::AgentFlagger::open	Table type is Measurement Set
2023-02-25 04:55:25	INFO	flagmanager::::casa	Restore flagversions after_phasecal_round_1_flags
2023-02-25 04:55:46	INFO	flagmanager::::casa	Task flagmanager complete. Start time: 2023-02-25 15:55:24.900799 End time: 2023-02-25 15:55:45.841192
2023-02-25 04:55:46	INFO	flagmanager::::casa	##### End Task: flagmanager          #####
2023-02-25 04:55:46	INFO	flagmanager::::casa	##########################################
